<?xml version="1.0" encoding="UTF-8"?>
<testsuite name="TestSuite" time="10,429.869" tests="1" errors="0" skipped="0" failures="1">
  <properties>
    <property name="java.runtime.name" value="Java(TM) SE Runtime Environment"/>
    <property name="sun.boot.library.path" value="E:\Softwares\Java-32bit\jdk1.8.0_121\jre\bin"/>
    <property name="java.vm.version" value="25.121-b13"/>
    <property name="user.country.format" value="SE"/>
    <property name="java.vm.vendor" value="Oracle Corporation"/>
    <property name="maven.multiModuleProjectDirectory" value="E:\E2EMM_Automation\telia.testautomation.test"/>
    <property name="java.vendor.url" value="http://java.oracle.com/"/>
    <property name="path.separator" value=";"/>
    <property name="guice.disable.misplaced.annotation.check" value="true"/>
    <property name="java.vm.name" value="Java HotSpot(TM) Client VM"/>
    <property name="file.encoding.pkg" value="sun.io"/>
    <property name="user.script" value=""/>
    <property name="user.country" value="US"/>
    <property name="sun.java.launcher" value="SUN_STANDARD"/>
    <property name="sun.os.patch.level" value=""/>
    <property name="java.vm.specification.name" value="Java Virtual Machine Specification"/>
    <property name="user.dir" value="E:\E2EMM_Automation\telia.testautomation.test"/>
    <property name="java.runtime.version" value="1.8.0_121-b13"/>
    <property name="java.awt.graphicsenv" value="sun.awt.Win32GraphicsEnvironment"/>
    <property name="java.endorsed.dirs" value="E:\Softwares\Java-32bit\jdk1.8.0_121\jre\lib\endorsed"/>
    <property name="os.arch" value="x86"/>
    <property name="java.io.tmpdir" value="C:\Users\MKG761\AppData\Local\Temp\"/>
    <property name="line.separator" value="&#10;"/>
    <property name="java.vm.specification.vendor" value="Oracle Corporation"/>
    <property name="user.variant" value=""/>
    <property name="os.name" value="Windows NT (unknown)"/>
    <property name="suiteXmlFile" value="src/test/resources/testSuites/testng.xml"/>
    <property name="classworlds.conf" value="E:\Softwares\apache-maven-3.6.0\bin\..\bin\m2.conf"/>
    <property name="sun.jnu.encoding" value="Cp1252"/>
    <property name="java.library.path" value="E:\Softwares\Java-32bit\jdk1.8.0_121\bin;C:\WINDOWS\Sun\Java\bin;C:\WINDOWS\system32;C:\WINDOWS;C:\Program Files (x86)\Common Files\Oracle\Java\javapath;C:\WINDOWS\system32;C:\WINDOWS;C:\WINDOWS\System32\Wbem;C:\WINDOWS\System32\WindowsPowerShell\v1.0\;C:\PROGRA~1\BMCSOF~1\Patrol3\bin;C:\Program Files\BMC Software\Patrol3\bin\patrol_x86;E:\Softwares\Java-32bit\jdk1.8.0_121;C:\Users\MKG761\AppData\Local\Microsoft\WindowsApps;."/>
    <property name="maven.conf" value="E:\Softwares\apache-maven-3.6.0\bin\../conf"/>
    <property name="java.specification.name" value="Java Platform API Specification"/>
    <property name="java.class.version" value="52.0"/>
    <property name="sun.management.compiler" value="HotSpot Client Compiler"/>
    <property name="os.version" value="10.0"/>
    <property name="library.jansi.path" value="E:\Softwares\apache-maven-3.6.0\bin\..\lib\jansi-native"/>
    <property name="user.home" value="C:\Users\MKG761"/>
    <property name="user.timezone" value="Europe/Berlin"/>
    <property name="java.awt.printerjob" value="sun.awt.windows.WPrinterJob"/>
    <property name="java.specification.version" value="1.8"/>
    <property name="file.encoding" value="Cp1252"/>
    <property name="user.name" value="MKG761"/>
    <property name="java.class.path" value="E:\Softwares\apache-maven-3.6.0\bin\..\boot\plexus-classworlds-2.5.2.jar"/>
    <property name="java.vm.specification.version" value="1.8"/>
    <property name="sun.arch.data.model" value="32"/>
    <property name="java.home" value="E:\Softwares\Java-32bit\jdk1.8.0_121\jre"/>
    <property name="sun.java.command" value="org.codehaus.plexus.classworlds.launcher.Launcher -o clean test -DsuiteXmlFile=src/test/resources/testSuites/testng.xml"/>
    <property name="java.specification.vendor" value="Oracle Corporation"/>
    <property name="user.language" value="en"/>
    <property name="user.language.format" value="sv"/>
    <property name="awt.toolkit" value="sun.awt.windows.WToolkit"/>
    <property name="java.vm.info" value="mixed mode"/>
    <property name="java.version" value="1.8.0_121"/>
    <property name="java.ext.dirs" value="E:\Softwares\Java-32bit\jdk1.8.0_121\jre\lib\ext;C:\WINDOWS\Sun\Java\lib\ext"/>
    <property name="sun.boot.class.path" value="E:\Softwares\Java-32bit\jdk1.8.0_121\jre\lib\resources.jar;E:\Softwares\Java-32bit\jdk1.8.0_121\jre\lib\rt.jar;E:\Softwares\Java-32bit\jdk1.8.0_121\jre\lib\sunrsasign.jar;E:\Softwares\Java-32bit\jdk1.8.0_121\jre\lib\jsse.jar;E:\Softwares\Java-32bit\jdk1.8.0_121\jre\lib\jce.jar;E:\Softwares\Java-32bit\jdk1.8.0_121\jre\lib\charsets.jar;E:\Softwares\Java-32bit\jdk1.8.0_121\jre\lib\jfr.jar;E:\Softwares\Java-32bit\jdk1.8.0_121\jre\classes"/>
    <property name="sun.stderr.encoding" value="cp437"/>
    <property name="java.vendor" value="Oracle Corporation"/>
    <property name="maven.home" value="E:\Softwares\apache-maven-3.6.0\bin\.."/>
    <property name="file.separator" value="\"/>
    <property name="java.vendor.url.bug" value="http://bugreport.sun.com/bugreport/"/>
    <property name="sun.cpu.endian" value="little"/>
    <property name="sun.io.unicode.encoding" value="UnicodeLittle"/>
    <property name="sun.stdout.encoding" value="cp437"/>
    <property name="sun.desktop" value="windows"/>
    <property name="sun.cpu.isalist" value="pentium_pro+mmx pentium_pro pentium+mmx pentium i486 i386 i86"/>
  </properties>
  <testcase name="Migrationcheck" classname="telia.testautomation.migration.OrderStatusChange" time="10,429.869">
    <failure message="Invalid property type [ MyOrder_link ] defined in Repository" type="java.lang.AssertionError">java.lang.AssertionError: Invalid property type [ MyOrder_link ] defined in Repository
	at sun.reflect.NativeConstructorAccessorImpl.newInstance0(Native Method)
	at sun.reflect.NativeConstructorAccessorImpl.newInstance(NativeConstructorAccessorImpl.java:62)
	at sun.reflect.DelegatingConstructorAccessorImpl.newInstance(DelegatingConstructorAccessorImpl.java:45)
	at java.lang.reflect.Constructor.newInstance(Constructor.java:423)
	at org.openqa.selenium.remote.ErrorHandler.createThrowable(ErrorHandler.java:214)
	at org.openqa.selenium.remote.ErrorHandler.throwIfResponseFailed(ErrorHandler.java:166)
	at org.openqa.selenium.remote.http.JsonHttpResponseCodec.reconstructValue(JsonHttpResponseCodec.java:40)
	at org.openqa.selenium.remote.http.AbstractHttpResponseCodec.decode(AbstractHttpResponseCodec.java:80)
	at org.openqa.selenium.remote.http.AbstractHttpResponseCodec.decode(AbstractHttpResponseCodec.java:44)
	at org.openqa.selenium.remote.HttpCommandExecutor.execute(HttpCommandExecutor.java:158)
	at org.openqa.selenium.remote.service.DriverCommandExecutor.execute(DriverCommandExecutor.java:83)
	at org.openqa.selenium.remote.RemoteWebDriver.execute(RemoteWebDriver.java:552)
	at org.openqa.selenium.remote.RemoteWebDriver.findElement(RemoteWebDriver.java:323)
	at org.openqa.selenium.remote.RemoteWebDriver.findElementByXPath(RemoteWebDriver.java:428)
	at org.openqa.selenium.By$ByXPath.findElement(By.java:353)
	at org.openqa.selenium.remote.RemoteWebDriver.findElement(RemoteWebDriver.java:315)
	at coreFramework.CommonWebActions.getWebElement(CommonWebActions.java:561)
	at coreFramework.CommonWebActions$1.apply(CommonWebActions.java:749)
	at coreFramework.CommonWebActions$1.apply(CommonWebActions.java:744)
	at org.openqa.selenium.support.ui.FluentWait.until(FluentWait.java:249)
	at coreFramework.CommonWebActions.findElement(CommonWebActions.java:744)
	at coreFramework.CommonWebActions.waitUntilLoaded(CommonWebActions.java:1636)
	at telia.testautomation.migration.OrderStatusChange.Migrationcheck(OrderStatusChange.java:75)
</failure>
    <system-out>hostName: tr100testts01
loadPropertiesFile called: path = ./src/test/resources/testArtifacts/Config.properties
loadPropertiesFile called: path = ./src/test/resources/testArtifacts/ObjectRepository_Modify.properties
Order_Type
1-2185965340
Order_number
[[ChromeDriver: chrome on XP (05c0deec8070bb02c61e69e1921ba7ff)] -> xpath: (.//input[@aria-label='Status'])[1]]
Open
Open
Open
[[ChromeDriver: chrome on XP (05c0deec8070bb02c61e69e1921ba7ff)] -> xpath: (.//input[@aria-label='Fulfillment Status'])]
Failed
E:\\E2EMM_Automation\\telia.testautomation.test\\report-output\\20190401\\migration\\Migrationcheck_20190401013047548.html

E:\\E2EMM_Automation\\telia.testautomation.test\\report-output\\20190401\\migration\\Migrationcheck_20190401013047548.html

Order_Type

Order_number
[[ChromeDriver: chrome on XP (dce8a98de98f6da4a4fb84dd5a80e41a)] -> xpath: (.//input[@aria-label='Status'])[1]]
Open
Open
Open
[[ChromeDriver: chrome on XP (dce8a98de98f6da4a4fb84dd5a80e41a)] -> xpath: (.//input[@aria-label='Fulfillment Status'])]
Failed


Order_Type
1-2186976180
Order_number
[[ChromeDriver: chrome on XP (05b774a54d10508152d2303c17663e99)] -> xpath: (.//input[@aria-label='Status'])[1]]
Open
Open
Complete
[[ChromeDriver: chrome on XP (05b774a54d10508152d2303c17663e99)] -> xpath: (.//input[@aria-label='Fulfillment Status'])]
Failed

Order_Type
1-2190489770
Order_number
[[ChromeDriver: chrome on XP (6b2b870fbdaf5d3286ae960bcbcfa507)] -> xpath: (.//input[@aria-label='Status'])[1]]
Open
Open

[[ChromeDriver: chrome on XP (6b2b870fbdaf5d3286ae960bcbcfa507)] -> xpath: (.//input[@aria-label='Fulfillment Status'])]
In Progress

Order_Type
1-2190495671
Order_number
[[ChromeDriver: chrome on XP (b0e1abd1ea358307eeb4b29f596ffac7)] -> xpath: (.//input[@aria-label='Status'])[1]]
Open
Open

[[ChromeDriver: chrome on XP (b0e1abd1ea358307eeb4b29f596ffac7)] -> xpath: (.//input[@aria-label='Fulfillment Status'])]
In Progress

Order_Type
1-2186936541
Order_number
[[ChromeDriver: chrome on XP (1a0d83ae341ae5b76f638874eeba5c30)] -> xpath: (.//input[@aria-label='Status'])[1]]
Open
Open

[[ChromeDriver: chrome on XP (1a0d83ae341ae5b76f638874eeba5c30)] -> xpath: (.//input[@aria-label='Fulfillment Status'])]
Failed

Order_Type
1-2185671940
Order_number
[[ChromeDriver: chrome on XP (93d0a64afa5d9cf440b238bf132d1b97)] -> xpath: (.//input[@aria-label='Status'])[1]]
Open
Open

[[ChromeDriver: chrome on XP (93d0a64afa5d9cf440b238bf132d1b97)] -> xpath: (.//input[@aria-label='Fulfillment Status'])]
Failed

Order_Type
1-2190575466
Order_number
[[ChromeDriver: chrome on XP (a40bb5e744f804fd8a361502b270984b)] -> xpath: (.//input[@aria-label='Status'])[1]]
Cancelled
Cancelled

[[ChromeDriver: chrome on XP (a40bb5e744f804fd8a361502b270984b)] -> xpath: (.//input[@aria-label='Fulfillment Status'])]
Cancelled

Order_Type
1-2185722026
Order_number
[[ChromeDriver: chrome on XP (54b1308a9e5c9ff6764957999527435e)] -> xpath: (.//input[@aria-label='Status'])[1]]
Complete
Complete

[[ChromeDriver: chrome on XP (54b1308a9e5c9ff6764957999527435e)] -> xpath: (.//input[@aria-label='Fulfillment Status'])]
Complete

Order_Type
1-2190555974
Order_number
[[ChromeDriver: chrome on XP (5551b7f8af3fdf70e52c3397853059da)] -> xpath: (.//input[@aria-label='Status'])[1]]
Open
Open

[[ChromeDriver: chrome on XP (5551b7f8af3fdf70e52c3397853059da)] -> xpath: (.//input[@aria-label='Fulfillment Status'])]
Failed

Order_Type
1-2190564884
Order_number
[[ChromeDriver: chrome on XP (a86fc677778aea7aceff5132d0084ed7)] -> xpath: (.//input[@aria-label='Status'])[1]]
Open
Open

[[ChromeDriver: chrome on XP (a86fc677778aea7aceff5132d0084ed7)] -> xpath: (.//input[@aria-label='Fulfillment Status'])]
In Progress

Order_Type

Order_number
[[ChromeDriver: chrome on XP (a648919f6b8589c2c447686af164b2ac)] -> xpath: (.//input[@aria-label='Status'])[1]]
Open
Open

[[ChromeDriver: chrome on XP (a648919f6b8589c2c447686af164b2ac)] -> xpath: (.//input[@aria-label='Fulfillment Status'])]
In Progress

Order_Type
1-2190595343
Order_number
[[ChromeDriver: chrome on XP (af83b69edc426b54b26a54d6a2420fc9)] -> xpath: (.//input[@aria-label='Status'])[1]]
Complete
Complete

[[ChromeDriver: chrome on XP (af83b69edc426b54b26a54d6a2420fc9)] -> xpath: (.//input[@aria-label='Fulfillment Status'])]
Complete

Order_Type
1-2190604623
Order_number
[[ChromeDriver: chrome on XP (776c64a937be13fa166e5ce2468552af)] -> xpath: (.//input[@aria-label='Status'])[1]]
Complete
Complete

[[ChromeDriver: chrome on XP (776c64a937be13fa166e5ce2468552af)] -> xpath: (.//input[@aria-label='Fulfillment Status'])]
Complete

Order_Type
1-2190614113
Order_number
[[ChromeDriver: chrome on XP (7972c04d01babcbaa8ae1b86ac578779)] -> xpath: (.//input[@aria-label='Status'])[1]]
Complete
Complete

[[ChromeDriver: chrome on XP (7972c04d01babcbaa8ae1b86ac578779)] -> xpath: (.//input[@aria-label='Fulfillment Status'])]
Complete

Order_Type
1-2190626113
Order_number
[[ChromeDriver: chrome on XP (cf59a9567867c281846e6cef1e357aeb)] -> xpath: (.//input[@aria-label='Status'])[1]]
Complete
Complete

[[ChromeDriver: chrome on XP (cf59a9567867c281846e6cef1e357aeb)] -> xpath: (.//input[@aria-label='Fulfillment Status'])]
Complete

Order_Type
1-2190631613
Order_number
[[ChromeDriver: chrome on XP (089a3ffe6814662651f381c6c546d9b6)] -> xpath: (.//input[@aria-label='Status'])[1]]
Complete
Complete

[[ChromeDriver: chrome on XP (089a3ffe6814662651f381c6c546d9b6)] -> xpath: (.//input[@aria-label='Fulfillment Status'])]
Complete

Order_Type

Order_number
[[ChromeDriver: chrome on XP (a7d641a01f7872a1aa2c9100b53cb22c)] -> xpath: (.//input[@aria-label='Status'])[1]]
Complete
Complete

[[ChromeDriver: chrome on XP (a7d641a01f7872a1aa2c9100b53cb22c)] -> xpath: (.//input[@aria-label='Fulfillment Status'])]
Complete

Order_Type
1-2185634892
Order_number
[[ChromeDriver: chrome on XP (19f1d536254ba4fb0b1d0e1a3d43333a)] -> xpath: (.//input[@aria-label='Status'])[1]]
Abandoned
Abandoned

[[ChromeDriver: chrome on XP (19f1d536254ba4fb0b1d0e1a3d43333a)] -> xpath: (.//input[@aria-label='Fulfillment Status'])]


Order_Type
1-2185638142
Order_number
[[ChromeDriver: chrome on XP (49ffcfff17d47ea64209af7168982b77)] -> xpath: (.//input[@aria-label='Status'])[1]]
Open
Open

[[ChromeDriver: chrome on XP (49ffcfff17d47ea64209af7168982b77)] -> xpath: (.//input[@aria-label='Fulfillment Status'])]
Failed

Order_Type

Order_number
[[ChromeDriver: chrome on XP (d90770d9906d0b86368d389cdd628957)] -> xpath: (.//input[@aria-label='Status'])[1]]
Open
Open

[[ChromeDriver: chrome on XP (d90770d9906d0b86368d389cdd628957)] -> xpath: (.//input[@aria-label='Fulfillment Status'])]
Failed

Order_Type
1-2186168793
Order_number
[[ChromeDriver: chrome on XP (a253f8fb7d2fc4fcf41cae3d2efb5607)] -> xpath: (.//input[@aria-label='Status'])[1]]
Open
Open

[[ChromeDriver: chrome on XP (a253f8fb7d2fc4fcf41cae3d2efb5607)] -> xpath: (.//input[@aria-label='Fulfillment Status'])]
Failed

Order_Type
1-2190546440
Order_number
[[ChromeDriver: chrome on XP (f42c81063e6cbb2a55d275f82c53012a)] -> xpath: (.//input[@aria-label='Status'])[1]]
Complete
Complete

[[ChromeDriver: chrome on XP (f42c81063e6cbb2a55d275f82c53012a)] -> xpath: (.//input[@aria-label='Fulfillment Status'])]
Complete

Order_Type
1-2193688527
Order_number
[[ChromeDriver: chrome on XP (ed23c114049c9ea49f791399a3a0fc0a)] -> xpath: (.//input[@aria-label='Status'])[1]]
Open
Open

[[ChromeDriver: chrome on XP (ed23c114049c9ea49f791399a3a0fc0a)] -> xpath: (.//input[@aria-label='Fulfillment Status'])]
Failed

Order_Type
1-2193629621
Order_number
[[ChromeDriver: chrome on XP (803ea6189da3ec986a7b0fd33f60f567)] -> xpath: (.//input[@aria-label='Status'])[1]]
Open
Open

[[ChromeDriver: chrome on XP (803ea6189da3ec986a7b0fd33f60f567)] -> xpath: (.//input[@aria-label='Fulfillment Status'])]


Order_Type
1-2194657782
Order_number
[[ChromeDriver: chrome on XP (69ad63adbe510ae707a62eb511629273)] -> xpath: (.//input[@aria-label='Status'])[1]]
Open
Open

[[ChromeDriver: chrome on XP (69ad63adbe510ae707a62eb511629273)] -> xpath: (.//input[@aria-label='Fulfillment Status'])]
Failed

Order_Type
1-2194911562
Order_number
[[ChromeDriver: chrome on XP (cff4018414acb4888b16075a2f60239a)] -> xpath: (.//input[@aria-label='Status'])[1]]
Open
Open
197001180236
[[ChromeDriver: chrome on XP (cff4018414acb4888b16075a2f60239a)] -> xpath: (.//input[@aria-label='Fulfillment Status'])]
In Progress

Order_Type
1-2194930042
Order_number
[[ChromeDriver: chrome on XP (3b9303c3c05cd5709dbc75a43fd4e986)] -> xpath: (.//input[@aria-label='Status'])[1]]
Complete
Complete
196912180145
[[ChromeDriver: chrome on XP (3b9303c3c05cd5709dbc75a43fd4e986)] -> xpath: (.//input[@aria-label='Fulfillment Status'])]
Complete

Order_Type

Order_number
[[ChromeDriver: chrome on XP (9407f18adf8d144e9f18336ab24dc7a5)] -> xpath: (.//input[@aria-label='Status'])[1]]
Open
Open
194011110378
[[ChromeDriver: chrome on XP (9407f18adf8d144e9f18336ab24dc7a5)] -> xpath: (.//input[@aria-label='Fulfillment Status'])]
In Progress

Order_Type

Order_number
[[ChromeDriver: chrome on XP (d6023e77439dfe2a83e97e3015ceeb1f)] -> xpath: (.//input[@aria-label='Status'])[1]]
Pending
Pending

[[ChromeDriver: chrome on XP (d6023e77439dfe2a83e97e3015ceeb1f)] -> xpath: (.//input[@aria-label='Fulfillment Status'])]


Order_Type
1-2185965340
Order_number
[[ChromeDriver: chrome on XP (bed03af3b43508b806c174fd61c86fae)] -> xpath: (.//input[@aria-label='Status'])[1]]
Open
Open
Open
[[ChromeDriver: chrome on XP (bed03af3b43508b806c174fd61c86fae)] -> xpath: (.//input[@aria-label='Fulfillment Status'])]
Failed


Order_Type

Order_number
[[ChromeDriver: chrome on XP (56ae5c0c8647ba6dcd291f754fa616ef)] -> xpath: (.//input[@aria-label='Status'])[1]]
Open
Open
Open
[[ChromeDriver: chrome on XP (56ae5c0c8647ba6dcd291f754fa616ef)] -> xpath: (.//input[@aria-label='Fulfillment Status'])]
Failed


Order_Type
1-2186976180
Order_number
[[ChromeDriver: chrome on XP (3b9ac25d4a5832e1c0b2cabd84eec2c7)] -> xpath: (.//input[@aria-label='Status'])[1]]
Open
Open
Complete
[[ChromeDriver: chrome on XP (3b9ac25d4a5832e1c0b2cabd84eec2c7)] -> xpath: (.//input[@aria-label='Fulfillment Status'])]
Failed

Order_Type
1-2190489770
Order_number
[[ChromeDriver: chrome on XP (f60a066d7814bf8b49468f24bc0b9e79)] -> xpath: (.//input[@aria-label='Status'])[1]]
Open
Open

[[ChromeDriver: chrome on XP (f60a066d7814bf8b49468f24bc0b9e79)] -> xpath: (.//input[@aria-label='Fulfillment Status'])]
In Progress

Order_Type
1-2190495671
Order_number
[[ChromeDriver: chrome on XP (a7e4538aeb6f791513d428347edb4641)] -> xpath: (.//input[@aria-label='Status'])[1]]
Open
Open

[[ChromeDriver: chrome on XP (a7e4538aeb6f791513d428347edb4641)] -> xpath: (.//input[@aria-label='Fulfillment Status'])]
In Progress

Order_Type
1-2186936541
Order_number
[[ChromeDriver: chrome on XP (6e344c6412d04bb91da4966b6eb04f22)] -> xpath: (.//input[@aria-label='Status'])[1]]
Open
Open

[[ChromeDriver: chrome on XP (6e344c6412d04bb91da4966b6eb04f22)] -> xpath: (.//input[@aria-label='Fulfillment Status'])]
Failed

Order_Type
1-2185671940
Order_number
[[ChromeDriver: chrome on XP (bc72dcefa550ffc64300221ef38cc77e)] -> xpath: (.//input[@aria-label='Status'])[1]]
Open
Open

[[ChromeDriver: chrome on XP (bc72dcefa550ffc64300221ef38cc77e)] -> xpath: (.//input[@aria-label='Fulfillment Status'])]
Failed

Order_Type
1-2190575466
Order_number
[[ChromeDriver: chrome on XP (90153f5f6d5750bce369578d39d42e0b)] -> xpath: (.//input[@aria-label='Status'])[1]]
Cancelled
Cancelled

[[ChromeDriver: chrome on XP (90153f5f6d5750bce369578d39d42e0b)] -> xpath: (.//input[@aria-label='Fulfillment Status'])]
Cancelled

Order_Type
1-2185722026
Order_number
[[ChromeDriver: chrome on XP (13c6a3ff540e262cdd0deec863497298)] -> xpath: (.//input[@aria-label='Status'])[1]]
Complete
Complete

[[ChromeDriver: chrome on XP (13c6a3ff540e262cdd0deec863497298)] -> xpath: (.//input[@aria-label='Fulfillment Status'])]
Complete

Order_Type
1-2190555974
Order_number
[[ChromeDriver: chrome on XP (1ecf1092e765783965dc8a660226426f)] -> xpath: (.//input[@aria-label='Status'])[1]]
Open
Open

[[ChromeDriver: chrome on XP (1ecf1092e765783965dc8a660226426f)] -> xpath: (.//input[@aria-label='Fulfillment Status'])]
Failed

Order_Type
1-2190564884
Order_number
[[ChromeDriver: chrome on XP (b7fefd5473ea5d5bd8030379bf65427a)] -> xpath: (.//input[@aria-label='Status'])[1]]
Open
Open

[[ChromeDriver: chrome on XP (b7fefd5473ea5d5bd8030379bf65427a)] -> xpath: (.//input[@aria-label='Fulfillment Status'])]
In Progress

Order_Type

Order_number
[[ChromeDriver: chrome on XP (919ce3f87d451a5c0057e0a7b281473a)] -> xpath: (.//input[@aria-label='Status'])[1]]
Open
Open

[[ChromeDriver: chrome on XP (919ce3f87d451a5c0057e0a7b281473a)] -> xpath: (.//input[@aria-label='Fulfillment Status'])]
In Progress

Order_Type
1-2190595343
Order_number
[[ChromeDriver: chrome on XP (e37b04d87646f150939ffac6aefe080f)] -> xpath: (.//input[@aria-label='Status'])[1]]
Complete
Complete

[[ChromeDriver: chrome on XP (e37b04d87646f150939ffac6aefe080f)] -> xpath: (.//input[@aria-label='Fulfillment Status'])]
Complete

Order_Type
1-2190604623
Order_number
[[ChromeDriver: chrome on XP (68bce88a6123360b4f6a347c48853114)] -> xpath: (.//input[@aria-label='Status'])[1]]
Complete
Complete

[[ChromeDriver: chrome on XP (68bce88a6123360b4f6a347c48853114)] -> xpath: (.//input[@aria-label='Fulfillment Status'])]
Complete

Order_Type
1-2190614113
Order_number
[[ChromeDriver: chrome on XP (87d84d84b13f1825bc37a3042b1f85fa)] -> xpath: (.//input[@aria-label='Status'])[1]]
Complete
Complete

[[ChromeDriver: chrome on XP (87d84d84b13f1825bc37a3042b1f85fa)] -> xpath: (.//input[@aria-label='Fulfillment Status'])]
Complete

Order_Type
1-2190626113
Order_number
[[ChromeDriver: chrome on XP (fc05d47adeb383e575ed51a16f3d5728)] -> xpath: (.//input[@aria-label='Status'])[1]]
Complete
Complete

[[ChromeDriver: chrome on XP (fc05d47adeb383e575ed51a16f3d5728)] -> xpath: (.//input[@aria-label='Fulfillment Status'])]
Complete

Order_Type
1-2190631613
Order_number
[[ChromeDriver: chrome on XP (939b955ac180d7e4929d67d8004630bc)] -> xpath: (.//input[@aria-label='Status'])[1]]
Complete
Complete

[[ChromeDriver: chrome on XP (939b955ac180d7e4929d67d8004630bc)] -> xpath: (.//input[@aria-label='Fulfillment Status'])]
Complete

Order_Type

Order_number
[[ChromeDriver: chrome on XP (3bdf4b015b52daa65e67e34c6aee8358)] -> xpath: (.//input[@aria-label='Status'])[1]]
Complete
Complete

[[ChromeDriver: chrome on XP (3bdf4b015b52daa65e67e34c6aee8358)] -> xpath: (.//input[@aria-label='Fulfillment Status'])]
Complete

Order_Type
1-2185634892
Order_number
[[ChromeDriver: chrome on XP (72afd7cfb46fe83d43aab8efa11e7c71)] -> xpath: (.//input[@aria-label='Status'])[1]]
Abandoned
Abandoned

[[ChromeDriver: chrome on XP (72afd7cfb46fe83d43aab8efa11e7c71)] -> xpath: (.//input[@aria-label='Fulfillment Status'])]


Order_Type
1-2185638142
Order_number
[[ChromeDriver: chrome on XP (b8c5f6a543e0dbb028ccf4407a56ff7b)] -> xpath: (.//input[@aria-label='Status'])[1]]
Open
Open

[[ChromeDriver: chrome on XP (b8c5f6a543e0dbb028ccf4407a56ff7b)] -> xpath: (.//input[@aria-label='Fulfillment Status'])]
Failed

Order_Type

Order_number
[[ChromeDriver: chrome on XP (43f5cb1fdb008cb6faedc26cc33958dd)] -> xpath: (.//input[@aria-label='Status'])[1]]
Open
Open

[[ChromeDriver: chrome on XP (43f5cb1fdb008cb6faedc26cc33958dd)] -> xpath: (.//input[@aria-label='Fulfillment Status'])]
Failed

Order_Type
1-2186168793
Order_number
[[ChromeDriver: chrome on XP (e84f97409d3f7727614780ce8cc3dc8f)] -> xpath: (.//input[@aria-label='Status'])[1]]
Open
Open

[[ChromeDriver: chrome on XP (e84f97409d3f7727614780ce8cc3dc8f)] -> xpath: (.//input[@aria-label='Fulfillment Status'])]
Failed

Order_Type
1-2190546440
Order_number
[[ChromeDriver: chrome on XP (ebec80c41864f619e19cdad57dde6726)] -> xpath: (.//input[@aria-label='Status'])[1]]
Complete
Complete

[[ChromeDriver: chrome on XP (ebec80c41864f619e19cdad57dde6726)] -> xpath: (.//input[@aria-label='Fulfillment Status'])]
Complete

Order_Type
1-2193688527
Order_number
[[ChromeDriver: chrome on XP (6b651ae15a35bd0cccd12bbcc762dc39)] -> xpath: (.//input[@aria-label='Status'])[1]]
Open
Open

[[ChromeDriver: chrome on XP (6b651ae15a35bd0cccd12bbcc762dc39)] -> xpath: (.//input[@aria-label='Fulfillment Status'])]
Failed

Order_Type
1-2193629621
Order_number
[[ChromeDriver: chrome on XP (65d9e58f1ced39d1414d6b628bc71c7f)] -> xpath: (.//input[@aria-label='Status'])[1]]
Open
Open

[[ChromeDriver: chrome on XP (65d9e58f1ced39d1414d6b628bc71c7f)] -> xpath: (.//input[@aria-label='Fulfillment Status'])]


Order_Type
1-2194657782
Order_number
[[ChromeDriver: chrome on XP (5f2eb038483dcdfa94686d2018b98f4c)] -> xpath: (.//input[@aria-label='Status'])[1]]
Open
Open

[[ChromeDriver: chrome on XP (5f2eb038483dcdfa94686d2018b98f4c)] -> xpath: (.//input[@aria-label='Fulfillment Status'])]
Failed

Order_Type
1-2194911562
Order_number
[[ChromeDriver: chrome on XP (78ab9dfc3a41804cea2771fd6a4f7120)] -> xpath: (.//input[@aria-label='Status'])[1]]
Open
Open
197001180236
[[ChromeDriver: chrome on XP (78ab9dfc3a41804cea2771fd6a4f7120)] -> xpath: (.//input[@aria-label='Fulfillment Status'])]
In Progress

Order_Type
1-2194930042
Order_number
[[ChromeDriver: chrome on XP (e55caa96439137473182050f3c4ec5b8)] -> xpath: (.//input[@aria-label='Status'])[1]]
Complete
Complete
196912180145
[[ChromeDriver: chrome on XP (e55caa96439137473182050f3c4ec5b8)] -> xpath: (.//input[@aria-label='Fulfillment Status'])]
Complete

Order_Type

Order_number
[[ChromeDriver: chrome on XP (803001c3d1e9313e555a370dc60c8d81)] -> xpath: (.//input[@aria-label='Status'])[1]]
Open
Open
194011110378
[[ChromeDriver: chrome on XP (803001c3d1e9313e555a370dc60c8d81)] -> xpath: (.//input[@aria-label='Fulfillment Status'])]
In Progress

Order_Type

Order_number
[[ChromeDriver: chrome on XP (1a731031f914a34e323f5713efba8156)] -> xpath: (.//input[@aria-label='Status'])[1]]
Pending
Pending

[[ChromeDriver: chrome on XP (1a731031f914a34e323f5713efba8156)] -> xpath: (.//input[@aria-label='Fulfillment Status'])]


Order_Type
1-2185965340
Order_number
[[ChromeDriver: chrome on XP (a881a62bc01bbf85a94a7d03710b336e)] -> xpath: (.//input[@aria-label='Status'])[1]]
Open
Open
Open
[[ChromeDriver: chrome on XP (a881a62bc01bbf85a94a7d03710b336e)] -> xpath: (.//input[@aria-label='Fulfillment Status'])]



Order_Type

Order_number
[[ChromeDriver: chrome on XP (5698c8926051825dedeb4b608547aad5)] -> xpath: (.//input[@aria-label='Status'])[1]]
Open
Open
Open
[[ChromeDriver: chrome on XP (5698c8926051825dedeb4b608547aad5)] -> xpath: (.//input[@aria-label='Fulfillment Status'])]
Failed


Order_Type
1-2186976180
Order_number
[[ChromeDriver: chrome on XP (a790a42ffefd308bc7db5e8dd2f57774)] -> xpath: (.//input[@aria-label='Status'])[1]]
Open
Open
Complete
[[ChromeDriver: chrome on XP (a790a42ffefd308bc7db5e8dd2f57774)] -> xpath: (.//input[@aria-label='Fulfillment Status'])]
Failed

Order_Type
1-2190489770
Order_number
[[ChromeDriver: chrome on XP (fa2790f55fdb2b7b0d48e2c75c4ccd1e)] -> xpath: (.//input[@aria-label='Status'])[1]]
Open
Open

[[ChromeDriver: chrome on XP (fa2790f55fdb2b7b0d48e2c75c4ccd1e)] -> xpath: (.//input[@aria-label='Fulfillment Status'])]
In Progress

Order_Type
1-2190495671
Order_number
[[ChromeDriver: chrome on XP (40cba5537ac0f2851e50ff2e81a22570)] -> xpath: (.//input[@aria-label='Status'])[1]]
Open
Open

[[ChromeDriver: chrome on XP (40cba5537ac0f2851e50ff2e81a22570)] -> xpath: (.//input[@aria-label='Fulfillment Status'])]
In Progress

Order_Type
1-2186936541
Order_number
[[ChromeDriver: chrome on XP (1e4f77f61220b915bca46a1755188a94)] -> xpath: (.//input[@aria-label='Status'])[1]]
Open
Open

[[ChromeDriver: chrome on XP (1e4f77f61220b915bca46a1755188a94)] -> xpath: (.//input[@aria-label='Fulfillment Status'])]
Failed

Order_Type
1-2185671940
Order_number
[[ChromeDriver: chrome on XP (970a987f5fd684eba5d964c1040b021e)] -> xpath: (.//input[@aria-label='Status'])[1]]
Open
Open

[[ChromeDriver: chrome on XP (970a987f5fd684eba5d964c1040b021e)] -> xpath: (.//input[@aria-label='Fulfillment Status'])]
Failed

Order_Type
1-2190575466
Order_number
[[ChromeDriver: chrome on XP (97ddcdd102a24273187da22808c4ccb7)] -> xpath: (.//input[@aria-label='Status'])[1]]
Cancelled
Cancelled

[[ChromeDriver: chrome on XP (97ddcdd102a24273187da22808c4ccb7)] -> xpath: (.//input[@aria-label='Fulfillment Status'])]
Cancelled

Order_Type
1-2185722026
Order_number
[[ChromeDriver: chrome on XP (aab8dfca59d8f271458363f11ecb8839)] -> xpath: (.//input[@aria-label='Status'])[1]]
Complete
Complete

[[ChromeDriver: chrome on XP (aab8dfca59d8f271458363f11ecb8839)] -> xpath: (.//input[@aria-label='Fulfillment Status'])]
Complete

Order_Type
1-2190555974
Order_number
[[ChromeDriver: chrome on XP (74f0352a83764f47744959c6147617d4)] -> xpath: (.//input[@aria-label='Status'])[1]]
Open
Open

[[ChromeDriver: chrome on XP (74f0352a83764f47744959c6147617d4)] -> xpath: (.//input[@aria-label='Fulfillment Status'])]
Failed

Order_Type
1-2190564884
Order_number
[[ChromeDriver: chrome on XP (edf02b7912335a734a7e9438bd41e5fb)] -> xpath: (.//input[@aria-label='Status'])[1]]
Open
Open

[[ChromeDriver: chrome on XP (edf02b7912335a734a7e9438bd41e5fb)] -> xpath: (.//input[@aria-label='Fulfillment Status'])]
In Progress

Order_Type

Order_number
[[ChromeDriver: chrome on XP (7ccda91bab90789c4059116abefedf3a)] -> xpath: (.//input[@aria-label='Status'])[1]]
Open
Open

[[ChromeDriver: chrome on XP (7ccda91bab90789c4059116abefedf3a)] -> xpath: (.//input[@aria-label='Fulfillment Status'])]
In Progress

Order_Type
1-2190595343
Order_number
[[ChromeDriver: chrome on XP (b989a24c53886fcbf8cce503f4a23ece)] -> xpath: (.//input[@aria-label='Status'])[1]]
Complete
Complete

[[ChromeDriver: chrome on XP (b989a24c53886fcbf8cce503f4a23ece)] -> xpath: (.//input[@aria-label='Fulfillment Status'])]
Complete

Order_Type
1-2190604623
Order_number
[[ChromeDriver: chrome on XP (97f143711eccf5ad6bfd988f08be47f4)] -> xpath: (.//input[@aria-label='Status'])[1]]
Complete
Complete

[[ChromeDriver: chrome on XP (97f143711eccf5ad6bfd988f08be47f4)] -> xpath: (.//input[@aria-label='Fulfillment Status'])]
Complete

Order_Type
1-2190614113
Order_number
[[ChromeDriver: chrome on XP (5390b2013da3da14448c787d8c5e0d30)] -> xpath: (.//input[@aria-label='Status'])[1]]
Complete
Complete

[[ChromeDriver: chrome on XP (5390b2013da3da14448c787d8c5e0d30)] -> xpath: (.//input[@aria-label='Fulfillment Status'])]
Complete

Order_Type
1-2190626113
Order_number
[[ChromeDriver: chrome on XP (507380e45b57583321bb56b32d8119fa)] -> xpath: (.//input[@aria-label='Status'])[1]]
Complete
Complete

[[ChromeDriver: chrome on XP (507380e45b57583321bb56b32d8119fa)] -> xpath: (.//input[@aria-label='Fulfillment Status'])]
Complete

Order_Type
1-2190631613
Order_number
[[ChromeDriver: chrome on XP (178c713e11df5903fd73f8d7b69ebe00)] -> xpath: (.//input[@aria-label='Status'])[1]]
Complete
Complete

[[ChromeDriver: chrome on XP (178c713e11df5903fd73f8d7b69ebe00)] -> xpath: (.//input[@aria-label='Fulfillment Status'])]
Complete

Order_Type

Order_number
[[ChromeDriver: chrome on XP (f385481112c6cba4c57c0b7407b13e38)] -> xpath: (.//input[@aria-label='Status'])[1]]
Complete
Complete

[[ChromeDriver: chrome on XP (f385481112c6cba4c57c0b7407b13e38)] -> xpath: (.//input[@aria-label='Fulfillment Status'])]
Complete

Order_Type
1-2185634892
Order_number
[[ChromeDriver: chrome on XP (436fbf965639fcb7221764e92116d5b8)] -> xpath: (.//input[@aria-label='Status'])[1]]
Abandoned
Abandoned

[[ChromeDriver: chrome on XP (436fbf965639fcb7221764e92116d5b8)] -> xpath: (.//input[@aria-label='Fulfillment Status'])]


Order_Type
1-2185638142
Order_number
[[ChromeDriver: chrome on XP (9ba7716f093882ec3d814cc8e0ef5556)] -> xpath: (.//input[@aria-label='Status'])[1]]
Open
Open

[[ChromeDriver: chrome on XP (9ba7716f093882ec3d814cc8e0ef5556)] -> xpath: (.//input[@aria-label='Fulfillment Status'])]
Failed

Order_Type

Order_number
[[ChromeDriver: chrome on XP (6db39e4086567b4d6dc60b1c38e7e42b)] -> xpath: (.//input[@aria-label='Status'])[1]]
Open
Open

[[ChromeDriver: chrome on XP (6db39e4086567b4d6dc60b1c38e7e42b)] -> xpath: (.//input[@aria-label='Fulfillment Status'])]
Failed

Order_Type
1-2186168793
Order_number
[[ChromeDriver: chrome on XP (3d4977d6185fcb45679fabf38a091c7a)] -> xpath: (.//input[@aria-label='Status'])[1]]
Open
Open

[[ChromeDriver: chrome on XP (3d4977d6185fcb45679fabf38a091c7a)] -> xpath: (.//input[@aria-label='Fulfillment Status'])]
Failed

Order_Type
1-2190546440
Order_number
[[ChromeDriver: chrome on XP (ae0f427e53ad23400a9e49ddc5d8e986)] -> xpath: (.//input[@aria-label='Status'])[1]]
Complete
Complete

[[ChromeDriver: chrome on XP (ae0f427e53ad23400a9e49ddc5d8e986)] -> xpath: (.//input[@aria-label='Fulfillment Status'])]
Complete

Order_Type
1-2193688527
Order_number
[[ChromeDriver: chrome on XP (b1f52d03b0dab10f0edada0edb279be6)] -> xpath: (.//input[@aria-label='Status'])[1]]
Open
Open

[[ChromeDriver: chrome on XP (b1f52d03b0dab10f0edada0edb279be6)] -> xpath: (.//input[@aria-label='Fulfillment Status'])]
Failed

Order_Type
1-2193629621
Order_number
[[ChromeDriver: chrome on XP (2d8cd3dd19be07cb89689ce1826be119)] -> xpath: (.//input[@aria-label='Status'])[1]]
Open
Open

[[ChromeDriver: chrome on XP (2d8cd3dd19be07cb89689ce1826be119)] -> xpath: (.//input[@aria-label='Fulfillment Status'])]


Order_Type
1-2194657782
Order_number
[[ChromeDriver: chrome on XP (6859d63b1a50322fe445ab96575cf01e)] -> xpath: (.//input[@aria-label='Status'])[1]]
Open
Open

[[ChromeDriver: chrome on XP (6859d63b1a50322fe445ab96575cf01e)] -> xpath: (.//input[@aria-label='Fulfillment Status'])]
Failed

Order_Type
1-2194911562
Order_number
[[ChromeDriver: chrome on XP (f98e51bd02673b5cd84424617e7d22c4)] -> xpath: (.//input[@aria-label='Status'])[1]]
Open
Open
197001180236
[[ChromeDriver: chrome on XP (f98e51bd02673b5cd84424617e7d22c4)] -> xpath: (.//input[@aria-label='Fulfillment Status'])]
In Progress

Order_Type
1-2194930042
Order_number
[[ChromeDriver: chrome on XP (b710c1e891835bb338f3246af8aee2ab)] -> xpath: (.//input[@aria-label='Status'])[1]]
Complete
Complete
196912180145
[[ChromeDriver: chrome on XP (b710c1e891835bb338f3246af8aee2ab)] -> xpath: (.//input[@aria-label='Fulfillment Status'])]
Complete

Order_Type

Order_number
[[ChromeDriver: chrome on XP (50d2902338a06ac67c825b11348585ed)] -> xpath: (.//input[@aria-label='Status'])[1]]
Open
Open
194011110378
[[ChromeDriver: chrome on XP (50d2902338a06ac67c825b11348585ed)] -> xpath: (.//input[@aria-label='Fulfillment Status'])]
In Progress

Order_Type

Order_number
[[ChromeDriver: chrome on XP (358053df982ca348bbf9983eb8aec4a0)] -> xpath: (.//input[@aria-label='Status'])[1]]
Pending
Pending

[[ChromeDriver: chrome on XP (358053df982ca348bbf9983eb8aec4a0)] -> xpath: (.//input[@aria-label='Fulfillment Status'])]


Order_Type
1-2185965340
Order_number
[[ChromeDriver: chrome on XP (f9499d0811c24a8171d128e6481b823a)] -> xpath: (.//input[@aria-label='Status'])[1]]
Open
Open
Open
[[ChromeDriver: chrome on XP (f9499d0811c24a8171d128e6481b823a)] -> xpath: (.//input[@aria-label='Fulfillment Status'])]
Failed


Order_Type

Order_number
[[ChromeDriver: chrome on XP (1698dca6aafe6ab3814bba8a51936211)] -> xpath: (.//input[@aria-label='Status'])[1]]
Open
Open
Open
[[ChromeDriver: chrome on XP (1698dca6aafe6ab3814bba8a51936211)] -> xpath: (.//input[@aria-label='Fulfillment Status'])]
Failed


Order_Type
1-2186976180
Order_number
[[ChromeDriver: chrome on XP (3b22ee0064dc85720476aa745bb17d0a)] -> xpath: (.//input[@aria-label='Status'])[1]]
Open
Open
Complete
[[ChromeDriver: chrome on XP (3b22ee0064dc85720476aa745bb17d0a)] -> xpath: (.//input[@aria-label='Fulfillment Status'])]
Failed

Order_Type
1-2190489770
Order_number
[[ChromeDriver: chrome on XP (6278abf5e309c45d0592e4b86d0a3440)] -> xpath: (.//input[@aria-label='Status'])[1]]
Open
Open

[[ChromeDriver: chrome on XP (6278abf5e309c45d0592e4b86d0a3440)] -> xpath: (.//input[@aria-label='Fulfillment Status'])]
In Progress

Order_Type
1-2190495671
Order_number
[[ChromeDriver: chrome on XP (9b671435c5031510f08767a7869ab02a)] -> xpath: (.//input[@aria-label='Status'])[1]]
Open
Open

[[ChromeDriver: chrome on XP (9b671435c5031510f08767a7869ab02a)] -> xpath: (.//input[@aria-label='Fulfillment Status'])]
In Progress

Order_Type
1-2186936541
Order_number
[[ChromeDriver: chrome on XP (a6644b7e1748c984ea8f5dfea1918b98)] -> xpath: (.//input[@aria-label='Status'])[1]]
Open
Open

[[ChromeDriver: chrome on XP (a6644b7e1748c984ea8f5dfea1918b98)] -> xpath: (.//input[@aria-label='Fulfillment Status'])]
Failed

Order_Type
1-2185671940
Order_number
[[ChromeDriver: chrome on XP (ed9512333492eb7824aa5fca9f20ff63)] -> xpath: (.//input[@aria-label='Status'])[1]]
Open
Open

[[ChromeDriver: chrome on XP (ed9512333492eb7824aa5fca9f20ff63)] -> xpath: (.//input[@aria-label='Fulfillment Status'])]
Failed

Order_Type
1-2190575466
Order_number
[[ChromeDriver: chrome on XP (bfda1d3de61f750b115653e9c32dfede)] -> xpath: (.//input[@aria-label='Status'])[1]]
Cancelled
Cancelled

[[ChromeDriver: chrome on XP (bfda1d3de61f750b115653e9c32dfede)] -> xpath: (.//input[@aria-label='Fulfillment Status'])]
Cancelled

Order_Type
1-2185722026
Order_number
[[ChromeDriver: chrome on XP (eb508ec033427018119aee2dc43d847c)] -> xpath: (.//input[@aria-label='Status'])[1]]
Complete
Complete

[[ChromeDriver: chrome on XP (eb508ec033427018119aee2dc43d847c)] -> xpath: (.//input[@aria-label='Fulfillment Status'])]
Complete

Order_Type
1-2190555974
Order_number
[[ChromeDriver: chrome on XP (568d82b938dd08b623dc841f17221cbe)] -> xpath: (.//input[@aria-label='Status'])[1]]
Open
Open

[[ChromeDriver: chrome on XP (568d82b938dd08b623dc841f17221cbe)] -> xpath: (.//input[@aria-label='Fulfillment Status'])]
Failed

Order_Type
1-2190564884
Order_number
[[ChromeDriver: chrome on XP (0780782fa1ed4afb66f25bd33c257f29)] -> xpath: (.//input[@aria-label='Status'])[1]]
Open
Open

[[ChromeDriver: chrome on XP (0780782fa1ed4afb66f25bd33c257f29)] -> xpath: (.//input[@aria-label='Fulfillment Status'])]
In Progress

Order_Type

Order_number
[[ChromeDriver: chrome on XP (5d5a96c9a0dc59616311cc6a78ffcc84)] -> xpath: (.//input[@aria-label='Status'])[1]]
Open
Open

[[ChromeDriver: chrome on XP (5d5a96c9a0dc59616311cc6a78ffcc84)] -> xpath: (.//input[@aria-label='Fulfillment Status'])]
In Progress

Order_Type
1-2190595343
Order_number
[[ChromeDriver: chrome on XP (41d3d9543669d4e8fd3c740b339953fe)] -> xpath: (.//input[@aria-label='Status'])[1]]
Complete
Complete

[[ChromeDriver: chrome on XP (41d3d9543669d4e8fd3c740b339953fe)] -> xpath: (.//input[@aria-label='Fulfillment Status'])]
Complete

Order_Type
1-2190604623
Order_number
[[ChromeDriver: chrome on XP (0bf071ba68fac894786940eb64148f99)] -> xpath: (.//input[@aria-label='Status'])[1]]
Complete
Complete

[[ChromeDriver: chrome on XP (0bf071ba68fac894786940eb64148f99)] -> xpath: (.//input[@aria-label='Fulfillment Status'])]
Complete

Order_Type
1-2190614113
Order_number
[[ChromeDriver: chrome on XP (4f2f4cd16035248ab68526278b563002)] -> xpath: (.//input[@aria-label='Status'])[1]]
Complete
Complete

[[ChromeDriver: chrome on XP (4f2f4cd16035248ab68526278b563002)] -> xpath: (.//input[@aria-label='Fulfillment Status'])]
Complete

Order_Type
1-2190626113
Order_number
[[ChromeDriver: chrome on XP (e1e1db28ffabb74f52b595c9b78f3415)] -> xpath: (.//input[@aria-label='Status'])[1]]
Complete
Complete

[[ChromeDriver: chrome on XP (e1e1db28ffabb74f52b595c9b78f3415)] -> xpath: (.//input[@aria-label='Fulfillment Status'])]
Complete

Order_Type
1-2190631613
Order_number
[[ChromeDriver: chrome on XP (56543f4a898b9b27fcdf904e10f54b2c)] -> xpath: (.//input[@aria-label='Status'])[1]]
Complete
Complete

[[ChromeDriver: chrome on XP (56543f4a898b9b27fcdf904e10f54b2c)] -> xpath: (.//input[@aria-label='Fulfillment Status'])]
Complete

Order_Type

Order_number
[[ChromeDriver: chrome on XP (31eaaec8cf8a5b907f46bb0c68154a8d)] -> xpath: (.//input[@aria-label='Status'])[1]]
Complete
Complete

[[ChromeDriver: chrome on XP (31eaaec8cf8a5b907f46bb0c68154a8d)] -> xpath: (.//input[@aria-label='Fulfillment Status'])]
Complete

Order_Type
1-2185634892
Order_number
[[ChromeDriver: chrome on XP (0430a6c41468cccbf93dd6e0c8e2de84)] -> xpath: (.//input[@aria-label='Status'])[1]]
Abandoned
Abandoned

[[ChromeDriver: chrome on XP (0430a6c41468cccbf93dd6e0c8e2de84)] -> xpath: (.//input[@aria-label='Fulfillment Status'])]


Order_Type
1-2185638142
Order_number
[[ChromeDriver: chrome on XP (b05f3b555614dfe6ab69c75d4f5cfc10)] -> xpath: (.//input[@aria-label='Status'])[1]]
Open
Open

[[ChromeDriver: chrome on XP (b05f3b555614dfe6ab69c75d4f5cfc10)] -> xpath: (.//input[@aria-label='Fulfillment Status'])]
Failed

Order_Type

Order_number
[[ChromeDriver: chrome on XP (cc7ee7f982edcfe258903fd5d54466c7)] -> xpath: (.//input[@aria-label='Status'])[1]]
Open
Open

[[ChromeDriver: chrome on XP (cc7ee7f982edcfe258903fd5d54466c7)] -> xpath: (.//input[@aria-label='Fulfillment Status'])]
Failed

Order_Type
1-2186168793
Order_number
[[ChromeDriver: chrome on XP (a09690adcd4c5aacc2506be4c28be686)] -> xpath: (.//input[@aria-label='Status'])[1]]
Open
Open

[[ChromeDriver: chrome on XP (a09690adcd4c5aacc2506be4c28be686)] -> xpath: (.//input[@aria-label='Fulfillment Status'])]
Failed

Order_Type
1-2190546440
Order_number
[[ChromeDriver: chrome on XP (5ae118cb272b4e7848144abb452c59bd)] -> xpath: (.//input[@aria-label='Status'])[1]]
Complete
Complete

[[ChromeDriver: chrome on XP (5ae118cb272b4e7848144abb452c59bd)] -> xpath: (.//input[@aria-label='Fulfillment Status'])]
Complete

Order_Type
1-2193688527
Order_number
[[ChromeDriver: chrome on XP (89ac28e3262801111087cf68ecb44497)] -> xpath: (.//input[@aria-label='Status'])[1]]
Open
Open

[[ChromeDriver: chrome on XP (89ac28e3262801111087cf68ecb44497)] -> xpath: (.//input[@aria-label='Fulfillment Status'])]
Failed

Order_Type
1-2193629621
Order_number
[[ChromeDriver: chrome on XP (9b7b7369e6f4385ceb18bbde6eb9674e)] -> xpath: (.//input[@aria-label='Status'])[1]]
Open
Open

[[ChromeDriver: chrome on XP (9b7b7369e6f4385ceb18bbde6eb9674e)] -> xpath: (.//input[@aria-label='Fulfillment Status'])]


Order_Type
1-2194657782
Order_number
[[ChromeDriver: chrome on XP (fa0daf3367211699d1f5e83b0c0edb01)] -> xpath: (.//input[@aria-label='Status'])[1]]
Open
Open

[[ChromeDriver: chrome on XP (fa0daf3367211699d1f5e83b0c0edb01)] -> xpath: (.//input[@aria-label='Fulfillment Status'])]
Failed

Order_Type
1-2194911562
Order_number
[[ChromeDriver: chrome on XP (413bb043716343e19223ac547d1eed86)] -> xpath: (.//input[@aria-label='Status'])[1]]
Open
Open
197001180236
[[ChromeDriver: chrome on XP (413bb043716343e19223ac547d1eed86)] -> xpath: (.//input[@aria-label='Fulfillment Status'])]
In Progress

Order_Type
1-2194930042
Order_number
[[ChromeDriver: chrome on XP (5ea7f59209ce41555d9571f3df064ba9)] -> xpath: (.//input[@aria-label='Status'])[1]]
Complete
Complete
196912180145
[[ChromeDriver: chrome on XP (5ea7f59209ce41555d9571f3df064ba9)] -> xpath: (.//input[@aria-label='Fulfillment Status'])]
Complete

Order_Type

Order_number
[[ChromeDriver: chrome on XP (43923f1931883263786085283e43648d)] -> xpath: (.//input[@aria-label='Status'])[1]]
Open
Open
194011110378
[[ChromeDriver: chrome on XP (43923f1931883263786085283e43648d)] -> xpath: (.//input[@aria-label='Fulfillment Status'])]
In Progress

Order_Type

Order_number
[[ChromeDriver: chrome on XP (071e2b0f9aaa5f74d49e2c5b6055f17b)] -> xpath: (.//input[@aria-label='Status'])[1]]
Pending
Pending

[[ChromeDriver: chrome on XP (071e2b0f9aaa5f74d49e2c5b6055f17b)] -> xpath: (.//input[@aria-label='Fulfillment Status'])]


Order_Type
1-2185965340
Order_number
[[ChromeDriver: chrome on XP (2e8432f44fd4f912e2ad986622eaf68b)] -> xpath: (.//input[@aria-label='Status'])[1]]
Open
Open
Open
[[ChromeDriver: chrome on XP (2e8432f44fd4f912e2ad986622eaf68b)] -> xpath: (.//input[@aria-label='Fulfillment Status'])]
Failed


Order_Type

Order_number
[[ChromeDriver: chrome on XP (2ec0b302c55ef5efcc72e6ac47e2d63a)] -> xpath: (.//input[@aria-label='Status'])[1]]
Open
Open
Open
[[ChromeDriver: chrome on XP (2ec0b302c55ef5efcc72e6ac47e2d63a)] -> xpath: (.//input[@aria-label='Fulfillment Status'])]
Failed


Order_Type
1-2186976180
Order_number
[[ChromeDriver: chrome on XP (873872a904acb4ea15ec3700a89b99fb)] -> xpath: (.//input[@aria-label='Status'])[1]]
Open
Open
Complete
[[ChromeDriver: chrome on XP (873872a904acb4ea15ec3700a89b99fb)] -> xpath: (.//input[@aria-label='Fulfillment Status'])]
Failed

Order_Type
1-2190489770
Order_number
[[ChromeDriver: chrome on XP (844bf32165cfabf88ceefb38e3076bfd)] -> xpath: (.//input[@aria-label='Status'])[1]]
Open
Open

[[ChromeDriver: chrome on XP (844bf32165cfabf88ceefb38e3076bfd)] -> xpath: (.//input[@aria-label='Fulfillment Status'])]
In Progress

Order_Type
1-2190495671
Order_number
[[ChromeDriver: chrome on XP (69033f78b5335675ec9be1686ebe6d7a)] -> xpath: (.//input[@aria-label='Status'])[1]]
Open
Open

[[ChromeDriver: chrome on XP (69033f78b5335675ec9be1686ebe6d7a)] -> xpath: (.//input[@aria-label='Fulfillment Status'])]
In Progress

Order_Type
1-2186936541
Order_number
[[ChromeDriver: chrome on XP (50b1ec6cfb699b78c2e3f74112830ba7)] -> xpath: (.//input[@aria-label='Status'])[1]]
Open
Open

[[ChromeDriver: chrome on XP (50b1ec6cfb699b78c2e3f74112830ba7)] -> xpath: (.//input[@aria-label='Fulfillment Status'])]
Failed

Order_Type
1-2185671940
Order_number
[[ChromeDriver: chrome on XP (c361ae23ebb5c616994cbbd39d1cf691)] -> xpath: (.//input[@aria-label='Status'])[1]]
Open
Open

[[ChromeDriver: chrome on XP (c361ae23ebb5c616994cbbd39d1cf691)] -> xpath: (.//input[@aria-label='Fulfillment Status'])]
Failed

Order_Type
1-2190575466
Order_number
[[ChromeDriver: chrome on XP (758212675939163cb85b1edd1e6f85dd)] -> xpath: (.//input[@aria-label='Status'])[1]]
Cancelled
Cancelled

[[ChromeDriver: chrome on XP (758212675939163cb85b1edd1e6f85dd)] -> xpath: (.//input[@aria-label='Fulfillment Status'])]
Cancelled

Order_Type
1-2185722026
Order_number
[[ChromeDriver: chrome on XP (5c563c8380b33c9fe77a92c22d559fc1)] -> xpath: (.//input[@aria-label='Status'])[1]]
Complete
Complete

[[ChromeDriver: chrome on XP (5c563c8380b33c9fe77a92c22d559fc1)] -> xpath: (.//input[@aria-label='Fulfillment Status'])]
Complete

Order_Type
1-2190555974
Order_number
[[ChromeDriver: chrome on XP (b5aa13bfd1d7cca9ce8d4361071d8ea2)] -> xpath: (.//input[@aria-label='Status'])[1]]
Open
Open

[[ChromeDriver: chrome on XP (b5aa13bfd1d7cca9ce8d4361071d8ea2)] -> xpath: (.//input[@aria-label='Fulfillment Status'])]
Failed

Order_Type
1-2190564884
Order_number
[[ChromeDriver: chrome on XP (af8442d1d0eaedfbb699105ddd59c8fb)] -> xpath: (.//input[@aria-label='Status'])[1]]
Open
Open

[[ChromeDriver: chrome on XP (af8442d1d0eaedfbb699105ddd59c8fb)] -> xpath: (.//input[@aria-label='Fulfillment Status'])]
In Progress

Order_Type

Order_number
[[ChromeDriver: chrome on XP (2c2cbcab51b93ef74ae993c03ca43797)] -> xpath: (.//input[@aria-label='Status'])[1]]
Open
Open

[[ChromeDriver: chrome on XP (2c2cbcab51b93ef74ae993c03ca43797)] -> xpath: (.//input[@aria-label='Fulfillment Status'])]
In Progress

Order_Type
1-2190595343
Order_number
[[ChromeDriver: chrome on XP (f28dbcd5a8b5f32e282804e35d1c22db)] -> xpath: (.//input[@aria-label='Status'])[1]]
Complete
Complete

[[ChromeDriver: chrome on XP (f28dbcd5a8b5f32e282804e35d1c22db)] -> xpath: (.//input[@aria-label='Fulfillment Status'])]
Complete

Order_Type
1-2190604623
Order_number
[[ChromeDriver: chrome on XP (b97452b6fbd0650c70cfd5b3bcc42cd3)] -> xpath: (.//input[@aria-label='Status'])[1]]
Complete
Complete

[[ChromeDriver: chrome on XP (b97452b6fbd0650c70cfd5b3bcc42cd3)] -> xpath: (.//input[@aria-label='Fulfillment Status'])]
Complete

Order_Type
1-2190614113
Order_number
[[ChromeDriver: chrome on XP (9d7a38e37c653647ba528c1721e7ab33)] -> xpath: (.//input[@aria-label='Status'])[1]]
Complete
Complete

[[ChromeDriver: chrome on XP (9d7a38e37c653647ba528c1721e7ab33)] -> xpath: (.//input[@aria-label='Fulfillment Status'])]
Complete

Order_Type
1-2190626113
Order_number
[[ChromeDriver: chrome on XP (73215fb3795abaafb368307e752c2ae6)] -> xpath: (.//input[@aria-label='Status'])[1]]
Complete
Complete

[[ChromeDriver: chrome on XP (73215fb3795abaafb368307e752c2ae6)] -> xpath: (.//input[@aria-label='Fulfillment Status'])]
Complete

Order_Type
1-2190631613
Order_number
[[ChromeDriver: chrome on XP (0df7541e608f1133616cd28ae1471005)] -> xpath: (.//input[@aria-label='Status'])[1]]
Complete
Complete

[[ChromeDriver: chrome on XP (0df7541e608f1133616cd28ae1471005)] -> xpath: (.//input[@aria-label='Fulfillment Status'])]
Complete

Order_Type

Order_number
[[ChromeDriver: chrome on XP (42cd4810fbd3092f43c5a19983aa63f0)] -> xpath: (.//input[@aria-label='Status'])[1]]
Complete
Complete

[[ChromeDriver: chrome on XP (42cd4810fbd3092f43c5a19983aa63f0)] -> xpath: (.//input[@aria-label='Fulfillment Status'])]
Complete

Order_Type
1-2185634892
Order_number
[[ChromeDriver: chrome on XP (b01b943a94efa7245f0ec35b317655e1)] -> xpath: (.//input[@aria-label='Status'])[1]]
Abandoned
Abandoned

[[ChromeDriver: chrome on XP (b01b943a94efa7245f0ec35b317655e1)] -> xpath: (.//input[@aria-label='Fulfillment Status'])]


Order_Type
1-2185638142
Order_number
[[ChromeDriver: chrome on XP (4447e5a1a9149e7e209cd515d8609b75)] -> xpath: (.//input[@aria-label='Status'])[1]]
Open
Open

[[ChromeDriver: chrome on XP (4447e5a1a9149e7e209cd515d8609b75)] -> xpath: (.//input[@aria-label='Fulfillment Status'])]
Failed

Order_Type

Order_number
[[ChromeDriver: chrome on XP (94628175467d24c134e331a9ea12e16c)] -> xpath: (.//input[@aria-label='Status'])[1]]
Open
Open

[[ChromeDriver: chrome on XP (94628175467d24c134e331a9ea12e16c)] -> xpath: (.//input[@aria-label='Fulfillment Status'])]
Failed

Order_Type
1-2186168793
Order_number
[[ChromeDriver: chrome on XP (92e6f3e7f05433ff819428f75d627e75)] -> xpath: (.//input[@aria-label='Status'])[1]]
Open
Open

[[ChromeDriver: chrome on XP (92e6f3e7f05433ff819428f75d627e75)] -> xpath: (.//input[@aria-label='Fulfillment Status'])]
Failed

Order_Type
1-2190546440
Order_number
[[ChromeDriver: chrome on XP (68f91696bd80c5d13e4cc2d3f7d2d227)] -> xpath: (.//input[@aria-label='Status'])[1]]
Complete
Complete

[[ChromeDriver: chrome on XP (68f91696bd80c5d13e4cc2d3f7d2d227)] -> xpath: (.//input[@aria-label='Fulfillment Status'])]
Complete

Order_Type
1-2193688527
Order_number
[[ChromeDriver: chrome on XP (e9a3ec7114b34f5ac83132af5ae8b6b0)] -> xpath: (.//input[@aria-label='Status'])[1]]
Open
Open

[[ChromeDriver: chrome on XP (e9a3ec7114b34f5ac83132af5ae8b6b0)] -> xpath: (.//input[@aria-label='Fulfillment Status'])]
Failed

Order_Type
1-2193629621
Order_number
[[ChromeDriver: chrome on XP (51aebec36daf58c0d0633952e6b51dad)] -> xpath: (.//input[@aria-label='Status'])[1]]
Open
Open

[[ChromeDriver: chrome on XP (51aebec36daf58c0d0633952e6b51dad)] -> xpath: (.//input[@aria-label='Fulfillment Status'])]


Order_Type
1-2194657782
Order_number
[[ChromeDriver: chrome on XP (f344f7e5a8bba0caf541e2df88175a2b)] -> xpath: (.//input[@aria-label='Status'])[1]]
Open
Open

[[ChromeDriver: chrome on XP (f344f7e5a8bba0caf541e2df88175a2b)] -> xpath: (.//input[@aria-label='Fulfillment Status'])]
Failed

Order_Type
1-2194911562
Order_number
[[ChromeDriver: chrome on XP (708eaaa8a0a4f52f4b2ea4a31b50f995)] -> xpath: (.//input[@aria-label='Status'])[1]]
Open
Open
197001180236
[[ChromeDriver: chrome on XP (708eaaa8a0a4f52f4b2ea4a31b50f995)] -> xpath: (.//input[@aria-label='Fulfillment Status'])]
In Progress

Order_Type
1-2194930042
Order_number
[[ChromeDriver: chrome on XP (f009d3f1ddc8e8823cc3dd430aa82a15)] -> xpath: (.//input[@aria-label='Status'])[1]]
Complete
Complete
196912180145
[[ChromeDriver: chrome on XP (f009d3f1ddc8e8823cc3dd430aa82a15)] -> xpath: (.//input[@aria-label='Fulfillment Status'])]
Complete

Order_Type

Order_number
[[ChromeDriver: chrome on XP (cad9c627b9a1bc806f0f0fa9f854b50b)] -> xpath: (.//input[@aria-label='Status'])[1]]
Open
Open
194011110378
[[ChromeDriver: chrome on XP (cad9c627b9a1bc806f0f0fa9f854b50b)] -> xpath: (.//input[@aria-label='Fulfillment Status'])]
In Progress

Order_Type

Order_number
[[ChromeDriver: chrome on XP (f2201a4593aff7774b444b5699feeb45)] -> xpath: (.//input[@aria-label='Status'])[1]]
Pending
Pending

[[ChromeDriver: chrome on XP (f2201a4593aff7774b444b5699feeb45)] -> xpath: (.//input[@aria-label='Fulfillment Status'])]


Order_Type
1-2185965340
Order_number
[[ChromeDriver: chrome on XP (0ca936eac0e4f4cfdef63548bec538bb)] -> xpath: (.//input[@aria-label='Status'])[1]]
Open
Open
Open
[[ChromeDriver: chrome on XP (0ca936eac0e4f4cfdef63548bec538bb)] -> xpath: (.//input[@aria-label='Fulfillment Status'])]
Failed


Order_Type

Order_number
[[ChromeDriver: chrome on XP (bf5d0003685fbcd98cf9b6f423e1a6f4)] -> xpath: (.//input[@aria-label='Status'])[1]]
Open
Open
Open
[[ChromeDriver: chrome on XP (bf5d0003685fbcd98cf9b6f423e1a6f4)] -> xpath: (.//input[@aria-label='Fulfillment Status'])]
Failed


Order_Type
1-2186976180
Order_number
[[ChromeDriver: chrome on XP (0a3a5f7c03d4b77aba563752551d94a5)] -> xpath: (.//input[@aria-label='Status'])[1]]
Open
Open
Complete
[[ChromeDriver: chrome on XP (0a3a5f7c03d4b77aba563752551d94a5)] -> xpath: (.//input[@aria-label='Fulfillment Status'])]
Failed

Order_Type
1-2190489770
Order_number
[[ChromeDriver: chrome on XP (c2379ca3ff1af0627df5167f1dd155fd)] -> xpath: (.//input[@aria-label='Status'])[1]]
Open
Open

[[ChromeDriver: chrome on XP (c2379ca3ff1af0627df5167f1dd155fd)] -> xpath: (.//input[@aria-label='Fulfillment Status'])]
In Progress

Order_Type
1-2190495671
Order_number
[[ChromeDriver: chrome on XP (4d37feda0f46d941d565cdff1b5e0407)] -> xpath: (.//input[@aria-label='Status'])[1]]
Open
Open

[[ChromeDriver: chrome on XP (4d37feda0f46d941d565cdff1b5e0407)] -> xpath: (.//input[@aria-label='Fulfillment Status'])]
In Progress

Order_Type
1-2186936541
Order_number
[[ChromeDriver: chrome on XP (136a1f9417be4c032f45429b5f7792a7)] -> xpath: (.//input[@aria-label='Status'])[1]]
Open
Open

[[ChromeDriver: chrome on XP (136a1f9417be4c032f45429b5f7792a7)] -> xpath: (.//input[@aria-label='Fulfillment Status'])]
Failed

Order_Type
1-2185671940
Order_number
[[ChromeDriver: chrome on XP (c3016fd9c66523ad20a40bd3a9b56870)] -> xpath: (.//input[@aria-label='Status'])[1]]
Open
Open

[[ChromeDriver: chrome on XP (c3016fd9c66523ad20a40bd3a9b56870)] -> xpath: (.//input[@aria-label='Fulfillment Status'])]
Failed

Order_Type
1-2190575466
Order_number
[[ChromeDriver: chrome on XP (608fdfb5338ce695c780277593172f28)] -> xpath: (.//input[@aria-label='Status'])[1]]
Cancelled
Cancelled

[[ChromeDriver: chrome on XP (608fdfb5338ce695c780277593172f28)] -> xpath: (.//input[@aria-label='Fulfillment Status'])]
Cancelled

Order_Type
1-2185722026
Order_number
[[ChromeDriver: chrome on XP (38b1b376a653ce5b35131da64f4628ad)] -> xpath: (.//input[@aria-label='Status'])[1]]
Complete
Complete

[[ChromeDriver: chrome on XP (38b1b376a653ce5b35131da64f4628ad)] -> xpath: (.//input[@aria-label='Fulfillment Status'])]
Complete

Order_Type
1-2190555974
Order_number
[[ChromeDriver: chrome on XP (adf1129fd6a857c36fdd49d6eac5e9c3)] -> xpath: (.//input[@aria-label='Status'])[1]]
Open
Open

[[ChromeDriver: chrome on XP (adf1129fd6a857c36fdd49d6eac5e9c3)] -> xpath: (.//input[@aria-label='Fulfillment Status'])]
Failed

Order_Type
1-2190564884
Order_number
[[ChromeDriver: chrome on XP (12d57cf271c00b59de9988132397bf98)] -> xpath: (.//input[@aria-label='Status'])[1]]
Open
Open

[[ChromeDriver: chrome on XP (12d57cf271c00b59de9988132397bf98)] -> xpath: (.//input[@aria-label='Fulfillment Status'])]
In Progress

Order_Type

Order_number
[[ChromeDriver: chrome on XP (0fe787fe95d36d5e12bd81a96868d362)] -> xpath: (.//input[@aria-label='Status'])[1]]
Open
Open

[[ChromeDriver: chrome on XP (0fe787fe95d36d5e12bd81a96868d362)] -> xpath: (.//input[@aria-label='Fulfillment Status'])]
In Progress

Order_Type
1-2190595343
Order_number
[[ChromeDriver: chrome on XP (814144777d718a395f3fc7acd026550a)] -> xpath: (.//input[@aria-label='Status'])[1]]
Complete
Complete

[[ChromeDriver: chrome on XP (814144777d718a395f3fc7acd026550a)] -> xpath: (.//input[@aria-label='Fulfillment Status'])]
Complete

Order_Type
1-2190604623
Order_number
[[ChromeDriver: chrome on XP (38606aab51d6c110ca627b8ee9b0cf0c)] -> xpath: (.//input[@aria-label='Status'])[1]]
Complete
Complete

[[ChromeDriver: chrome on XP (38606aab51d6c110ca627b8ee9b0cf0c)] -> xpath: (.//input[@aria-label='Fulfillment Status'])]
Complete

Order_Type
1-2190614113
Order_number
[[ChromeDriver: chrome on XP (4951292139ebad4eeceb5dfe11fffa94)] -> xpath: (.//input[@aria-label='Status'])[1]]
Complete
Complete

[[ChromeDriver: chrome on XP (4951292139ebad4eeceb5dfe11fffa94)] -> xpath: (.//input[@aria-label='Fulfillment Status'])]
Complete

Order_Type
1-2190626113
Order_number
[[ChromeDriver: chrome on XP (a57480a99d1732ae760a5c188d7c46e3)] -> xpath: (.//input[@aria-label='Status'])[1]]
Complete
Complete

[[ChromeDriver: chrome on XP (a57480a99d1732ae760a5c188d7c46e3)] -> xpath: (.//input[@aria-label='Fulfillment Status'])]
Complete

Order_Type
1-2190631613
Order_number
[[ChromeDriver: chrome on XP (b01c012e3cc13fdfb14f83cc43c01f24)] -> xpath: (.//input[@aria-label='Status'])[1]]
Complete
Complete

[[ChromeDriver: chrome on XP (b01c012e3cc13fdfb14f83cc43c01f24)] -> xpath: (.//input[@aria-label='Fulfillment Status'])]
Complete

Order_Type

Order_number
[[ChromeDriver: chrome on XP (53a999bd7c3b41a48100308092961c3b)] -> xpath: (.//input[@aria-label='Status'])[1]]
Complete
Complete

[[ChromeDriver: chrome on XP (53a999bd7c3b41a48100308092961c3b)] -> xpath: (.//input[@aria-label='Fulfillment Status'])]
Complete

Order_Type
1-2185634892
Order_number
[[ChromeDriver: chrome on XP (50e8e262214411451d8fd48bd2f2e4dc)] -> xpath: (.//input[@aria-label='Status'])[1]]
Abandoned
Abandoned

[[ChromeDriver: chrome on XP (50e8e262214411451d8fd48bd2f2e4dc)] -> xpath: (.//input[@aria-label='Fulfillment Status'])]


Order_Type
1-2185638142
Order_number
[[ChromeDriver: chrome on XP (58ba58efb66e9a9f2f3b1416381fd4f0)] -> xpath: (.//input[@aria-label='Status'])[1]]
Open
Open

[[ChromeDriver: chrome on XP (58ba58efb66e9a9f2f3b1416381fd4f0)] -> xpath: (.//input[@aria-label='Fulfillment Status'])]
Failed

Order_Type

Order_number
[[ChromeDriver: chrome on XP (32f8c568df133e9944fdd2e8654ef681)] -> xpath: (.//input[@aria-label='Status'])[1]]
Open
Open

[[ChromeDriver: chrome on XP (32f8c568df133e9944fdd2e8654ef681)] -> xpath: (.//input[@aria-label='Fulfillment Status'])]
Failed

Order_Type
1-2186168793
Order_number
[[ChromeDriver: chrome on XP (e0f421d32b433d9df2beeaf58594eec8)] -> xpath: (.//input[@aria-label='Status'])[1]]
Open
Open

[[ChromeDriver: chrome on XP (e0f421d32b433d9df2beeaf58594eec8)] -> xpath: (.//input[@aria-label='Fulfillment Status'])]
Failed

Order_Type
1-2190546440
Order_number
[[ChromeDriver: chrome on XP (cb50e6ae584765645e8a531649dfe1c0)] -> xpath: (.//input[@aria-label='Status'])[1]]
Complete
Complete

[[ChromeDriver: chrome on XP (cb50e6ae584765645e8a531649dfe1c0)] -> xpath: (.//input[@aria-label='Fulfillment Status'])]
Complete

Order_Type
1-2193688527
Order_number
[[ChromeDriver: chrome on XP (5c17494fb05b84a202f8cc77f1d0db06)] -> xpath: (.//input[@aria-label='Status'])[1]]
Open
Open

[[ChromeDriver: chrome on XP (5c17494fb05b84a202f8cc77f1d0db06)] -> xpath: (.//input[@aria-label='Fulfillment Status'])]
Failed

Order_Type
1-2193629621
Order_number
[[ChromeDriver: chrome on XP (1e24199e4b5273b71b4eedfe2bb15992)] -> xpath: (.//input[@aria-label='Status'])[1]]
Open
Open

[[ChromeDriver: chrome on XP (1e24199e4b5273b71b4eedfe2bb15992)] -> xpath: (.//input[@aria-label='Fulfillment Status'])]


Order_Type
1-2194657782
Order_number
[[ChromeDriver: chrome on XP (208f28da5f038ffd9ed926e2423ede5f)] -> xpath: (.//input[@aria-label='Status'])[1]]
Open
Open

[[ChromeDriver: chrome on XP (208f28da5f038ffd9ed926e2423ede5f)] -> xpath: (.//input[@aria-label='Fulfillment Status'])]
Failed

Order_Type
1-2194911562
Order_number
[[ChromeDriver: chrome on XP (44e354fc80d6ecc7615405433357ef8c)] -> xpath: (.//input[@aria-label='Status'])[1]]
Open
Open
197001180236
[[ChromeDriver: chrome on XP (44e354fc80d6ecc7615405433357ef8c)] -> xpath: (.//input[@aria-label='Fulfillment Status'])]
In Progress

Order_Type
1-2194930042
Order_number
[[ChromeDriver: chrome on XP (03a2057cbafe924e61bf3746b777ced3)] -> xpath: (.//input[@aria-label='Status'])[1]]
Complete
Complete
196912180145
[[ChromeDriver: chrome on XP (03a2057cbafe924e61bf3746b777ced3)] -> xpath: (.//input[@aria-label='Fulfillment Status'])]
Complete

Order_Type

Order_number
[[ChromeDriver: chrome on XP (da2a49992d306c8b12fd72ca49b05a1a)] -> xpath: (.//input[@aria-label='Status'])[1]]
Open
Open
194011110378
[[ChromeDriver: chrome on XP (da2a49992d306c8b12fd72ca49b05a1a)] -> xpath: (.//input[@aria-label='Fulfillment Status'])]
In Progress

Order_Type

Order_number
[[ChromeDriver: chrome on XP (66a42919b98dce4218749545979819f7)] -> xpath: (.//input[@aria-label='Status'])[1]]
Pending
Pending

[[ChromeDriver: chrome on XP (66a42919b98dce4218749545979819f7)] -> xpath: (.//input[@aria-label='Fulfillment Status'])]


Order_Type
1-2185965340
Order_number
[[ChromeDriver: chrome on XP (2fc9173b260fbeb07fe6e0d95dfc0482)] -> xpath: (.//input[@aria-label='Status'])[1]]
Open
Open
Open
[[ChromeDriver: chrome on XP (2fc9173b260fbeb07fe6e0d95dfc0482)] -> xpath: (.//input[@aria-label='Fulfillment Status'])]
Failed


Order_Type

Order_number
[[ChromeDriver: chrome on XP (8ce25818b27023758bf4c6a9f5bb10ce)] -> xpath: (.//input[@aria-label='Status'])[1]]
Open
Open
Open
[[ChromeDriver: chrome on XP (8ce25818b27023758bf4c6a9f5bb10ce)] -> xpath: (.//input[@aria-label='Fulfillment Status'])]
Failed


Order_Type
1-2186976180
Order_number
[[ChromeDriver: chrome on XP (7bf3bffc4e78103ab6dd275a895f13b4)] -> xpath: (.//input[@aria-label='Status'])[1]]
Open
Open
Complete
[[ChromeDriver: chrome on XP (7bf3bffc4e78103ab6dd275a895f13b4)] -> xpath: (.//input[@aria-label='Fulfillment Status'])]
Failed

Order_Type
1-2190489770
Order_number
[[ChromeDriver: chrome on XP (47968cb4930fc6ed4931e4a8d48d5b82)] -> xpath: (.//input[@aria-label='Status'])[1]]
Open
Open

[[ChromeDriver: chrome on XP (47968cb4930fc6ed4931e4a8d48d5b82)] -> xpath: (.//input[@aria-label='Fulfillment Status'])]
In Progress

Order_Type
1-2190495671
Order_number
[[ChromeDriver: chrome on XP (8358eb1cdd249d04465fe7579af7eb49)] -> xpath: (.//input[@aria-label='Status'])[1]]
Open
Open

[[ChromeDriver: chrome on XP (8358eb1cdd249d04465fe7579af7eb49)] -> xpath: (.//input[@aria-label='Fulfillment Status'])]
In Progress

Order_Type
1-2186936541
Order_number
[[ChromeDriver: chrome on XP (5d0f270d163f7f13dce18de9104460ba)] -> xpath: (.//input[@aria-label='Status'])[1]]
Open
Open

[[ChromeDriver: chrome on XP (5d0f270d163f7f13dce18de9104460ba)] -> xpath: (.//input[@aria-label='Fulfillment Status'])]
Failed

Order_Type
1-2185671940
Order_number
[[ChromeDriver: chrome on XP (e69695a45d23ef3db684d26d58c2a8d1)] -> xpath: (.//input[@aria-label='Status'])[1]]
Open
Open

[[ChromeDriver: chrome on XP (e69695a45d23ef3db684d26d58c2a8d1)] -> xpath: (.//input[@aria-label='Fulfillment Status'])]
Failed

Order_Type
1-2190575466
Order_number
[[ChromeDriver: chrome on XP (25fd1e5e87acef79f92771769965dc88)] -> xpath: (.//input[@aria-label='Status'])[1]]
Cancelled
Cancelled

[[ChromeDriver: chrome on XP (25fd1e5e87acef79f92771769965dc88)] -> xpath: (.//input[@aria-label='Fulfillment Status'])]
Cancelled

Order_Type
1-2185722026
Order_number
[[ChromeDriver: chrome on XP (11a7b534cdee87e1cc0c687ffd9518f6)] -> xpath: (.//input[@aria-label='Status'])[1]]
Complete
Complete

[[ChromeDriver: chrome on XP (11a7b534cdee87e1cc0c687ffd9518f6)] -> xpath: (.//input[@aria-label='Fulfillment Status'])]
Complete

Order_Type
1-2190555974
Order_number
[[ChromeDriver: chrome on XP (d93a5e863e39398ce3ff7375702af383)] -> xpath: (.//input[@aria-label='Status'])[1]]
Open
Open

[[ChromeDriver: chrome on XP (d93a5e863e39398ce3ff7375702af383)] -> xpath: (.//input[@aria-label='Fulfillment Status'])]
Failed

Order_Type
1-2190564884
Order_number
[[ChromeDriver: chrome on XP (631cc619c8c9f50732e309a530e32149)] -> xpath: (.//input[@aria-label='Status'])[1]]
Open
Open

[[ChromeDriver: chrome on XP (631cc619c8c9f50732e309a530e32149)] -> xpath: (.//input[@aria-label='Fulfillment Status'])]
In Progress

Order_Type

Order_number
[[ChromeDriver: chrome on XP (3af69d2810f97ed5af5a304f61bfeb37)] -> xpath: (.//input[@aria-label='Status'])[1]]
Open
Open

[[ChromeDriver: chrome on XP (3af69d2810f97ed5af5a304f61bfeb37)] -> xpath: (.//input[@aria-label='Fulfillment Status'])]
In Progress

Order_Type
1-2190595343
Order_number
[[ChromeDriver: chrome on XP (0df22cdc70a90de41aa40a359b5cac59)] -> xpath: (.//input[@aria-label='Status'])[1]]
Complete
Complete

[[ChromeDriver: chrome on XP (0df22cdc70a90de41aa40a359b5cac59)] -> xpath: (.//input[@aria-label='Fulfillment Status'])]
Complete

Order_Type
1-2190604623
Order_number
[[ChromeDriver: chrome on XP (1e79a8f119e7d2616e6e01dc465f408d)] -> xpath: (.//input[@aria-label='Status'])[1]]
Complete
Complete

[[ChromeDriver: chrome on XP (1e79a8f119e7d2616e6e01dc465f408d)] -> xpath: (.//input[@aria-label='Fulfillment Status'])]
Complete

Order_Type
1-2190614113
Order_number
[[ChromeDriver: chrome on XP (9949eb7220aec901c070dd1c538bffb8)] -> xpath: (.//input[@aria-label='Status'])[1]]
Complete
Complete

[[ChromeDriver: chrome on XP (9949eb7220aec901c070dd1c538bffb8)] -> xpath: (.//input[@aria-label='Fulfillment Status'])]
Complete

Order_Type
1-2190626113
Order_number
[[ChromeDriver: chrome on XP (dcd1c1905200f80c9568bf137fc86588)] -> xpath: (.//input[@aria-label='Status'])[1]]
Complete
Complete

[[ChromeDriver: chrome on XP (dcd1c1905200f80c9568bf137fc86588)] -> xpath: (.//input[@aria-label='Fulfillment Status'])]
Complete

Order_Type
1-2190631613
Order_number
[[ChromeDriver: chrome on XP (4d0c5fcaf1aefc6aa5c704d4336964b4)] -> xpath: (.//input[@aria-label='Status'])[1]]
Complete
Complete

[[ChromeDriver: chrome on XP (4d0c5fcaf1aefc6aa5c704d4336964b4)] -> xpath: (.//input[@aria-label='Fulfillment Status'])]
Complete

Order_Type

Order_number
[[ChromeDriver: chrome on XP (f2ee37abc15d78c2054d3dac067eaee8)] -> xpath: (.//input[@aria-label='Status'])[1]]
Complete
Complete

[[ChromeDriver: chrome on XP (f2ee37abc15d78c2054d3dac067eaee8)] -> xpath: (.//input[@aria-label='Fulfillment Status'])]
Complete

Order_Type
1-2185634892
Order_number
[[ChromeDriver: chrome on XP (3a92ffbe2ef1ded263801e12f488c3c4)] -> xpath: (.//input[@aria-label='Status'])[1]]
Abandoned
Abandoned

[[ChromeDriver: chrome on XP (3a92ffbe2ef1ded263801e12f488c3c4)] -> xpath: (.//input[@aria-label='Fulfillment Status'])]


Order_Type
1-2185638142
Order_number
[[ChromeDriver: chrome on XP (adac3182ddb96f4e0c8ec9e4b8cb4678)] -> xpath: (.//input[@aria-label='Status'])[1]]
Open
Open

[[ChromeDriver: chrome on XP (adac3182ddb96f4e0c8ec9e4b8cb4678)] -> xpath: (.//input[@aria-label='Fulfillment Status'])]
Failed

Order_Type

Order_number
[[ChromeDriver: chrome on XP (5262173f91c7527f778a56bada82d680)] -> xpath: (.//input[@aria-label='Status'])[1]]
Open
Open

[[ChromeDriver: chrome on XP (5262173f91c7527f778a56bada82d680)] -> xpath: (.//input[@aria-label='Fulfillment Status'])]
Failed

Order_Type
1-2186168793
Order_number
[[ChromeDriver: chrome on XP (f19b130fee759981f8c6aa68afcdc920)] -> xpath: (.//input[@aria-label='Status'])[1]]
Open
Open

[[ChromeDriver: chrome on XP (f19b130fee759981f8c6aa68afcdc920)] -> xpath: (.//input[@aria-label='Fulfillment Status'])]
Failed

Order_Type
1-2190546440
Order_number
[[ChromeDriver: chrome on XP (7bfed482432cd2cdb85ba39e793951f2)] -> xpath: (.//input[@aria-label='Status'])[1]]
Complete
Complete

[[ChromeDriver: chrome on XP (7bfed482432cd2cdb85ba39e793951f2)] -> xpath: (.//input[@aria-label='Fulfillment Status'])]
Complete

Order_Type
1-2193688527
Order_number
[[ChromeDriver: chrome on XP (2c89210f27d3503b43efa1ea622ee555)] -> xpath: (.//input[@aria-label='Status'])[1]]
Open
Open

[[ChromeDriver: chrome on XP (2c89210f27d3503b43efa1ea622ee555)] -> xpath: (.//input[@aria-label='Fulfillment Status'])]
Failed

Order_Type
1-2193629621
Order_number
[[ChromeDriver: chrome on XP (1896e00ed6f6fb546648c7d0c94df5f4)] -> xpath: (.//input[@aria-label='Status'])[1]]
Open
Open

[[ChromeDriver: chrome on XP (1896e00ed6f6fb546648c7d0c94df5f4)] -> xpath: (.//input[@aria-label='Fulfillment Status'])]


Order_Type
1-2194657782
Order_number
[[ChromeDriver: chrome on XP (0445336550151dbc6afe290af41f747a)] -> xpath: (.//input[@aria-label='Status'])[1]]
Open
Open

[[ChromeDriver: chrome on XP (0445336550151dbc6afe290af41f747a)] -> xpath: (.//input[@aria-label='Fulfillment Status'])]
Failed

Order_Type
1-2194911562
Order_number
[[ChromeDriver: chrome on XP (c1c0458fa8d8f32154c98183c7e08f37)] -> xpath: (.//input[@aria-label='Status'])[1]]
Open
Open
197001180236
[[ChromeDriver: chrome on XP (c1c0458fa8d8f32154c98183c7e08f37)] -> xpath: (.//input[@aria-label='Fulfillment Status'])]
In Progress

Order_Type
1-2194930042
Order_number
[[ChromeDriver: chrome on XP (55e33dc70637c512b0a78fafda21e8b8)] -> xpath: (.//input[@aria-label='Status'])[1]]
Complete
Complete
196912180145
[[ChromeDriver: chrome on XP (55e33dc70637c512b0a78fafda21e8b8)] -> xpath: (.//input[@aria-label='Fulfillment Status'])]
Complete

Order_Type

Order_number
[[ChromeDriver: chrome on XP (5e32d11644fa7013cdcffbee61439d80)] -> xpath: (.//input[@aria-label='Status'])[1]]
Open
Open
194011110378
[[ChromeDriver: chrome on XP (5e32d11644fa7013cdcffbee61439d80)] -> xpath: (.//input[@aria-label='Fulfillment Status'])]
In Progress

Order_Type

Order_number
[[ChromeDriver: chrome on XP (c917562a17f15b380bc07965ed568bc6)] -> xpath: (.//input[@aria-label='Status'])[1]]
Pending
Pending

[[ChromeDriver: chrome on XP (c917562a17f15b380bc07965ed568bc6)] -> xpath: (.//input[@aria-label='Fulfillment Status'])]


Order_Type
1-2185965340
Order_number
[[ChromeDriver: chrome on XP (f77b382a9a8bd8b6cac92f91fc024a55)] -> xpath: (.//input[@aria-label='Status'])[1]]
Open
Open
Open
[[ChromeDriver: chrome on XP (f77b382a9a8bd8b6cac92f91fc024a55)] -> xpath: (.//input[@aria-label='Fulfillment Status'])]
Failed


Order_Type

Order_number
[[ChromeDriver: chrome on XP (980c6156a8351ea018c8f3ebddcec0d1)] -> xpath: (.//input[@aria-label='Status'])[1]]
Open
Open
Open
[[ChromeDriver: chrome on XP (980c6156a8351ea018c8f3ebddcec0d1)] -> xpath: (.//input[@aria-label='Fulfillment Status'])]
Failed


Order_Type
1-2186976180
Order_number
[[ChromeDriver: chrome on XP (34afe974daeceb1bbd90cb07bea7b4a4)] -> xpath: (.//input[@aria-label='Status'])[1]]
Open
Open
Complete
[[ChromeDriver: chrome on XP (34afe974daeceb1bbd90cb07bea7b4a4)] -> xpath: (.//input[@aria-label='Fulfillment Status'])]
Failed

Order_Type
1-2190489770
Order_number
[[ChromeDriver: chrome on XP (360905511a4024e266f2f4d632795b8c)] -> xpath: (.//input[@aria-label='Status'])[1]]
Open
Open

[[ChromeDriver: chrome on XP (360905511a4024e266f2f4d632795b8c)] -> xpath: (.//input[@aria-label='Fulfillment Status'])]
In Progress

Order_Type
1-2190495671
Order_number
[[ChromeDriver: chrome on XP (88dc81c2d262d7839284750a2457ce7d)] -> xpath: (.//input[@aria-label='Status'])[1]]
Open
Open

[[ChromeDriver: chrome on XP (88dc81c2d262d7839284750a2457ce7d)] -> xpath: (.//input[@aria-label='Fulfillment Status'])]
In Progress

Order_Type
1-2186936541
Order_number
[[ChromeDriver: chrome on XP (70d07971b8c221879e18af4fe4958707)] -> xpath: (.//input[@aria-label='Status'])[1]]
Open
Open

[[ChromeDriver: chrome on XP (70d07971b8c221879e18af4fe4958707)] -> xpath: (.//input[@aria-label='Fulfillment Status'])]
Failed

Order_Type
1-2185671940
Order_number
[[ChromeDriver: chrome on XP (e03a988c6ede919e17445846e283d2ab)] -> xpath: (.//input[@aria-label='Status'])[1]]
Open
Open

[[ChromeDriver: chrome on XP (e03a988c6ede919e17445846e283d2ab)] -> xpath: (.//input[@aria-label='Fulfillment Status'])]
Failed

Order_Type
1-2190575466
Order_number
[[ChromeDriver: chrome on XP (b0ff331ddd7be7234767c4d5f8156926)] -> xpath: (.//input[@aria-label='Status'])[1]]
Cancelled
Cancelled

[[ChromeDriver: chrome on XP (b0ff331ddd7be7234767c4d5f8156926)] -> xpath: (.//input[@aria-label='Fulfillment Status'])]
Cancelled

Order_Type
1-2185722026
Order_number
[[ChromeDriver: chrome on XP (4bf026238d9e2de152c33ac5290f5359)] -> xpath: (.//input[@aria-label='Status'])[1]]
Complete
Complete

[[ChromeDriver: chrome on XP (4bf026238d9e2de152c33ac5290f5359)] -> xpath: (.//input[@aria-label='Fulfillment Status'])]
Complete

Order_Type
1-2190555974
Order_number
[[ChromeDriver: chrome on XP (180ebf04184060254575976898a743ae)] -> xpath: (.//input[@aria-label='Status'])[1]]
Open
Open

[[ChromeDriver: chrome on XP (180ebf04184060254575976898a743ae)] -> xpath: (.//input[@aria-label='Fulfillment Status'])]
Failed

Order_Type
1-2190564884
Order_number
[[ChromeDriver: chrome on XP (e200ca0731fac66873bf52433ff99b0f)] -> xpath: (.//input[@aria-label='Status'])[1]]
Open
Open

[[ChromeDriver: chrome on XP (e200ca0731fac66873bf52433ff99b0f)] -> xpath: (.//input[@aria-label='Fulfillment Status'])]
In Progress

Order_Type

Order_number
[[ChromeDriver: chrome on XP (3721403fe72e47dc3abdc2794cf8b125)] -> xpath: (.//input[@aria-label='Status'])[1]]
Open
Open

[[ChromeDriver: chrome on XP (3721403fe72e47dc3abdc2794cf8b125)] -> xpath: (.//input[@aria-label='Fulfillment Status'])]
In Progress

Order_Type
1-2190595343
Order_number
[[ChromeDriver: chrome on XP (bc04378298809d0d8e98cd13fb0f1d37)] -> xpath: (.//input[@aria-label='Status'])[1]]
Complete
Complete

[[ChromeDriver: chrome on XP (bc04378298809d0d8e98cd13fb0f1d37)] -> xpath: (.//input[@aria-label='Fulfillment Status'])]
Complete

Order_Type
1-2190604623
Order_number
[[ChromeDriver: chrome on XP (e4a90b2ad095a33e8528a24bf846628f)] -> xpath: (.//input[@aria-label='Status'])[1]]
Complete
Complete

[[ChromeDriver: chrome on XP (e4a90b2ad095a33e8528a24bf846628f)] -> xpath: (.//input[@aria-label='Fulfillment Status'])]
Complete

Order_Type
1-2190614113
Order_number
[[ChromeDriver: chrome on XP (157db3484d06b69f52067037543210a0)] -> xpath: (.//input[@aria-label='Status'])[1]]
Complete
Complete

[[ChromeDriver: chrome on XP (157db3484d06b69f52067037543210a0)] -> xpath: (.//input[@aria-label='Fulfillment Status'])]
Complete

Order_Type
1-2190626113
Order_number
[[ChromeDriver: chrome on XP (72c5afc88ebeeac37bca627b55dfabc8)] -> xpath: (.//input[@aria-label='Status'])[1]]
Complete
Complete

[[ChromeDriver: chrome on XP (72c5afc88ebeeac37bca627b55dfabc8)] -> xpath: (.//input[@aria-label='Fulfillment Status'])]
Complete

Order_Type
1-2190631613
Order_number
[[ChromeDriver: chrome on XP (f1e7b4ac44c9d0dc1eee36f7db16dbda)] -> xpath: (.//input[@aria-label='Status'])[1]]
Complete
Complete

[[ChromeDriver: chrome on XP (f1e7b4ac44c9d0dc1eee36f7db16dbda)] -> xpath: (.//input[@aria-label='Fulfillment Status'])]
Complete

Order_Type

Order_number
[[ChromeDriver: chrome on XP (d6aecf5bc2ae6c13d3623a51708f83f5)] -> xpath: (.//input[@aria-label='Status'])[1]]
Complete
Complete

[[ChromeDriver: chrome on XP (d6aecf5bc2ae6c13d3623a51708f83f5)] -> xpath: (.//input[@aria-label='Fulfillment Status'])]
Complete

Order_Type
1-2185634892
Order_number
[[ChromeDriver: chrome on XP (09e7cc1cef4d8c670cd3601dd8cdd3ed)] -> xpath: (.//input[@aria-label='Status'])[1]]
Abandoned
Abandoned

[[ChromeDriver: chrome on XP (09e7cc1cef4d8c670cd3601dd8cdd3ed)] -> xpath: (.//input[@aria-label='Fulfillment Status'])]


Order_Type
1-2185638142
Order_number
[[ChromeDriver: chrome on XP (c13f8e9b868a5b6a9e2fe66e3967fc4a)] -> xpath: (.//input[@aria-label='Status'])[1]]
Open
Open

[[ChromeDriver: chrome on XP (c13f8e9b868a5b6a9e2fe66e3967fc4a)] -> xpath: (.//input[@aria-label='Fulfillment Status'])]
Failed

Order_Type

Order_number
[[ChromeDriver: chrome on XP (895c45ad58f8647b30a91083fb40b64a)] -> xpath: (.//input[@aria-label='Status'])[1]]
Open
Open

[[ChromeDriver: chrome on XP (895c45ad58f8647b30a91083fb40b64a)] -> xpath: (.//input[@aria-label='Fulfillment Status'])]
Failed

Order_Type
1-2186168793
Order_number
[[ChromeDriver: chrome on XP (a7d350cb769a28b09939203d824e6fe9)] -> xpath: (.//input[@aria-label='Status'])[1]]
Open
Open

[[ChromeDriver: chrome on XP (a7d350cb769a28b09939203d824e6fe9)] -> xpath: (.//input[@aria-label='Fulfillment Status'])]
Failed

Order_Type
1-2190546440
Order_number
[[ChromeDriver: chrome on XP (479ccf2fd91d1b22e2be6ecc494ff715)] -> xpath: (.//input[@aria-label='Status'])[1]]
Complete
Complete

[[ChromeDriver: chrome on XP (479ccf2fd91d1b22e2be6ecc494ff715)] -> xpath: (.//input[@aria-label='Fulfillment Status'])]
Complete

Order_Type
1-2193688527
Order_number
[[ChromeDriver: chrome on XP (7313313600570c0ced11c58364e73a1e)] -> xpath: (.//input[@aria-label='Status'])[1]]
Open
Open

[[ChromeDriver: chrome on XP (7313313600570c0ced11c58364e73a1e)] -> xpath: (.//input[@aria-label='Fulfillment Status'])]
Failed

Order_Type
1-2193629621
Order_number
[[ChromeDriver: chrome on XP (4d11535690bade7d4c4162cab8274c16)] -> xpath: (.//input[@aria-label='Status'])[1]]
Open
Open

[[ChromeDriver: chrome on XP (4d11535690bade7d4c4162cab8274c16)] -> xpath: (.//input[@aria-label='Fulfillment Status'])]


Order_Type
1-2194657782
Order_number
[[ChromeDriver: chrome on XP (57864b121c5f12e904c2dd243d584b1f)] -> xpath: (.//input[@aria-label='Status'])[1]]
Open
Open

[[ChromeDriver: chrome on XP (57864b121c5f12e904c2dd243d584b1f)] -> xpath: (.//input[@aria-label='Fulfillment Status'])]
Failed

Order_Type
1-2194911562
Order_number
[[ChromeDriver: chrome on XP (3c02246ec37d9db3fb9c0ae04c04352a)] -> xpath: (.//input[@aria-label='Status'])[1]]
Open
Open
197001180236
[[ChromeDriver: chrome on XP (3c02246ec37d9db3fb9c0ae04c04352a)] -> xpath: (.//input[@aria-label='Fulfillment Status'])]
In Progress

Order_Type
1-2194930042
Order_number
[[ChromeDriver: chrome on XP (05ae8d7b6f0a21dc1400cb53b4860dc4)] -> xpath: (.//input[@aria-label='Status'])[1]]
Complete
Complete
196912180145
[[ChromeDriver: chrome on XP (05ae8d7b6f0a21dc1400cb53b4860dc4)] -> xpath: (.//input[@aria-label='Fulfillment Status'])]
Complete

Order_Type

Order_number
[[ChromeDriver: chrome on XP (5316565960e2d269bd4b9e9be59e4432)] -> xpath: (.//input[@aria-label='Status'])[1]]
Open
Open
194011110378
[[ChromeDriver: chrome on XP (5316565960e2d269bd4b9e9be59e4432)] -> xpath: (.//input[@aria-label='Fulfillment Status'])]
In Progress

Order_Type

Order_number
[[ChromeDriver: chrome on XP (bbd010c1d05da46960d11ee1819057f7)] -> xpath: (.//input[@aria-label='Status'])[1]]
Pending
Pending

[[ChromeDriver: chrome on XP (bbd010c1d05da46960d11ee1819057f7)] -> xpath: (.//input[@aria-label='Fulfillment Status'])]


Order_Type
1-2185965340
Order_number
[[ChromeDriver: chrome on XP (26f91f94934a977e1809f81e0e8b9e36)] -> xpath: (.//input[@aria-label='Status'])[1]]
Open
Open
Open
[[ChromeDriver: chrome on XP (26f91f94934a977e1809f81e0e8b9e36)] -> xpath: (.//input[@aria-label='Fulfillment Status'])]
Failed


Order_Type

Order_number
[[ChromeDriver: chrome on XP (c5f048e015f4357f0c95743ed65e2e19)] -> xpath: (.//input[@aria-label='Status'])[1]]
Open
Open
Open
[[ChromeDriver: chrome on XP (c5f048e015f4357f0c95743ed65e2e19)] -> xpath: (.//input[@aria-label='Fulfillment Status'])]
Failed


Order_Type
1-2186976180
Order_number
[[ChromeDriver: chrome on XP (cf5b1fbeb4723ee00520678f383649d3)] -> xpath: (.//input[@aria-label='Status'])[1]]
Open
Open
Complete
[[ChromeDriver: chrome on XP (cf5b1fbeb4723ee00520678f383649d3)] -> xpath: (.//input[@aria-label='Fulfillment Status'])]
Failed

Order_Type
1-2190489770
Order_number
[[ChromeDriver: chrome on XP (50de59b7673b351d88acec28ff27f4dd)] -> xpath: (.//input[@aria-label='Status'])[1]]
Open
Open

[[ChromeDriver: chrome on XP (50de59b7673b351d88acec28ff27f4dd)] -> xpath: (.//input[@aria-label='Fulfillment Status'])]
In Progress

Order_Type
1-2190495671
Order_number
[[ChromeDriver: chrome on XP (864271d419317e697325f4e7b5c69c3b)] -> xpath: (.//input[@aria-label='Status'])[1]]
Open
Open

[[ChromeDriver: chrome on XP (864271d419317e697325f4e7b5c69c3b)] -> xpath: (.//input[@aria-label='Fulfillment Status'])]
In Progress

Order_Type
1-2186936541
Order_number
[[ChromeDriver: chrome on XP (59ff07175c08d097b77bb0d6d883af69)] -> xpath: (.//input[@aria-label='Status'])[1]]
Open
Open

[[ChromeDriver: chrome on XP (59ff07175c08d097b77bb0d6d883af69)] -> xpath: (.//input[@aria-label='Fulfillment Status'])]
Failed

Order_Type
1-2185671940
Order_number
[[ChromeDriver: chrome on XP (60379a04256da2004805d85c7ff1474e)] -> xpath: (.//input[@aria-label='Status'])[1]]
Open
Open

[[ChromeDriver: chrome on XP (60379a04256da2004805d85c7ff1474e)] -> xpath: (.//input[@aria-label='Fulfillment Status'])]
Failed

Order_Type
1-2190575466
Order_number
[[ChromeDriver: chrome on XP (654ed3da699565b0972f46b244a50c8c)] -> xpath: (.//input[@aria-label='Status'])[1]]
Cancelled
Cancelled

[[ChromeDriver: chrome on XP (654ed3da699565b0972f46b244a50c8c)] -> xpath: (.//input[@aria-label='Fulfillment Status'])]
Cancelled

Order_Type
1-2185722026
Order_number
[[ChromeDriver: chrome on XP (3d1c863ca9da6dcb375739f5afa6f92b)] -> xpath: (.//input[@aria-label='Status'])[1]]
Complete
Complete

[[ChromeDriver: chrome on XP (3d1c863ca9da6dcb375739f5afa6f92b)] -> xpath: (.//input[@aria-label='Fulfillment Status'])]
Complete

Order_Type
1-2190555974
Order_number
[[ChromeDriver: chrome on XP (d33aebae705b5ff1a61a0d57c3528e16)] -> xpath: (.//input[@aria-label='Status'])[1]]
Open
Open

[[ChromeDriver: chrome on XP (d33aebae705b5ff1a61a0d57c3528e16)] -> xpath: (.//input[@aria-label='Fulfillment Status'])]
Failed

Order_Type
1-2190564884
Order_number
[[ChromeDriver: chrome on XP (b5ce309f92a7d15bb45c68e86ae57cd5)] -> xpath: (.//input[@aria-label='Status'])[1]]
Open
Open

[[ChromeDriver: chrome on XP (b5ce309f92a7d15bb45c68e86ae57cd5)] -> xpath: (.//input[@aria-label='Fulfillment Status'])]
In Progress

Order_Type

Order_number
[[ChromeDriver: chrome on XP (3468f214bedb69079b065d3c7af1a473)] -> xpath: (.//input[@aria-label='Status'])[1]]
Open
Open

[[ChromeDriver: chrome on XP (3468f214bedb69079b065d3c7af1a473)] -> xpath: (.//input[@aria-label='Fulfillment Status'])]
In Progress

Order_Type
1-2190595343
Order_number
[[ChromeDriver: chrome on XP (8645afbc54e66e6d57b39ab6fed887f1)] -> xpath: (.//input[@aria-label='Status'])[1]]
Complete
Complete

[[ChromeDriver: chrome on XP (8645afbc54e66e6d57b39ab6fed887f1)] -> xpath: (.//input[@aria-label='Fulfillment Status'])]
Complete

Order_Type
1-2190604623
Order_number
[[ChromeDriver: chrome on XP (24be035dac0e9b5f880892bd2041f998)] -> xpath: (.//input[@aria-label='Status'])[1]]
Complete
Complete

[[ChromeDriver: chrome on XP (24be035dac0e9b5f880892bd2041f998)] -> xpath: (.//input[@aria-label='Fulfillment Status'])]
Complete

Order_Type
1-2190614113
Order_number
[[ChromeDriver: chrome on XP (78991f525c8dee3acff1589b21a8c532)] -> xpath: (.//input[@aria-label='Status'])[1]]
Complete
Complete

[[ChromeDriver: chrome on XP (78991f525c8dee3acff1589b21a8c532)] -> xpath: (.//input[@aria-label='Fulfillment Status'])]
Complete

Order_Type
1-2190626113
Order_number
[[ChromeDriver: chrome on XP (1de72138a68f5fe2f50ac920ee5d830d)] -> xpath: (.//input[@aria-label='Status'])[1]]
Complete
Complete

[[ChromeDriver: chrome on XP (1de72138a68f5fe2f50ac920ee5d830d)] -> xpath: (.//input[@aria-label='Fulfillment Status'])]
Complete

Order_Type
1-2190631613
Order_number
[[ChromeDriver: chrome on XP (0a90d11d9ff0a79d05de659d56bd1a34)] -> xpath: (.//input[@aria-label='Status'])[1]]
Complete
Complete

[[ChromeDriver: chrome on XP (0a90d11d9ff0a79d05de659d56bd1a34)] -> xpath: (.//input[@aria-label='Fulfillment Status'])]
Complete

Order_Type

Order_number
[[ChromeDriver: chrome on XP (1ddcb92ae4aef7f5f04d292e4083373b)] -> xpath: (.//input[@aria-label='Status'])[1]]
Complete
Complete

[[ChromeDriver: chrome on XP (1ddcb92ae4aef7f5f04d292e4083373b)] -> xpath: (.//input[@aria-label='Fulfillment Status'])]
Complete

Order_Type
1-2185634892
Order_number
[[ChromeDriver: chrome on XP (3e1e2c2e63e3f471df6122e2c780d9c9)] -> xpath: (.//input[@aria-label='Status'])[1]]
Abandoned
Abandoned

[[ChromeDriver: chrome on XP (3e1e2c2e63e3f471df6122e2c780d9c9)] -> xpath: (.//input[@aria-label='Fulfillment Status'])]


Order_Type
1-2185638142
Order_number
[[ChromeDriver: chrome on XP (4e846146e63025632c0368ab05a2f17a)] -> xpath: (.//input[@aria-label='Status'])[1]]
Open
Open

[[ChromeDriver: chrome on XP (4e846146e63025632c0368ab05a2f17a)] -> xpath: (.//input[@aria-label='Fulfillment Status'])]
Failed

Order_Type

Order_number
[[ChromeDriver: chrome on XP (47bc04d44b860ededf1aa2be0033245a)] -> xpath: (.//input[@aria-label='Status'])[1]]
Open
Open

[[ChromeDriver: chrome on XP (47bc04d44b860ededf1aa2be0033245a)] -> xpath: (.//input[@aria-label='Fulfillment Status'])]
Failed

Order_Type
1-2186168793
Order_number
[[ChromeDriver: chrome on XP (df2c9310394de35551a36d3b6af8937f)] -> xpath: (.//input[@aria-label='Status'])[1]]
Open
Open

[[ChromeDriver: chrome on XP (df2c9310394de35551a36d3b6af8937f)] -> xpath: (.//input[@aria-label='Fulfillment Status'])]
Failed

Order_Type
1-2190546440
Order_number
[[ChromeDriver: chrome on XP (7b0ba33d10b66b47a9c3b443cd7d7584)] -> xpath: (.//input[@aria-label='Status'])[1]]
Complete
Complete

[[ChromeDriver: chrome on XP (7b0ba33d10b66b47a9c3b443cd7d7584)] -> xpath: (.//input[@aria-label='Fulfillment Status'])]
Complete

Order_Type
1-2193688527
Order_number
[[ChromeDriver: chrome on XP (241d8bbd6e3a1231d831854111918e08)] -> xpath: (.//input[@aria-label='Status'])[1]]
Open
Open

[[ChromeDriver: chrome on XP (241d8bbd6e3a1231d831854111918e08)] -> xpath: (.//input[@aria-label='Fulfillment Status'])]
Failed

Order_Type
1-2193629621
Order_number
[[ChromeDriver: chrome on XP (5059dbd782996102aef36f7b608cfb7d)] -> xpath: (.//input[@aria-label='Status'])[1]]
Open
Open

[[ChromeDriver: chrome on XP (5059dbd782996102aef36f7b608cfb7d)] -> xpath: (.//input[@aria-label='Fulfillment Status'])]


Order_Type
1-2194657782
Order_number
[[ChromeDriver: chrome on XP (87f42311b816e50041986b584d5e40cf)] -> xpath: (.//input[@aria-label='Status'])[1]]
Open
Open

[[ChromeDriver: chrome on XP (87f42311b816e50041986b584d5e40cf)] -> xpath: (.//input[@aria-label='Fulfillment Status'])]
Failed

Order_Type
1-2194911562
Order_number
[[ChromeDriver: chrome on XP (2a2f2ef4da0950a8dc01d516f6e23411)] -> xpath: (.//input[@aria-label='Status'])[1]]
Open
Open
197001180236
[[ChromeDriver: chrome on XP (2a2f2ef4da0950a8dc01d516f6e23411)] -> xpath: (.//input[@aria-label='Fulfillment Status'])]
In Progress

Order_Type
1-2194930042
Order_number
[[ChromeDriver: chrome on XP (05ba4ab0e0b6d5dcd2696807d2f469f9)] -> xpath: (.//input[@aria-label='Status'])[1]]
Complete
Complete
196912180145
[[ChromeDriver: chrome on XP (05ba4ab0e0b6d5dcd2696807d2f469f9)] -> xpath: (.//input[@aria-label='Fulfillment Status'])]
Complete

Order_Type

Order_number
[[ChromeDriver: chrome on XP (2e1eeb2f0938556267bc6af2328b20d1)] -> xpath: (.//input[@aria-label='Status'])[1]]
Open
Open
194011110378
[[ChromeDriver: chrome on XP (2e1eeb2f0938556267bc6af2328b20d1)] -> xpath: (.//input[@aria-label='Fulfillment Status'])]
In Progress

Order_Type

Order_number
[[ChromeDriver: chrome on XP (7cd0bf6b124869b3d2a1f535d8ff8f79)] -> xpath: (.//input[@aria-label='Status'])[1]]
Pending
Pending

[[ChromeDriver: chrome on XP (7cd0bf6b124869b3d2a1f535d8ff8f79)] -> xpath: (.//input[@aria-label='Fulfillment Status'])]


Order_Type
1-2185965340
Order_number
[[ChromeDriver: chrome on XP (5717bc75bcee3dc5a548021d7fffee5b)] -> xpath: (.//input[@aria-label='Status'])[1]]
Open
Open
Open
[[ChromeDriver: chrome on XP (5717bc75bcee3dc5a548021d7fffee5b)] -> xpath: (.//input[@aria-label='Fulfillment Status'])]
Failed


Order_Type

Order_number
[[ChromeDriver: chrome on XP (09e8471a0d7a379a5756ba23ee487f92)] -> xpath: (.//input[@aria-label='Status'])[1]]
Open
Open
Open
[[ChromeDriver: chrome on XP (09e8471a0d7a379a5756ba23ee487f92)] -> xpath: (.//input[@aria-label='Fulfillment Status'])]
Failed


Order_Type
1-2186976180
Order_number
[[ChromeDriver: chrome on XP (41eee6f6e11e3c47f446e61780b043d9)] -> xpath: (.//input[@aria-label='Status'])[1]]
Open
Open
Complete
[[ChromeDriver: chrome on XP (41eee6f6e11e3c47f446e61780b043d9)] -> xpath: (.//input[@aria-label='Fulfillment Status'])]
Failed

Order_Type
1-2190489770
Order_number
[[ChromeDriver: chrome on XP (543e991df820dbd02c4011c05f5019c8)] -> xpath: (.//input[@aria-label='Status'])[1]]
Open
Open

[[ChromeDriver: chrome on XP (543e991df820dbd02c4011c05f5019c8)] -> xpath: (.//input[@aria-label='Fulfillment Status'])]
In Progress

Order_Type
1-2190495671
Order_number
[[ChromeDriver: chrome on XP (9a110cbf530aec9bf55968a05057ae86)] -> xpath: (.//input[@aria-label='Status'])[1]]
Open
Open

[[ChromeDriver: chrome on XP (9a110cbf530aec9bf55968a05057ae86)] -> xpath: (.//input[@aria-label='Fulfillment Status'])]
In Progress

Order_Type
1-2186936541
Order_number
[[ChromeDriver: chrome on XP (fb40dfc228245352e97156ddefa077b1)] -> xpath: (.//input[@aria-label='Status'])[1]]
Open
Open

[[ChromeDriver: chrome on XP (fb40dfc228245352e97156ddefa077b1)] -> xpath: (.//input[@aria-label='Fulfillment Status'])]
Failed

Order_Type
1-2185671940
Order_number
[[ChromeDriver: chrome on XP (3327bd937d50f56e748f9f211c9cca21)] -> xpath: (.//input[@aria-label='Status'])[1]]
Open
Open

[[ChromeDriver: chrome on XP (3327bd937d50f56e748f9f211c9cca21)] -> xpath: (.//input[@aria-label='Fulfillment Status'])]
Failed

Order_Type
1-2190575466
Order_number
[[ChromeDriver: chrome on XP (992fbbc55dd21fd3504025249388858e)] -> xpath: (.//input[@aria-label='Status'])[1]]
Cancelled
Cancelled

[[ChromeDriver: chrome on XP (992fbbc55dd21fd3504025249388858e)] -> xpath: (.//input[@aria-label='Fulfillment Status'])]
Cancelled

Order_Type
1-2185722026
Order_number
[[ChromeDriver: chrome on XP (e65e77e4abc10011a9ddd6c42e11f526)] -> xpath: (.//input[@aria-label='Status'])[1]]
Complete
Complete

[[ChromeDriver: chrome on XP (e65e77e4abc10011a9ddd6c42e11f526)] -> xpath: (.//input[@aria-label='Fulfillment Status'])]
Complete

Order_Type
1-2190555974
Order_number
[[ChromeDriver: chrome on XP (7729f5aefcb760973c020f16f1954df5)] -> xpath: (.//input[@aria-label='Status'])[1]]
Open
Open

[[ChromeDriver: chrome on XP (7729f5aefcb760973c020f16f1954df5)] -> xpath: (.//input[@aria-label='Fulfillment Status'])]
Failed

Order_Type
1-2190564884
Order_number
[[ChromeDriver: chrome on XP (af73a58954199c659a85a65f633a73c7)] -> xpath: (.//input[@aria-label='Status'])[1]]
Open
Open

[[ChromeDriver: chrome on XP (af73a58954199c659a85a65f633a73c7)] -> xpath: (.//input[@aria-label='Fulfillment Status'])]
In Progress

Order_Type

Order_number
[[ChromeDriver: chrome on XP (373532fb8f7d79420e11b5eb8529198e)] -> xpath: (.//input[@aria-label='Status'])[1]]
Open
Open

[[ChromeDriver: chrome on XP (373532fb8f7d79420e11b5eb8529198e)] -> xpath: (.//input[@aria-label='Fulfillment Status'])]
In Progress

Order_Type
1-2190595343
Order_number
[[ChromeDriver: chrome on XP (508775af1ce49f63710feefa314037a7)] -> xpath: (.//input[@aria-label='Status'])[1]]
Complete
Complete

[[ChromeDriver: chrome on XP (508775af1ce49f63710feefa314037a7)] -> xpath: (.//input[@aria-label='Fulfillment Status'])]
Complete

Order_Type
1-2190604623
Order_number
[[ChromeDriver: chrome on XP (55a07dc117daef819f7941e4ee5c6cd6)] -> xpath: (.//input[@aria-label='Status'])[1]]
Complete
Complete

[[ChromeDriver: chrome on XP (55a07dc117daef819f7941e4ee5c6cd6)] -> xpath: (.//input[@aria-label='Fulfillment Status'])]
Complete

Order_Type
1-2190614113
Order_number
[[ChromeDriver: chrome on XP (53ccdf88f5854bf8c1cedb0d36fe008c)] -> xpath: (.//input[@aria-label='Status'])[1]]
Complete
Complete

[[ChromeDriver: chrome on XP (53ccdf88f5854bf8c1cedb0d36fe008c)] -> xpath: (.//input[@aria-label='Fulfillment Status'])]
Complete

Order_Type
1-2190626113
Order_number
[[ChromeDriver: chrome on XP (01223fa0a1c9dee48c17fe5e875f2e62)] -> xpath: (.//input[@aria-label='Status'])[1]]
Complete
Complete

[[ChromeDriver: chrome on XP (01223fa0a1c9dee48c17fe5e875f2e62)] -> xpath: (.//input[@aria-label='Fulfillment Status'])]
Complete

Order_Type
1-2190631613
Order_number
[[ChromeDriver: chrome on XP (7ec1b7a51fcacc7652335cffdcca27a2)] -> xpath: (.//input[@aria-label='Status'])[1]]
Complete
Complete

[[ChromeDriver: chrome on XP (7ec1b7a51fcacc7652335cffdcca27a2)] -> xpath: (.//input[@aria-label='Fulfillment Status'])]
Complete

Order_Type

Order_number
[[ChromeDriver: chrome on XP (cfd3aef21cdc053a91642efb63212e79)] -> xpath: (.//input[@aria-label='Status'])[1]]
Complete
Complete

[[ChromeDriver: chrome on XP (cfd3aef21cdc053a91642efb63212e79)] -> xpath: (.//input[@aria-label='Fulfillment Status'])]
Complete

Order_Type
1-2185634892
Order_number
[[ChromeDriver: chrome on XP (42bb85b90cbd6fdd89a22eac66cd7d1c)] -> xpath: (.//input[@aria-label='Status'])[1]]
Abandoned
Abandoned

[[ChromeDriver: chrome on XP (42bb85b90cbd6fdd89a22eac66cd7d1c)] -> xpath: (.//input[@aria-label='Fulfillment Status'])]


Order_Type
1-2185638142
Order_number
[[ChromeDriver: chrome on XP (8cea2ef43ebe22f98302c8b9cfdc7bd2)] -> xpath: (.//input[@aria-label='Status'])[1]]
Open
Open

[[ChromeDriver: chrome on XP (8cea2ef43ebe22f98302c8b9cfdc7bd2)] -> xpath: (.//input[@aria-label='Fulfillment Status'])]
Failed

Order_Type

Order_number
[[ChromeDriver: chrome on XP (862969e97ccfe77ce24990d3f2be0c97)] -> xpath: (.//input[@aria-label='Status'])[1]]
Open
Open

[[ChromeDriver: chrome on XP (862969e97ccfe77ce24990d3f2be0c97)] -> xpath: (.//input[@aria-label='Fulfillment Status'])]
Failed

Order_Type
1-2186168793
Order_number
[[ChromeDriver: chrome on XP (5d9a089fa44e1f5350871f46242adcc7)] -> xpath: (.//input[@aria-label='Status'])[1]]
Open
Open

[[ChromeDriver: chrome on XP (5d9a089fa44e1f5350871f46242adcc7)] -> xpath: (.//input[@aria-label='Fulfillment Status'])]
Failed

Order_Type
1-2190546440
Order_number
[[ChromeDriver: chrome on XP (0bdc87a51a32d049962bc6ee1cf4a9ea)] -> xpath: (.//input[@aria-label='Status'])[1]]
Complete
Complete

[[ChromeDriver: chrome on XP (0bdc87a51a32d049962bc6ee1cf4a9ea)] -> xpath: (.//input[@aria-label='Fulfillment Status'])]
Complete

Order_Type
1-2193688527
Order_number
[[ChromeDriver: chrome on XP (5518d60cdf6f1f9d2a4765e122b7f441)] -> xpath: (.//input[@aria-label='Status'])[1]]
Open
Open

[[ChromeDriver: chrome on XP (5518d60cdf6f1f9d2a4765e122b7f441)] -> xpath: (.//input[@aria-label='Fulfillment Status'])]
Failed

Order_Type
1-2193629621
Order_number
[[ChromeDriver: chrome on XP (7389364f1465c093aad13ba69f6a2a91)] -> xpath: (.//input[@aria-label='Status'])[1]]
Open
Open

[[ChromeDriver: chrome on XP (7389364f1465c093aad13ba69f6a2a91)] -> xpath: (.//input[@aria-label='Fulfillment Status'])]


Order_Type
1-2194657782
Order_number
[[ChromeDriver: chrome on XP (733407534d16c9a700a920fe6d90f1a9)] -> xpath: (.//input[@aria-label='Status'])[1]]
Open
Open

[[ChromeDriver: chrome on XP (733407534d16c9a700a920fe6d90f1a9)] -> xpath: (.//input[@aria-label='Fulfillment Status'])]
Failed

Order_Type
1-2194911562
Order_number
[[ChromeDriver: chrome on XP (9e2a03c5b85a86d96ff464e03ea0a13e)] -> xpath: (.//input[@aria-label='Status'])[1]]
Open
Open
197001180236
[[ChromeDriver: chrome on XP (9e2a03c5b85a86d96ff464e03ea0a13e)] -> xpath: (.//input[@aria-label='Fulfillment Status'])]
In Progress

Order_Type
1-2194930042
Order_number
[[ChromeDriver: chrome on XP (472beae0b5d95bdf9d39d4e2918dfa62)] -> xpath: (.//input[@aria-label='Status'])[1]]
Complete
Complete
196912180145
[[ChromeDriver: chrome on XP (472beae0b5d95bdf9d39d4e2918dfa62)] -> xpath: (.//input[@aria-label='Fulfillment Status'])]
Complete

Order_Type

Order_number
[[ChromeDriver: chrome on XP (33f80c6e4392994e0e4dffc12eec4cfb)] -> xpath: (.//input[@aria-label='Status'])[1]]
Open
Open
194011110378
[[ChromeDriver: chrome on XP (33f80c6e4392994e0e4dffc12eec4cfb)] -> xpath: (.//input[@aria-label='Fulfillment Status'])]
In Progress

Order_Type

Order_number
[[ChromeDriver: chrome on XP (d2aac00d3bf3ebf2987ced1d762b5be3)] -> xpath: (.//input[@aria-label='Status'])[1]]
Pending
Pending

[[ChromeDriver: chrome on XP (d2aac00d3bf3ebf2987ced1d762b5be3)] -> xpath: (.//input[@aria-label='Fulfillment Status'])]


Order_Type
1-2185965340
Order_number
[[ChromeDriver: chrome on XP (9c4c4050c1ce6240b4bec74530e97e77)] -> xpath: (.//input[@aria-label='Status'])[1]]
Open
Open
Open
[[ChromeDriver: chrome on XP (9c4c4050c1ce6240b4bec74530e97e77)] -> xpath: (.//input[@aria-label='Fulfillment Status'])]
Failed


Order_Type

Order_number
[[ChromeDriver: chrome on XP (88c15381e28d6ea348353eb32430b26b)] -> xpath: (.//input[@aria-label='Status'])[1]]
Open
Open
Open
[[ChromeDriver: chrome on XP (88c15381e28d6ea348353eb32430b26b)] -> xpath: (.//input[@aria-label='Fulfillment Status'])]
Failed


Order_Type
1-2186976180
Order_number
[[ChromeDriver: chrome on XP (d4f167743e5b7d1e895fb64e7aa59e1f)] -> xpath: (.//input[@aria-label='Status'])[1]]
Open
Open
Complete
[[ChromeDriver: chrome on XP (d4f167743e5b7d1e895fb64e7aa59e1f)] -> xpath: (.//input[@aria-label='Fulfillment Status'])]
Failed

Order_Type
1-2190489770
Order_number
[[ChromeDriver: chrome on XP (0f559dc5b799b7b8434ae846590dc0a7)] -> xpath: (.//input[@aria-label='Status'])[1]]
Open
Open

[[ChromeDriver: chrome on XP (0f559dc5b799b7b8434ae846590dc0a7)] -> xpath: (.//input[@aria-label='Fulfillment Status'])]
In Progress

Order_Type
1-2190495671
Order_number
[[ChromeDriver: chrome on XP (29f752c5388a021f77795e952f472a0e)] -> xpath: (.//input[@aria-label='Status'])[1]]
Open
Open

[[ChromeDriver: chrome on XP (29f752c5388a021f77795e952f472a0e)] -> xpath: (.//input[@aria-label='Fulfillment Status'])]
In Progress

Order_Type
1-2186936541
Order_number
[[ChromeDriver: chrome on XP (b7ef7273e9e1c356ab9d434e0aa7820d)] -> xpath: (.//input[@aria-label='Status'])[1]]
Open
Open

[[ChromeDriver: chrome on XP (b7ef7273e9e1c356ab9d434e0aa7820d)] -> xpath: (.//input[@aria-label='Fulfillment Status'])]
Failed

Order_Type
1-2185671940
Order_number
[[ChromeDriver: chrome on XP (40460a39b83fd5d8e1d489495308ca4a)] -> xpath: (.//input[@aria-label='Status'])[1]]
Open
Open

[[ChromeDriver: chrome on XP (40460a39b83fd5d8e1d489495308ca4a)] -> xpath: (.//input[@aria-label='Fulfillment Status'])]
Failed

Order_Type
1-2190575466
Order_number
[[ChromeDriver: chrome on XP (64f5217963823f49f55cc0ef5b02a287)] -> xpath: (.//input[@aria-label='Status'])[1]]
Cancelled
Cancelled

[[ChromeDriver: chrome on XP (64f5217963823f49f55cc0ef5b02a287)] -> xpath: (.//input[@aria-label='Fulfillment Status'])]
Cancelled

Order_Type
1-2185722026
Order_number
[[ChromeDriver: chrome on XP (9e42d3ede00853189a111edb1ebae33f)] -> xpath: (.//input[@aria-label='Status'])[1]]
Complete
Complete

[[ChromeDriver: chrome on XP (9e42d3ede00853189a111edb1ebae33f)] -> xpath: (.//input[@aria-label='Fulfillment Status'])]
Complete

Order_Type
1-2190555974
Order_number
[[ChromeDriver: chrome on XP (b2b955d15a479f1f47f04b058f9d7df5)] -> xpath: (.//input[@aria-label='Status'])[1]]
Open
Open

[[ChromeDriver: chrome on XP (b2b955d15a479f1f47f04b058f9d7df5)] -> xpath: (.//input[@aria-label='Fulfillment Status'])]
Failed

Order_Type
1-2190564884
Order_number
[[ChromeDriver: chrome on XP (0cdcd5a0c4a7f179e17fc27d3ef05bf4)] -> xpath: (.//input[@aria-label='Status'])[1]]
Open
Open

[[ChromeDriver: chrome on XP (0cdcd5a0c4a7f179e17fc27d3ef05bf4)] -> xpath: (.//input[@aria-label='Fulfillment Status'])]
In Progress

Order_Type

Order_number
[[ChromeDriver: chrome on XP (c1754ca204cd275a116e7159ffa59ee8)] -> xpath: (.//input[@aria-label='Status'])[1]]
Open
Open

[[ChromeDriver: chrome on XP (c1754ca204cd275a116e7159ffa59ee8)] -> xpath: (.//input[@aria-label='Fulfillment Status'])]
In Progress

Order_Type
1-2190595343
Order_number
[[ChromeDriver: chrome on XP (b0c1a9335f2eaa1d7f30257d36df5360)] -> xpath: (.//input[@aria-label='Status'])[1]]
Complete
Complete

[[ChromeDriver: chrome on XP (b0c1a9335f2eaa1d7f30257d36df5360)] -> xpath: (.//input[@aria-label='Fulfillment Status'])]
Complete

Order_Type
1-2190604623
Order_number
[[ChromeDriver: chrome on XP (54d32af22bb6a8274b069907522121d4)] -> xpath: (.//input[@aria-label='Status'])[1]]
Complete
Complete

[[ChromeDriver: chrome on XP (54d32af22bb6a8274b069907522121d4)] -> xpath: (.//input[@aria-label='Fulfillment Status'])]
Complete

Order_Type
1-2190614113
Order_number
[[ChromeDriver: chrome on XP (4e5d52b1dbfef987a3c26dd8fddc020a)] -> xpath: (.//input[@aria-label='Status'])[1]]
Complete
Complete

[[ChromeDriver: chrome on XP (4e5d52b1dbfef987a3c26dd8fddc020a)] -> xpath: (.//input[@aria-label='Fulfillment Status'])]
Complete

Order_Type
1-2190626113
Order_number
[[ChromeDriver: chrome on XP (b76c43074f1f17f1e728ae73ad2df452)] -> xpath: (.//input[@aria-label='Status'])[1]]
Complete
Complete

[[ChromeDriver: chrome on XP (b76c43074f1f17f1e728ae73ad2df452)] -> xpath: (.//input[@aria-label='Fulfillment Status'])]
Complete

Order_Type
1-2190631613
Order_number
[[ChromeDriver: chrome on XP (eeef7d620bd5cb4b77c01f0a36440997)] -> xpath: (.//input[@aria-label='Status'])[1]]
Complete
Complete

[[ChromeDriver: chrome on XP (eeef7d620bd5cb4b77c01f0a36440997)] -> xpath: (.//input[@aria-label='Fulfillment Status'])]
Complete

Order_Type

Order_number
[[ChromeDriver: chrome on XP (530946e0dbd2574f4114057504447fec)] -> xpath: (.//input[@aria-label='Status'])[1]]
Complete
Complete

[[ChromeDriver: chrome on XP (530946e0dbd2574f4114057504447fec)] -> xpath: (.//input[@aria-label='Fulfillment Status'])]
Complete

Order_Type
1-2185634892
Order_number
[[ChromeDriver: chrome on XP (dc94341e51880df5f89fee0c001cfeb9)] -> xpath: (.//input[@aria-label='Status'])[1]]
Abandoned
Abandoned

[[ChromeDriver: chrome on XP (dc94341e51880df5f89fee0c001cfeb9)] -> xpath: (.//input[@aria-label='Fulfillment Status'])]


Order_Type
1-2185638142
Order_number
[[ChromeDriver: chrome on XP (f1daa333a463fa491a2b95b7ab716ff4)] -> xpath: (.//input[@aria-label='Status'])[1]]
Open
Open

[[ChromeDriver: chrome on XP (f1daa333a463fa491a2b95b7ab716ff4)] -> xpath: (.//input[@aria-label='Fulfillment Status'])]
Failed

Order_Type

Order_number
[[ChromeDriver: chrome on XP (33da907840d67398e4a5918a619ed739)] -> xpath: (.//input[@aria-label='Status'])[1]]
Open
Open

[[ChromeDriver: chrome on XP (33da907840d67398e4a5918a619ed739)] -> xpath: (.//input[@aria-label='Fulfillment Status'])]
Failed

Order_Type
1-2186168793
Order_number
[[ChromeDriver: chrome on XP (7d5a9d1c5e4e4198ae829562727e60a3)] -> xpath: (.//input[@aria-label='Status'])[1]]
Open
Open

[[ChromeDriver: chrome on XP (7d5a9d1c5e4e4198ae829562727e60a3)] -> xpath: (.//input[@aria-label='Fulfillment Status'])]
Failed

Order_Type
1-2190546440
Order_number
[[ChromeDriver: chrome on XP (6780a4e6db9bdeb9547737436204ca9a)] -> xpath: (.//input[@aria-label='Status'])[1]]
Complete
Complete

[[ChromeDriver: chrome on XP (6780a4e6db9bdeb9547737436204ca9a)] -> xpath: (.//input[@aria-label='Fulfillment Status'])]
Complete

Order_Type
1-2193688527
Order_number
[[ChromeDriver: chrome on XP (2481f96f6be8320d869f33e03c8bbc28)] -> xpath: (.//input[@aria-label='Status'])[1]]
Open
Open

[[ChromeDriver: chrome on XP (2481f96f6be8320d869f33e03c8bbc28)] -> xpath: (.//input[@aria-label='Fulfillment Status'])]
Failed

Order_Type
1-2193629621
Order_number
[[ChromeDriver: chrome on XP (dc040cd074575f8b324fe1a5c917775b)] -> xpath: (.//input[@aria-label='Status'])[1]]
Open
Open

[[ChromeDriver: chrome on XP (dc040cd074575f8b324fe1a5c917775b)] -> xpath: (.//input[@aria-label='Fulfillment Status'])]


Order_Type
1-2194657782
Order_number
[[ChromeDriver: chrome on XP (7e7d73ea682bf0dbcd27c88f3acead51)] -> xpath: (.//input[@aria-label='Status'])[1]]
Open
Open

[[ChromeDriver: chrome on XP (7e7d73ea682bf0dbcd27c88f3acead51)] -> xpath: (.//input[@aria-label='Fulfillment Status'])]
Failed

Order_Type
1-2194911562
Order_number
[[ChromeDriver: chrome on XP (09d52195aadb6bede3f832967ea208a1)] -> xpath: (.//input[@aria-label='Status'])[1]]
Open
Open
197001180236
[[ChromeDriver: chrome on XP (09d52195aadb6bede3f832967ea208a1)] -> xpath: (.//input[@aria-label='Fulfillment Status'])]
In Progress

Order_Type
1-2194930042
Order_number
[[ChromeDriver: chrome on XP (7675ba17f18f4562dc1f47d80cd76cac)] -> xpath: (.//input[@aria-label='Status'])[1]]
Complete
Complete
196912180145
[[ChromeDriver: chrome on XP (7675ba17f18f4562dc1f47d80cd76cac)] -> xpath: (.//input[@aria-label='Fulfillment Status'])]
Complete

Order_Type

Order_number
[[ChromeDriver: chrome on XP (41b7c3e7c71684dad6985b419894361f)] -> xpath: (.//input[@aria-label='Status'])[1]]
Open
Open
194011110378
[[ChromeDriver: chrome on XP (41b7c3e7c71684dad6985b419894361f)] -> xpath: (.//input[@aria-label='Fulfillment Status'])]
In Progress

Order_Type

Order_number
[[ChromeDriver: chrome on XP (4c7f44b5f26d804abccfa4693a93d459)] -> xpath: (.//input[@aria-label='Status'])[1]]
Pending
Pending

[[ChromeDriver: chrome on XP (4c7f44b5f26d804abccfa4693a93d459)] -> xpath: (.//input[@aria-label='Fulfillment Status'])]


Order_Type
1-2185965340
Order_number
[[ChromeDriver: chrome on XP (32bbc82f64df1e36efa43ac344bbe8b9)] -> xpath: (.//input[@aria-label='Status'])[1]]
Open
Open
Open
[[ChromeDriver: chrome on XP (32bbc82f64df1e36efa43ac344bbe8b9)] -> xpath: (.//input[@aria-label='Fulfillment Status'])]
Failed


Order_Type

Order_number
[[ChromeDriver: chrome on XP (d5d8ac9a5010ba2a527a1a98966ac6d1)] -> xpath: (.//input[@aria-label='Status'])[1]]
Open
Open
Open
[[ChromeDriver: chrome on XP (d5d8ac9a5010ba2a527a1a98966ac6d1)] -> xpath: (.//input[@aria-label='Fulfillment Status'])]
Failed


Order_Type
1-2186976180
Order_number
[[ChromeDriver: chrome on XP (22d55ba0ec9e3b8c1f5ec6e532de520c)] -> xpath: (.//input[@aria-label='Status'])[1]]
Open
Open
Complete
[[ChromeDriver: chrome on XP (22d55ba0ec9e3b8c1f5ec6e532de520c)] -> xpath: (.//input[@aria-label='Fulfillment Status'])]
Failed

Order_Type
1-2190489770
Order_number
[[ChromeDriver: chrome on XP (b98a8a096837d333d7e355a5858c9c2c)] -> xpath: (.//input[@aria-label='Status'])[1]]
Open
Open

[[ChromeDriver: chrome on XP (b98a8a096837d333d7e355a5858c9c2c)] -> xpath: (.//input[@aria-label='Fulfillment Status'])]
In Progress

Order_Type
1-2190495671
Order_number
[[ChromeDriver: chrome on XP (4d1c83575ae48ac4a776c84514473a52)] -> xpath: (.//input[@aria-label='Status'])[1]]
Open
Open

[[ChromeDriver: chrome on XP (4d1c83575ae48ac4a776c84514473a52)] -> xpath: (.//input[@aria-label='Fulfillment Status'])]
In Progress

Order_Type
1-2186936541
Order_number
[[ChromeDriver: chrome on XP (3c95478264f6edf465f8080686db9bc9)] -> xpath: (.//input[@aria-label='Status'])[1]]
Open
Open

[[ChromeDriver: chrome on XP (3c95478264f6edf465f8080686db9bc9)] -> xpath: (.//input[@aria-label='Fulfillment Status'])]
Failed

Order_Type
1-2185671940
Order_number
[[ChromeDriver: chrome on XP (afb96a451f06cf99c7775d2d2fff8da7)] -> xpath: (.//input[@aria-label='Status'])[1]]
Open
Open

[[ChromeDriver: chrome on XP (afb96a451f06cf99c7775d2d2fff8da7)] -> xpath: (.//input[@aria-label='Fulfillment Status'])]
Failed

Order_Type
1-2190575466
Order_number
[[ChromeDriver: chrome on XP (1d1adbf1147a8c6663c158d1b478188c)] -> xpath: (.//input[@aria-label='Status'])[1]]
Cancelled
Cancelled

[[ChromeDriver: chrome on XP (1d1adbf1147a8c6663c158d1b478188c)] -> xpath: (.//input[@aria-label='Fulfillment Status'])]
Cancelled

Order_Type
1-2185722026
Order_number
[[ChromeDriver: chrome on XP (dcef3eaed646dce0f940627db2633bde)] -> xpath: (.//input[@aria-label='Status'])[1]]
Complete
Complete

[[ChromeDriver: chrome on XP (dcef3eaed646dce0f940627db2633bde)] -> xpath: (.//input[@aria-label='Fulfillment Status'])]
Complete

Order_Type
1-2190555974
Order_number
[[ChromeDriver: chrome on XP (9788103099b4c4b3b115257a08374526)] -> xpath: (.//input[@aria-label='Status'])[1]]
Open
Open

[[ChromeDriver: chrome on XP (9788103099b4c4b3b115257a08374526)] -> xpath: (.//input[@aria-label='Fulfillment Status'])]
Failed

Order_Type
1-2190564884
Order_number
[[ChromeDriver: chrome on XP (07782a3522514c1664717ddfa56cb4bb)] -> xpath: (.//input[@aria-label='Status'])[1]]
Open
Open

[[ChromeDriver: chrome on XP (07782a3522514c1664717ddfa56cb4bb)] -> xpath: (.//input[@aria-label='Fulfillment Status'])]
In Progress

Order_Type

Order_number
[[ChromeDriver: chrome on XP (34bdd7c3d07f5f2a8727780c2d2d71ce)] -> xpath: (.//input[@aria-label='Status'])[1]]
Open
Open

[[ChromeDriver: chrome on XP (34bdd7c3d07f5f2a8727780c2d2d71ce)] -> xpath: (.//input[@aria-label='Fulfillment Status'])]
In Progress

Order_Type
1-2190595343
Order_number
[[ChromeDriver: chrome on XP (30bf7a4b7091adbecf82bab87dacc7c0)] -> xpath: (.//input[@aria-label='Status'])[1]]
Complete
Complete

[[ChromeDriver: chrome on XP (30bf7a4b7091adbecf82bab87dacc7c0)] -> xpath: (.//input[@aria-label='Fulfillment Status'])]
Complete

Order_Type
1-2190604623
Order_number
[[ChromeDriver: chrome on XP (d8e5a44cc4acb0746886abf01ec0177e)] -> xpath: (.//input[@aria-label='Status'])[1]]
Complete
Complete

[[ChromeDriver: chrome on XP (d8e5a44cc4acb0746886abf01ec0177e)] -> xpath: (.//input[@aria-label='Fulfillment Status'])]
Complete

Order_Type
1-2190614113
Order_number
[[ChromeDriver: chrome on XP (61d08d2b6e5153f2588d3923d8672eb4)] -> xpath: (.//input[@aria-label='Status'])[1]]
Complete
Complete

[[ChromeDriver: chrome on XP (61d08d2b6e5153f2588d3923d8672eb4)] -> xpath: (.//input[@aria-label='Fulfillment Status'])]
Complete

Order_Type
1-2190626113
Order_number
[[ChromeDriver: chrome on XP (5dd3356c9f77340b1ba01090661f2644)] -> xpath: (.//input[@aria-label='Status'])[1]]
Complete
Complete

[[ChromeDriver: chrome on XP (5dd3356c9f77340b1ba01090661f2644)] -> xpath: (.//input[@aria-label='Fulfillment Status'])]
Complete

Order_Type
1-2190631613
Order_number
[[ChromeDriver: chrome on XP (6a9391ed3988d832280f212bb69a28f4)] -> xpath: (.//input[@aria-label='Status'])[1]]
Complete
Complete

[[ChromeDriver: chrome on XP (6a9391ed3988d832280f212bb69a28f4)] -> xpath: (.//input[@aria-label='Fulfillment Status'])]
Complete

Order_Type

Order_number
[[ChromeDriver: chrome on XP (5107036ae5f9047858a84920df7543df)] -> xpath: (.//input[@aria-label='Status'])[1]]
Complete
Complete

[[ChromeDriver: chrome on XP (5107036ae5f9047858a84920df7543df)] -> xpath: (.//input[@aria-label='Fulfillment Status'])]
Complete

Order_Type
1-2185634892
Order_number
[[ChromeDriver: chrome on XP (97ca02bb0441edc86cf013c8103c6d49)] -> xpath: (.//input[@aria-label='Status'])[1]]
Abandoned
Abandoned

[[ChromeDriver: chrome on XP (97ca02bb0441edc86cf013c8103c6d49)] -> xpath: (.//input[@aria-label='Fulfillment Status'])]


Order_Type
1-2185638142
Order_number
[[ChromeDriver: chrome on XP (079473898fd352cfdcbd705587bc4570)] -> xpath: (.//input[@aria-label='Status'])[1]]
Open
Open

[[ChromeDriver: chrome on XP (079473898fd352cfdcbd705587bc4570)] -> xpath: (.//input[@aria-label='Fulfillment Status'])]
Failed

Order_Type

Order_number
[[ChromeDriver: chrome on XP (3548a645645b0bc4add012f6b5c04daf)] -> xpath: (.//input[@aria-label='Status'])[1]]
Open
Open

[[ChromeDriver: chrome on XP (3548a645645b0bc4add012f6b5c04daf)] -> xpath: (.//input[@aria-label='Fulfillment Status'])]
Failed

Order_Type
1-2186168793
Order_number
[[ChromeDriver: chrome on XP (918b0d1b5928a842d9d4d0f43b73abe9)] -> xpath: (.//input[@aria-label='Status'])[1]]
Open
Open

[[ChromeDriver: chrome on XP (918b0d1b5928a842d9d4d0f43b73abe9)] -> xpath: (.//input[@aria-label='Fulfillment Status'])]
Failed

Order_Type
1-2190546440
Order_number
[[ChromeDriver: chrome on XP (1716ce23a7b7910c6d35be9b904380fc)] -> xpath: (.//input[@aria-label='Status'])[1]]
Complete
Complete

[[ChromeDriver: chrome on XP (1716ce23a7b7910c6d35be9b904380fc)] -> xpath: (.//input[@aria-label='Fulfillment Status'])]
Complete

Order_Type
1-2193688527
Order_number
[[ChromeDriver: chrome on XP (5fac1f0d9e1ab7f7e87497b846859f3f)] -> xpath: (.//input[@aria-label='Status'])[1]]
Open
Open

[[ChromeDriver: chrome on XP (5fac1f0d9e1ab7f7e87497b846859f3f)] -> xpath: (.//input[@aria-label='Fulfillment Status'])]
Failed

Order_Type
1-2193629621
Order_number
[[ChromeDriver: chrome on XP (508bba75e8675571fc0af207e4dfdc4b)] -> xpath: (.//input[@aria-label='Status'])[1]]
Open
Open

[[ChromeDriver: chrome on XP (508bba75e8675571fc0af207e4dfdc4b)] -> xpath: (.//input[@aria-label='Fulfillment Status'])]


Order_Type
1-2194657782
Order_number
[[ChromeDriver: chrome on XP (bdc3758771957565a176f7b160c7ae1a)] -> xpath: (.//input[@aria-label='Status'])[1]]
Open
Open

[[ChromeDriver: chrome on XP (bdc3758771957565a176f7b160c7ae1a)] -> xpath: (.//input[@aria-label='Fulfillment Status'])]
Failed

Order_Type
1-2194911562
Order_number
[[ChromeDriver: chrome on XP (6c86f4cf1621af610ef0e14bfebe52a2)] -> xpath: (.//input[@aria-label='Status'])[1]]
Open
Open
197001180236
[[ChromeDriver: chrome on XP (6c86f4cf1621af610ef0e14bfebe52a2)] -> xpath: (.//input[@aria-label='Fulfillment Status'])]
In Progress

Order_Type
1-2194930042
Order_number
[[ChromeDriver: chrome on XP (7120583879ab0798f58124a99b578bf6)] -> xpath: (.//input[@aria-label='Status'])[1]]
Complete
Complete
196912180145
[[ChromeDriver: chrome on XP (7120583879ab0798f58124a99b578bf6)] -> xpath: (.//input[@aria-label='Fulfillment Status'])]
Complete

Order_Type

Order_number
[[ChromeDriver: chrome on XP (70654bc9d3f09648282a96bdf91f4fbf)] -> xpath: (.//input[@aria-label='Status'])[1]]
Open
Open
194011110378
[[ChromeDriver: chrome on XP (70654bc9d3f09648282a96bdf91f4fbf)] -> xpath: (.//input[@aria-label='Fulfillment Status'])]
In Progress

Order_Type

Order_number
[[ChromeDriver: chrome on XP (937387ec6f07b19f8f51365a51bf5766)] -> xpath: (.//input[@aria-label='Status'])[1]]
Pending
Pending

[[ChromeDriver: chrome on XP (937387ec6f07b19f8f51365a51bf5766)] -> xpath: (.//input[@aria-label='Fulfillment Status'])]


Order_Type
1-2185965340
Order_number
[[ChromeDriver: chrome on XP (22f8f3ea646a775f2c93c298b3c726e5)] -> xpath: (.//input[@aria-label='Status'])[1]]
Open
Open
Open
[[ChromeDriver: chrome on XP (22f8f3ea646a775f2c93c298b3c726e5)] -> xpath: (.//input[@aria-label='Fulfillment Status'])]
Failed


Order_Type

Order_number
[[ChromeDriver: chrome on XP (1b83a8044a8279a8a406de9d231a0f77)] -> xpath: (.//input[@aria-label='Status'])[1]]
Open
Open
Open
[[ChromeDriver: chrome on XP (1b83a8044a8279a8a406de9d231a0f77)] -> xpath: (.//input[@aria-label='Fulfillment Status'])]
Failed


Order_Type
1-2186976180
Order_number
[[ChromeDriver: chrome on XP (24bd372121231aa1bc36f29e8c1bf74b)] -> xpath: (.//input[@aria-label='Status'])[1]]
Open
Open
Complete
[[ChromeDriver: chrome on XP (24bd372121231aa1bc36f29e8c1bf74b)] -> xpath: (.//input[@aria-label='Fulfillment Status'])]
Failed

Order_Type
1-2190489770
Order_number
[[ChromeDriver: chrome on XP (ce8143d08aaee8f3cf4d507784614a96)] -> xpath: (.//input[@aria-label='Status'])[1]]
Open
Open

[[ChromeDriver: chrome on XP (ce8143d08aaee8f3cf4d507784614a96)] -> xpath: (.//input[@aria-label='Fulfillment Status'])]
In Progress

Order_Type
1-2190495671
Order_number
[[ChromeDriver: chrome on XP (4dd8559e2ea28b29e982d07b092be12f)] -> xpath: (.//input[@aria-label='Status'])[1]]
Open
Open

[[ChromeDriver: chrome on XP (4dd8559e2ea28b29e982d07b092be12f)] -> xpath: (.//input[@aria-label='Fulfillment Status'])]
In Progress

Order_Type
1-2186936541
Order_number
[[ChromeDriver: chrome on XP (f0093ae7ac7b6617b5dc3d425641a617)] -> xpath: (.//input[@aria-label='Status'])[1]]
Open
Open

[[ChromeDriver: chrome on XP (f0093ae7ac7b6617b5dc3d425641a617)] -> xpath: (.//input[@aria-label='Fulfillment Status'])]
Failed

Order_Type
1-2185671940
Order_number
[[ChromeDriver: chrome on XP (fda7e0fac04eacf5cb598a0f081bd8c7)] -> xpath: (.//input[@aria-label='Status'])[1]]
Open
Open

[[ChromeDriver: chrome on XP (fda7e0fac04eacf5cb598a0f081bd8c7)] -> xpath: (.//input[@aria-label='Fulfillment Status'])]
Failed

Order_Type
1-2190575466
Order_number
[[ChromeDriver: chrome on XP (1783fc948b378c948d281678f8fab196)] -> xpath: (.//input[@aria-label='Status'])[1]]
Cancelled
Cancelled

[[ChromeDriver: chrome on XP (1783fc948b378c948d281678f8fab196)] -> xpath: (.//input[@aria-label='Fulfillment Status'])]
Cancelled

Order_Type
1-2185722026
Order_number
[[ChromeDriver: chrome on XP (3c4ad47f76b7cc13e59e5067c1901682)] -> xpath: (.//input[@aria-label='Status'])[1]]
Complete
Complete

[[ChromeDriver: chrome on XP (3c4ad47f76b7cc13e59e5067c1901682)] -> xpath: (.//input[@aria-label='Fulfillment Status'])]
Complete

Order_Type
1-2190555974
Order_number
[[ChromeDriver: chrome on XP (fcdfeee282f7dc55c83b299f9cbbeaf6)] -> xpath: (.//input[@aria-label='Status'])[1]]
Open
Open

[[ChromeDriver: chrome on XP (fcdfeee282f7dc55c83b299f9cbbeaf6)] -> xpath: (.//input[@aria-label='Fulfillment Status'])]
Failed

Order_Type
1-2190564884
Order_number
[[ChromeDriver: chrome on XP (69fed96f047715c8f01abc3069bd5269)] -> xpath: (.//input[@aria-label='Status'])[1]]
Open
Open

[[ChromeDriver: chrome on XP (69fed96f047715c8f01abc3069bd5269)] -> xpath: (.//input[@aria-label='Fulfillment Status'])]
In Progress

Order_Type

Order_number
[[ChromeDriver: chrome on XP (7928a3463fffdb6822eb544ad9825e4e)] -> xpath: (.//input[@aria-label='Status'])[1]]
Open
Open

[[ChromeDriver: chrome on XP (7928a3463fffdb6822eb544ad9825e4e)] -> xpath: (.//input[@aria-label='Fulfillment Status'])]
In Progress

Order_Type
1-2190595343
Order_number
[[ChromeDriver: chrome on XP (51b693f13a25759cbe7ed61e7de9267c)] -> xpath: (.//input[@aria-label='Status'])[1]]
Complete
Complete

[[ChromeDriver: chrome on XP (51b693f13a25759cbe7ed61e7de9267c)] -> xpath: (.//input[@aria-label='Fulfillment Status'])]
Complete

Order_Type
1-2190604623
Order_number
[[ChromeDriver: chrome on XP (2080d774556601b56c09e9e03e7678c7)] -> xpath: (.//input[@aria-label='Status'])[1]]
Complete
Complete

[[ChromeDriver: chrome on XP (2080d774556601b56c09e9e03e7678c7)] -> xpath: (.//input[@aria-label='Fulfillment Status'])]
Complete

Order_Type
1-2190614113
Order_number
[[ChromeDriver: chrome on XP (d581ed19ea9cb9970372b551541b47ce)] -> xpath: (.//input[@aria-label='Status'])[1]]
Complete
Complete

[[ChromeDriver: chrome on XP (d581ed19ea9cb9970372b551541b47ce)] -> xpath: (.//input[@aria-label='Fulfillment Status'])]
Complete

Order_Type
1-2190626113
Order_number
[[ChromeDriver: chrome on XP (a9cbb56e4eb94b713ebb0abd4b3b7aa3)] -> xpath: (.//input[@aria-label='Status'])[1]]
Complete
Complete

[[ChromeDriver: chrome on XP (a9cbb56e4eb94b713ebb0abd4b3b7aa3)] -> xpath: (.//input[@aria-label='Fulfillment Status'])]
Complete

Order_Type
1-2190631613
Order_number
[[ChromeDriver: chrome on XP (e0f47b25650612e67b3d367247a5c65f)] -> xpath: (.//input[@aria-label='Status'])[1]]
Complete
Complete

[[ChromeDriver: chrome on XP (e0f47b25650612e67b3d367247a5c65f)] -> xpath: (.//input[@aria-label='Fulfillment Status'])]
Complete

Order_Type

Order_number
[[ChromeDriver: chrome on XP (a92952fb152d244f21164e30f5e2fc15)] -> xpath: (.//input[@aria-label='Status'])[1]]
Complete
Complete

[[ChromeDriver: chrome on XP (a92952fb152d244f21164e30f5e2fc15)] -> xpath: (.//input[@aria-label='Fulfillment Status'])]
Complete

Order_Type
1-2185634892
Order_number
[[ChromeDriver: chrome on XP (0f915be12f40ea971c7f17eedc415c77)] -> xpath: (.//input[@aria-label='Status'])[1]]
Abandoned
Abandoned

[[ChromeDriver: chrome on XP (0f915be12f40ea971c7f17eedc415c77)] -> xpath: (.//input[@aria-label='Fulfillment Status'])]


Order_Type
1-2185638142
Order_number
[[ChromeDriver: chrome on XP (277bada29f38bed14a8b1dd27a4eba2e)] -> xpath: (.//input[@aria-label='Status'])[1]]
Open
Open

[[ChromeDriver: chrome on XP (277bada29f38bed14a8b1dd27a4eba2e)] -> xpath: (.//input[@aria-label='Fulfillment Status'])]
Failed

Order_Type

Order_number
[[ChromeDriver: chrome on XP (db3602bbcbf4c5c69b361a539d95e280)] -> xpath: (.//input[@aria-label='Status'])[1]]
Open
Open

[[ChromeDriver: chrome on XP (db3602bbcbf4c5c69b361a539d95e280)] -> xpath: (.//input[@aria-label='Fulfillment Status'])]
Failed

Order_Type
1-2186168793
Order_number
[[ChromeDriver: chrome on XP (8358aee7e99e3e2b8db18d869ad52b49)] -> xpath: (.//input[@aria-label='Status'])[1]]
Open
Open

[[ChromeDriver: chrome on XP (8358aee7e99e3e2b8db18d869ad52b49)] -> xpath: (.//input[@aria-label='Fulfillment Status'])]
Failed

Order_Type
1-2190546440
Order_number
[[ChromeDriver: chrome on XP (a4f83f8369be31d8c0c59021e45623a3)] -> xpath: (.//input[@aria-label='Status'])[1]]
Complete
Complete

[[ChromeDriver: chrome on XP (a4f83f8369be31d8c0c59021e45623a3)] -> xpath: (.//input[@aria-label='Fulfillment Status'])]
Complete

Order_Type
1-2193688527
Order_number
[[ChromeDriver: chrome on XP (84a7bdf684c9b908a2d45115acf300e1)] -> xpath: (.//input[@aria-label='Status'])[1]]
Open
Open

[[ChromeDriver: chrome on XP (84a7bdf684c9b908a2d45115acf300e1)] -> xpath: (.//input[@aria-label='Fulfillment Status'])]
Failed

Order_Type
1-2193629621
Order_number
[[ChromeDriver: chrome on XP (a26e764de5fac68c87c5fef0f3adbda0)] -> xpath: (.//input[@aria-label='Status'])[1]]
Open
Open

[[ChromeDriver: chrome on XP (a26e764de5fac68c87c5fef0f3adbda0)] -> xpath: (.//input[@aria-label='Fulfillment Status'])]


Order_Type
1-2194657782
Order_number
[[ChromeDriver: chrome on XP (3373e712b301ed6765fa7369500033f6)] -> xpath: (.//input[@aria-label='Status'])[1]]
Open
Open

[[ChromeDriver: chrome on XP (3373e712b301ed6765fa7369500033f6)] -> xpath: (.//input[@aria-label='Fulfillment Status'])]
Failed

Order_Type
1-2194911562
Order_number
[[ChromeDriver: chrome on XP (5031a91dd3052b2825de901defe31f96)] -> xpath: (.//input[@aria-label='Status'])[1]]
Open
Open
197001180236
[[ChromeDriver: chrome on XP (5031a91dd3052b2825de901defe31f96)] -> xpath: (.//input[@aria-label='Fulfillment Status'])]
In Progress

Order_Type
1-2194930042
Order_number
[[ChromeDriver: chrome on XP (a76e73923d8aeba9b10550271a827843)] -> xpath: (.//input[@aria-label='Status'])[1]]
Complete
Complete
196912180145
[[ChromeDriver: chrome on XP (a76e73923d8aeba9b10550271a827843)] -> xpath: (.//input[@aria-label='Fulfillment Status'])]
Complete

Order_Type

Order_number
[[ChromeDriver: chrome on XP (d0b2ed85a3cf60ae57f5de7e6d013d4f)] -> xpath: (.//input[@aria-label='Status'])[1]]
Open
Open
194011110378
[[ChromeDriver: chrome on XP (d0b2ed85a3cf60ae57f5de7e6d013d4f)] -> xpath: (.//input[@aria-label='Fulfillment Status'])]
In Progress

Order_Type

Order_number
[[ChromeDriver: chrome on XP (4266205222ba24e9e710ca2d0f20fec4)] -> xpath: (.//input[@aria-label='Status'])[1]]
Pending
Pending

[[ChromeDriver: chrome on XP (4266205222ba24e9e710ca2d0f20fec4)] -> xpath: (.//input[@aria-label='Fulfillment Status'])]


Order_Type
1-2185965340
Order_number
[[ChromeDriver: chrome on XP (bf29033b21616a5253abc01bc7ef8d41)] -> xpath: (.//input[@aria-label='Status'])[1]]
Open
Open
Open
[[ChromeDriver: chrome on XP (bf29033b21616a5253abc01bc7ef8d41)] -> xpath: (.//input[@aria-label='Fulfillment Status'])]
Failed


Order_Type

Order_number
[[ChromeDriver: chrome on XP (c5314e76901a1f1e49361400a1b4206a)] -> xpath: (.//input[@aria-label='Status'])[1]]
Open
Open
Open
[[ChromeDriver: chrome on XP (c5314e76901a1f1e49361400a1b4206a)] -> xpath: (.//input[@aria-label='Fulfillment Status'])]
Failed


Order_Type
1-2186976180
Order_number
[[ChromeDriver: chrome on XP (222714ccc1d433078c809b5dbbff1927)] -> xpath: (.//input[@aria-label='Status'])[1]]
Open
Open
Complete
[[ChromeDriver: chrome on XP (222714ccc1d433078c809b5dbbff1927)] -> xpath: (.//input[@aria-label='Fulfillment Status'])]
Failed

Order_Type
1-2190489770
Order_number
[[ChromeDriver: chrome on XP (2381f8017cb3c8b3b8e6fafccdfa89a8)] -> xpath: (.//input[@aria-label='Status'])[1]]
Open
Open

[[ChromeDriver: chrome on XP (2381f8017cb3c8b3b8e6fafccdfa89a8)] -> xpath: (.//input[@aria-label='Fulfillment Status'])]
In Progress

Order_Type
1-2190495671
Order_number
[[ChromeDriver: chrome on XP (0101ff6757c11e85d0cbe82d2da994b2)] -> xpath: (.//input[@aria-label='Status'])[1]]
Open
Open

[[ChromeDriver: chrome on XP (0101ff6757c11e85d0cbe82d2da994b2)] -> xpath: (.//input[@aria-label='Fulfillment Status'])]
In Progress

Order_Type
1-2186936541
Order_number
[[ChromeDriver: chrome on XP (d709a1d31f9a6ec10013965332a3e020)] -> xpath: (.//input[@aria-label='Status'])[1]]
Open
Open

[[ChromeDriver: chrome on XP (d709a1d31f9a6ec10013965332a3e020)] -> xpath: (.//input[@aria-label='Fulfillment Status'])]
Failed

Order_Type
1-2185671940
Order_number
[[ChromeDriver: chrome on XP (a31283384ad5741048fac0b2091a2443)] -> xpath: (.//input[@aria-label='Status'])[1]]
Open
Open

[[ChromeDriver: chrome on XP (a31283384ad5741048fac0b2091a2443)] -> xpath: (.//input[@aria-label='Fulfillment Status'])]
Failed

Order_Type
1-2190575466
Order_number
[[ChromeDriver: chrome on XP (89861b84230ff35a74c57bc05c7406b7)] -> xpath: (.//input[@aria-label='Status'])[1]]
Cancelled
Cancelled

[[ChromeDriver: chrome on XP (89861b84230ff35a74c57bc05c7406b7)] -> xpath: (.//input[@aria-label='Fulfillment Status'])]
Cancelled

Order_Type
1-2185722026
Order_number
[[ChromeDriver: chrome on XP (f13be032ac0586ef4f652999479972ad)] -> xpath: (.//input[@aria-label='Status'])[1]]
Complete
Complete

[[ChromeDriver: chrome on XP (f13be032ac0586ef4f652999479972ad)] -> xpath: (.//input[@aria-label='Fulfillment Status'])]
Complete

Order_Type
1-2190555974
Order_number
[[ChromeDriver: chrome on XP (664845ab339832d94f44673ee1220114)] -> xpath: (.//input[@aria-label='Status'])[1]]
Open
Open

[[ChromeDriver: chrome on XP (664845ab339832d94f44673ee1220114)] -> xpath: (.//input[@aria-label='Fulfillment Status'])]
Failed

Order_Type
1-2190564884
Order_number
[[ChromeDriver: chrome on XP (644cf4992a4a5b4579cc7664b08bd9ba)] -> xpath: (.//input[@aria-label='Status'])[1]]
Open
Open

[[ChromeDriver: chrome on XP (644cf4992a4a5b4579cc7664b08bd9ba)] -> xpath: (.//input[@aria-label='Fulfillment Status'])]
In Progress

Order_Type

Order_number
[[ChromeDriver: chrome on XP (5f0f6d09b1d5eb8ba3eb14bd8dc92275)] -> xpath: (.//input[@aria-label='Status'])[1]]
Open
Open

[[ChromeDriver: chrome on XP (5f0f6d09b1d5eb8ba3eb14bd8dc92275)] -> xpath: (.//input[@aria-label='Fulfillment Status'])]
In Progress

Order_Type
1-2190595343
Order_number
[[ChromeDriver: chrome on XP (7aa9e8dfeb71e1767d63070863639b95)] -> xpath: (.//input[@aria-label='Status'])[1]]
Complete
Complete

[[ChromeDriver: chrome on XP (7aa9e8dfeb71e1767d63070863639b95)] -> xpath: (.//input[@aria-label='Fulfillment Status'])]
Complete

Order_Type
1-2190604623
Order_number
[[ChromeDriver: chrome on XP (fc14505550526455e99c9236a66039e1)] -> xpath: (.//input[@aria-label='Status'])[1]]
Complete
Complete

[[ChromeDriver: chrome on XP (fc14505550526455e99c9236a66039e1)] -> xpath: (.//input[@aria-label='Fulfillment Status'])]
Complete

Order_Type
1-2190614113
Order_number
[[ChromeDriver: chrome on XP (3fccf1fd026bce6fe8c14eb39e8e2616)] -> xpath: (.//input[@aria-label='Status'])[1]]
Complete
Complete

[[ChromeDriver: chrome on XP (3fccf1fd026bce6fe8c14eb39e8e2616)] -> xpath: (.//input[@aria-label='Fulfillment Status'])]
Complete

Order_Type
1-2190626113
Order_number
[[ChromeDriver: chrome on XP (4bfaecfeef8403297f261c31cf76e80e)] -> xpath: (.//input[@aria-label='Status'])[1]]
Complete
Complete

[[ChromeDriver: chrome on XP (4bfaecfeef8403297f261c31cf76e80e)] -> xpath: (.//input[@aria-label='Fulfillment Status'])]
Complete

Order_Type
1-2190631613
Order_number
[[ChromeDriver: chrome on XP (38101f40d237afa5520c0d76338205b5)] -> xpath: (.//input[@aria-label='Status'])[1]]
Complete
Complete

[[ChromeDriver: chrome on XP (38101f40d237afa5520c0d76338205b5)] -> xpath: (.//input[@aria-label='Fulfillment Status'])]
Complete

Order_Type

Order_number
[[ChromeDriver: chrome on XP (e573024ec9332c078857d1a9aa382082)] -> xpath: (.//input[@aria-label='Status'])[1]]
Complete
Complete

[[ChromeDriver: chrome on XP (e573024ec9332c078857d1a9aa382082)] -> xpath: (.//input[@aria-label='Fulfillment Status'])]
Complete

Order_Type
1-2185634892
Order_number
[[ChromeDriver: chrome on XP (172a6cb61e922edba7ad81f1e47b5445)] -> xpath: (.//input[@aria-label='Status'])[1]]
Abandoned
Abandoned

[[ChromeDriver: chrome on XP (172a6cb61e922edba7ad81f1e47b5445)] -> xpath: (.//input[@aria-label='Fulfillment Status'])]


Order_Type
1-2185638142
Order_number
[[ChromeDriver: chrome on XP (7143d03e6bb61bd73ed93e3bfac872d3)] -> xpath: (.//input[@aria-label='Status'])[1]]
Open
Open

[[ChromeDriver: chrome on XP (7143d03e6bb61bd73ed93e3bfac872d3)] -> xpath: (.//input[@aria-label='Fulfillment Status'])]
Failed

Order_Type

Order_number
[[ChromeDriver: chrome on XP (20e38de3963cf58eb628bb04c69b6603)] -> xpath: (.//input[@aria-label='Status'])[1]]
Open
Open

[[ChromeDriver: chrome on XP (20e38de3963cf58eb628bb04c69b6603)] -> xpath: (.//input[@aria-label='Fulfillment Status'])]
Failed

Order_Type
1-2186168793
Order_number
[[ChromeDriver: chrome on XP (5f3e248cf820837d5e86bcef922cdc1f)] -> xpath: (.//input[@aria-label='Status'])[1]]
Open
Open

[[ChromeDriver: chrome on XP (5f3e248cf820837d5e86bcef922cdc1f)] -> xpath: (.//input[@aria-label='Fulfillment Status'])]
Failed

Order_Type
1-2190546440
Order_number
[[ChromeDriver: chrome on XP (4cd05e456f4ef6c0d0990d87cc39a7f6)] -> xpath: (.//input[@aria-label='Status'])[1]]
Complete
Complete

[[ChromeDriver: chrome on XP (4cd05e456f4ef6c0d0990d87cc39a7f6)] -> xpath: (.//input[@aria-label='Fulfillment Status'])]
Complete

Order_Type
1-2193688527
Order_number
[[ChromeDriver: chrome on XP (8aa4de9d31ee95d912f22734c7e5cedb)] -> xpath: (.//input[@aria-label='Status'])[1]]
Open
Open

[[ChromeDriver: chrome on XP (8aa4de9d31ee95d912f22734c7e5cedb)] -> xpath: (.//input[@aria-label='Fulfillment Status'])]
Failed

Order_Type
1-2193629621
Order_number
[[ChromeDriver: chrome on XP (b977e8598715c600b1d07a49ec7842cd)] -> xpath: (.//input[@aria-label='Status'])[1]]
Open
Open

[[ChromeDriver: chrome on XP (b977e8598715c600b1d07a49ec7842cd)] -> xpath: (.//input[@aria-label='Fulfillment Status'])]


Order_Type
1-2194657782
Order_number
[[ChromeDriver: chrome on XP (394938d7222408cdcfcd12933d8ab770)] -> xpath: (.//input[@aria-label='Status'])[1]]
Open
Open

[[ChromeDriver: chrome on XP (394938d7222408cdcfcd12933d8ab770)] -> xpath: (.//input[@aria-label='Fulfillment Status'])]
Failed

Order_Type
1-2194911562
Order_number
[[ChromeDriver: chrome on XP (73397e99cee2f9f7a725a83371a7e2ad)] -> xpath: (.//input[@aria-label='Status'])[1]]
Open
Open
197001180236
[[ChromeDriver: chrome on XP (73397e99cee2f9f7a725a83371a7e2ad)] -> xpath: (.//input[@aria-label='Fulfillment Status'])]
In Progress

Order_Type
1-2194930042
Order_number
[[ChromeDriver: chrome on XP (e10ca5dbadff57ef9890c1d09aeae573)] -> xpath: (.//input[@aria-label='Status'])[1]]
Complete
Complete
196912180145
[[ChromeDriver: chrome on XP (e10ca5dbadff57ef9890c1d09aeae573)] -> xpath: (.//input[@aria-label='Fulfillment Status'])]
Complete

Order_Type

Order_number
[[ChromeDriver: chrome on XP (8f19efab48a1d0f0c693f66a81d8f8ed)] -> xpath: (.//input[@aria-label='Status'])[1]]
Open
Open
194011110378
[[ChromeDriver: chrome on XP (8f19efab48a1d0f0c693f66a81d8f8ed)] -> xpath: (.//input[@aria-label='Fulfillment Status'])]
In Progress

Order_Type

Order_number
[[ChromeDriver: chrome on XP (34be4614ce09e555a58216060f88eb24)] -> xpath: (.//input[@aria-label='Status'])[1]]
Pending
Pending

[[ChromeDriver: chrome on XP (34be4614ce09e555a58216060f88eb24)] -> xpath: (.//input[@aria-label='Fulfillment Status'])]


Order_Type
1-2185965340
Order_number
[[ChromeDriver: chrome on XP (96633c563e86203c3d6906997001a6fe)] -> xpath: (.//input[@aria-label='Status'])[1]]
Open
Open
Open
[[ChromeDriver: chrome on XP (96633c563e86203c3d6906997001a6fe)] -> xpath: (.//input[@aria-label='Fulfillment Status'])]
Failed


Order_Type

Order_number
[[ChromeDriver: chrome on XP (79ca2be98730186ddd16aa253768783d)] -> xpath: (.//input[@aria-label='Status'])[1]]
Open
Open
Open
[[ChromeDriver: chrome on XP (79ca2be98730186ddd16aa253768783d)] -> xpath: (.//input[@aria-label='Fulfillment Status'])]
Failed


Order_Type
1-2186976180
Order_number
[[ChromeDriver: chrome on XP (c33273a191c280ecbd946baa73799052)] -> xpath: (.//input[@aria-label='Status'])[1]]
Open
Open
Complete
[[ChromeDriver: chrome on XP (c33273a191c280ecbd946baa73799052)] -> xpath: (.//input[@aria-label='Fulfillment Status'])]
Failed

Order_Type
1-2190489770
Order_number
[[ChromeDriver: chrome on XP (1cd5b9a326eb2c16aef92b0d660c4b26)] -> xpath: (.//input[@aria-label='Status'])[1]]
Open
Open

[[ChromeDriver: chrome on XP (1cd5b9a326eb2c16aef92b0d660c4b26)] -> xpath: (.//input[@aria-label='Fulfillment Status'])]
In Progress

Order_Type
1-2190495671
Order_number
[[ChromeDriver: chrome on XP (a65b2f22505ddc5bf08b819dfe08d475)] -> xpath: (.//input[@aria-label='Status'])[1]]
Open
Open

[[ChromeDriver: chrome on XP (a65b2f22505ddc5bf08b819dfe08d475)] -> xpath: (.//input[@aria-label='Fulfillment Status'])]
In Progress

Order_Type
1-2186936541
Order_number
[[ChromeDriver: chrome on XP (cb0320d959f9664db12aa62dc94fac11)] -> xpath: (.//input[@aria-label='Status'])[1]]
Open
Open

[[ChromeDriver: chrome on XP (cb0320d959f9664db12aa62dc94fac11)] -> xpath: (.//input[@aria-label='Fulfillment Status'])]
Failed

Order_Type
1-2185671940
Order_number
[[ChromeDriver: chrome on XP (b12bd8233c906865e351a44894256aa9)] -> xpath: (.//input[@aria-label='Status'])[1]]
Open
Open

[[ChromeDriver: chrome on XP (b12bd8233c906865e351a44894256aa9)] -> xpath: (.//input[@aria-label='Fulfillment Status'])]
Failed

Order_Type
1-2190575466
Order_number
[[ChromeDriver: chrome on XP (e24dcf00a004e46f9ed61245f994f52a)] -> xpath: (.//input[@aria-label='Status'])[1]]
Cancelled
Cancelled

[[ChromeDriver: chrome on XP (e24dcf00a004e46f9ed61245f994f52a)] -> xpath: (.//input[@aria-label='Fulfillment Status'])]
Cancelled

Order_Type
1-2185722026
Order_number
[[ChromeDriver: chrome on XP (0b0dbb2b06e219b3093dde3a1548df9d)] -> xpath: (.//input[@aria-label='Status'])[1]]
Complete
Complete

[[ChromeDriver: chrome on XP (0b0dbb2b06e219b3093dde3a1548df9d)] -> xpath: (.//input[@aria-label='Fulfillment Status'])]
Complete

Order_Type
1-2190555974
Order_number
[[ChromeDriver: chrome on XP (c90e7677e5fdad592d3789d70caced5f)] -> xpath: (.//input[@aria-label='Status'])[1]]
Open
Open

[[ChromeDriver: chrome on XP (c90e7677e5fdad592d3789d70caced5f)] -> xpath: (.//input[@aria-label='Fulfillment Status'])]
Failed

Order_Type
1-2190564884
Order_number
[[ChromeDriver: chrome on XP (9b40216378e5db9d35e575359242525d)] -> xpath: (.//input[@aria-label='Status'])[1]]
Open
Open

[[ChromeDriver: chrome on XP (9b40216378e5db9d35e575359242525d)] -> xpath: (.//input[@aria-label='Fulfillment Status'])]
In Progress

Order_Type

Order_number
[[ChromeDriver: chrome on XP (9b23141f45f01a375b60dc44175f2b17)] -> xpath: (.//input[@aria-label='Status'])[1]]
Open
Open

[[ChromeDriver: chrome on XP (9b23141f45f01a375b60dc44175f2b17)] -> xpath: (.//input[@aria-label='Fulfillment Status'])]
In Progress

Order_Type
1-2190595343
Order_number
[[ChromeDriver: chrome on XP (8b757d9ef43e4f70e17ff79830b21cf6)] -> xpath: (.//input[@aria-label='Status'])[1]]
Complete
Complete

[[ChromeDriver: chrome on XP (8b757d9ef43e4f70e17ff79830b21cf6)] -> xpath: (.//input[@aria-label='Fulfillment Status'])]
Complete

Order_Type
1-2190604623
Order_number
[[ChromeDriver: chrome on XP (a2feec2131d029fead90aecb49e45c47)] -> xpath: (.//input[@aria-label='Status'])[1]]
Complete
Complete

[[ChromeDriver: chrome on XP (a2feec2131d029fead90aecb49e45c47)] -> xpath: (.//input[@aria-label='Fulfillment Status'])]
Complete

Order_Type
1-2190614113
Order_number
[[ChromeDriver: chrome on XP (604e38eec919b4cf4b3bd246c6469e22)] -> xpath: (.//input[@aria-label='Status'])[1]]
Complete
Complete

[[ChromeDriver: chrome on XP (604e38eec919b4cf4b3bd246c6469e22)] -> xpath: (.//input[@aria-label='Fulfillment Status'])]
Complete

Order_Type
1-2190626113
Order_number
[[ChromeDriver: chrome on XP (a953e8c556e6392afd115178581bbe31)] -> xpath: (.//input[@aria-label='Status'])[1]]
Complete
Complete

[[ChromeDriver: chrome on XP (a953e8c556e6392afd115178581bbe31)] -> xpath: (.//input[@aria-label='Fulfillment Status'])]
Complete

Order_Type
1-2190631613
Order_number
[[ChromeDriver: chrome on XP (3426e904829e5b4cdc91d1380f4e8adb)] -> xpath: (.//input[@aria-label='Status'])[1]]
Complete
Complete

[[ChromeDriver: chrome on XP (3426e904829e5b4cdc91d1380f4e8adb)] -> xpath: (.//input[@aria-label='Fulfillment Status'])]
Complete

Order_Type

Order_number
[[ChromeDriver: chrome on XP (b77a7ea1b87dd73b7c1d965def5a259e)] -> xpath: (.//input[@aria-label='Status'])[1]]
Complete
Complete

[[ChromeDriver: chrome on XP (b77a7ea1b87dd73b7c1d965def5a259e)] -> xpath: (.//input[@aria-label='Fulfillment Status'])]
Complete

Order_Type
1-2185634892
Order_number
[[ChromeDriver: chrome on XP (d28e316fa8ebda33bc035adae3f35bea)] -> xpath: (.//input[@aria-label='Status'])[1]]
Abandoned
Abandoned

[[ChromeDriver: chrome on XP (d28e316fa8ebda33bc035adae3f35bea)] -> xpath: (.//input[@aria-label='Fulfillment Status'])]


Order_Type
1-2185638142
Order_number
[[ChromeDriver: chrome on XP (853e9cadb8ac72145adf26a88c77e025)] -> xpath: (.//input[@aria-label='Status'])[1]]
Open
Open

[[ChromeDriver: chrome on XP (853e9cadb8ac72145adf26a88c77e025)] -> xpath: (.//input[@aria-label='Fulfillment Status'])]
Failed

Order_Type

Order_number
[[ChromeDriver: chrome on XP (43704c21c4c39f9514eefdde63f86a5e)] -> xpath: (.//input[@aria-label='Status'])[1]]
Open
Open

[[ChromeDriver: chrome on XP (43704c21c4c39f9514eefdde63f86a5e)] -> xpath: (.//input[@aria-label='Fulfillment Status'])]
Failed

Order_Type
1-2186168793
Order_number
[[ChromeDriver: chrome on XP (d856db2d6afbaf43a11947b6a0389618)] -> xpath: (.//input[@aria-label='Status'])[1]]
Open
Open

[[ChromeDriver: chrome on XP (d856db2d6afbaf43a11947b6a0389618)] -> xpath: (.//input[@aria-label='Fulfillment Status'])]
Failed

Order_Type
1-2190546440
Order_number
[[ChromeDriver: chrome on XP (776329967256e4d2e4e15ec1dc7a395a)] -> xpath: (.//input[@aria-label='Status'])[1]]
Complete
Complete

[[ChromeDriver: chrome on XP (776329967256e4d2e4e15ec1dc7a395a)] -> xpath: (.//input[@aria-label='Fulfillment Status'])]
Complete

Order_Type
1-2193688527
Order_number
[[ChromeDriver: chrome on XP (8dfcd340d9cd560aea9bdf7d052238dc)] -> xpath: (.//input[@aria-label='Status'])[1]]
Open
Open

[[ChromeDriver: chrome on XP (8dfcd340d9cd560aea9bdf7d052238dc)] -> xpath: (.//input[@aria-label='Fulfillment Status'])]
Failed

Order_Type
1-2193629621
Order_number
[[ChromeDriver: chrome on XP (54d62c184e1bd47282712f740738f51f)] -> xpath: (.//input[@aria-label='Status'])[1]]
Open
Open

[[ChromeDriver: chrome on XP (54d62c184e1bd47282712f740738f51f)] -> xpath: (.//input[@aria-label='Fulfillment Status'])]


Order_Type
1-2194657782
Order_number
[[ChromeDriver: chrome on XP (350e763fb71cb0804be600b5fab4570c)] -> xpath: (.//input[@aria-label='Status'])[1]]
Open
Open

[[ChromeDriver: chrome on XP (350e763fb71cb0804be600b5fab4570c)] -> xpath: (.//input[@aria-label='Fulfillment Status'])]
Failed

Order_Type
1-2194911562
Order_number
[[ChromeDriver: chrome on XP (e04e94784a6ea0937a2f3490c5c78a43)] -> xpath: (.//input[@aria-label='Status'])[1]]
Open
Open
197001180236
[[ChromeDriver: chrome on XP (e04e94784a6ea0937a2f3490c5c78a43)] -> xpath: (.//input[@aria-label='Fulfillment Status'])]
In Progress

Order_Type
1-2194930042
Order_number
[[ChromeDriver: chrome on XP (71948e9315b14fd258e6b05d87ed7bca)] -> xpath: (.//input[@aria-label='Status'])[1]]
Complete
Complete
196912180145
[[ChromeDriver: chrome on XP (71948e9315b14fd258e6b05d87ed7bca)] -> xpath: (.//input[@aria-label='Fulfillment Status'])]
Complete

Order_Type

Order_number
[[ChromeDriver: chrome on XP (554f6d5d56d56d1c223253cb1822aa80)] -> xpath: (.//input[@aria-label='Status'])[1]]
Open
Open
194011110378
[[ChromeDriver: chrome on XP (554f6d5d56d56d1c223253cb1822aa80)] -> xpath: (.//input[@aria-label='Fulfillment Status'])]
In Progress

Order_Type

Order_number
[[ChromeDriver: chrome on XP (44cdc08813ae56ce4674e49dbedba89c)] -> xpath: (.//input[@aria-label='Status'])[1]]
Pending
Pending

[[ChromeDriver: chrome on XP (44cdc08813ae56ce4674e49dbedba89c)] -> xpath: (.//input[@aria-label='Fulfillment Status'])]


Order_Type
1-2185965340
Order_number
[[ChromeDriver: chrome on XP (8840a9f7a92ff1848e44a3186f1c65de)] -> xpath: (.//input[@aria-label='Status'])[1]]
Open
Open
Open
[[ChromeDriver: chrome on XP (8840a9f7a92ff1848e44a3186f1c65de)] -> xpath: (.//input[@aria-label='Fulfillment Status'])]
Failed


Order_Type

Order_number
[[ChromeDriver: chrome on XP (d96ddf885f5426b8a02597d74f2d51b4)] -> xpath: (.//input[@aria-label='Status'])[1]]
Open
Open
Open
[[ChromeDriver: chrome on XP (d96ddf885f5426b8a02597d74f2d51b4)] -> xpath: (.//input[@aria-label='Fulfillment Status'])]
Failed


Order_Type
1-2186976180
Order_number
[[ChromeDriver: chrome on XP (1887c04f90ded6d306280329de4638a1)] -> xpath: (.//input[@aria-label='Status'])[1]]
Open
Open
Complete
[[ChromeDriver: chrome on XP (1887c04f90ded6d306280329de4638a1)] -> xpath: (.//input[@aria-label='Fulfillment Status'])]
Failed

Order_Type
1-2190489770
Order_number
[[ChromeDriver: chrome on XP (a97d09391bab70e04607efcb96a51121)] -> xpath: (.//input[@aria-label='Status'])[1]]
Open
Open

[[ChromeDriver: chrome on XP (a97d09391bab70e04607efcb96a51121)] -> xpath: (.//input[@aria-label='Fulfillment Status'])]
In Progress

Order_Type
1-2190495671
Order_number
[[ChromeDriver: chrome on XP (22b572e1dfdcdbd256d5e57d4ca63a3b)] -> xpath: (.//input[@aria-label='Status'])[1]]
Open
Open

[[ChromeDriver: chrome on XP (22b572e1dfdcdbd256d5e57d4ca63a3b)] -> xpath: (.//input[@aria-label='Fulfillment Status'])]
In Progress

Order_Type
1-2186936541
Order_number
[[ChromeDriver: chrome on XP (d3bb3a6d0da3511db192a5fb4b8c99e4)] -> xpath: (.//input[@aria-label='Status'])[1]]
Open
Open

[[ChromeDriver: chrome on XP (d3bb3a6d0da3511db192a5fb4b8c99e4)] -> xpath: (.//input[@aria-label='Fulfillment Status'])]
Failed

Order_Type
1-2185671940
Order_number
[[ChromeDriver: chrome on XP (b92a57b898ed43d63f42a6cb73a96d94)] -> xpath: (.//input[@aria-label='Status'])[1]]
Open
Open

[[ChromeDriver: chrome on XP (b92a57b898ed43d63f42a6cb73a96d94)] -> xpath: (.//input[@aria-label='Fulfillment Status'])]
Failed

Order_Type
1-2190575466
Order_number
[[ChromeDriver: chrome on XP (d023cfdb7e82031061e99d01dd70dab9)] -> xpath: (.//input[@aria-label='Status'])[1]]
Cancelled
Cancelled

[[ChromeDriver: chrome on XP (d023cfdb7e82031061e99d01dd70dab9)] -> xpath: (.//input[@aria-label='Fulfillment Status'])]
Cancelled

Order_Type
1-2185722026
Order_number
[[ChromeDriver: chrome on XP (630fb05ca62d11e64e96bfaccb7116c4)] -> xpath: (.//input[@aria-label='Status'])[1]]
Complete
Complete

[[ChromeDriver: chrome on XP (630fb05ca62d11e64e96bfaccb7116c4)] -> xpath: (.//input[@aria-label='Fulfillment Status'])]
Complete

Order_Type
1-2190555974
Order_number
[[ChromeDriver: chrome on XP (82b413f2cbb2fa8608189bfff4da1956)] -> xpath: (.//input[@aria-label='Status'])[1]]
Open
Open

[[ChromeDriver: chrome on XP (82b413f2cbb2fa8608189bfff4da1956)] -> xpath: (.//input[@aria-label='Fulfillment Status'])]
Failed

Order_Type
1-2190564884
Order_number
[[ChromeDriver: chrome on XP (6f0b68e600127677dd82dfd8878fbde6)] -> xpath: (.//input[@aria-label='Status'])[1]]
Open
Open

[[ChromeDriver: chrome on XP (6f0b68e600127677dd82dfd8878fbde6)] -> xpath: (.//input[@aria-label='Fulfillment Status'])]
In Progress

Order_Type

Order_number
[[ChromeDriver: chrome on XP (120022118deeee66240424f39dc5ca8a)] -> xpath: (.//input[@aria-label='Status'])[1]]
Open
Open

[[ChromeDriver: chrome on XP (120022118deeee66240424f39dc5ca8a)] -> xpath: (.//input[@aria-label='Fulfillment Status'])]
In Progress

Order_Type
1-2190595343
Order_number
[[ChromeDriver: chrome on XP (8d8811d271426e4a69aacba20c524aeb)] -> xpath: (.//input[@aria-label='Status'])[1]]
Complete
Complete

[[ChromeDriver: chrome on XP (8d8811d271426e4a69aacba20c524aeb)] -> xpath: (.//input[@aria-label='Fulfillment Status'])]
Complete

Order_Type
1-2190604623
Order_number
[[ChromeDriver: chrome on XP (2f9c1f0595d956a7aa57044f9426b876)] -> xpath: (.//input[@aria-label='Status'])[1]]
Complete
Complete

[[ChromeDriver: chrome on XP (2f9c1f0595d956a7aa57044f9426b876)] -> xpath: (.//input[@aria-label='Fulfillment Status'])]
Complete

Order_Type
1-2190614113
Order_number
[[ChromeDriver: chrome on XP (d8c826c17c54d2e5867d0b2c1a8b4b9d)] -> xpath: (.//input[@aria-label='Status'])[1]]
Complete
Complete

[[ChromeDriver: chrome on XP (d8c826c17c54d2e5867d0b2c1a8b4b9d)] -> xpath: (.//input[@aria-label='Fulfillment Status'])]
Complete

Order_Type
1-2190626113
Order_number
[[ChromeDriver: chrome on XP (e56c1ca59ddfed4b8e048cabee955cc7)] -> xpath: (.//input[@aria-label='Status'])[1]]
Complete
Complete

[[ChromeDriver: chrome on XP (e56c1ca59ddfed4b8e048cabee955cc7)] -> xpath: (.//input[@aria-label='Fulfillment Status'])]
Complete

Order_Type
1-2190631613
Order_number
[[ChromeDriver: chrome on XP (243c22851f34b483e6dcaced4b0f9af2)] -> xpath: (.//input[@aria-label='Status'])[1]]
Complete
Complete

[[ChromeDriver: chrome on XP (243c22851f34b483e6dcaced4b0f9af2)] -> xpath: (.//input[@aria-label='Fulfillment Status'])]
Complete

Order_Type

Order_number
[[ChromeDriver: chrome on XP (972510af6e2049f23d98427dee1079f1)] -> xpath: (.//input[@aria-label='Status'])[1]]
Complete
Complete

[[ChromeDriver: chrome on XP (972510af6e2049f23d98427dee1079f1)] -> xpath: (.//input[@aria-label='Fulfillment Status'])]
Complete

Order_Type
1-2185634892
Order_number
[[ChromeDriver: chrome on XP (ca52a6c05f23408a3e99229ce75d749d)] -> xpath: (.//input[@aria-label='Status'])[1]]
Abandoned
Abandoned

[[ChromeDriver: chrome on XP (ca52a6c05f23408a3e99229ce75d749d)] -> xpath: (.//input[@aria-label='Fulfillment Status'])]


Order_Type
1-2185638142
Order_number
[[ChromeDriver: chrome on XP (462b2b58ceb165e2ad7f31e9b8b6b79b)] -> xpath: (.//input[@aria-label='Status'])[1]]
Open
Open

[[ChromeDriver: chrome on XP (462b2b58ceb165e2ad7f31e9b8b6b79b)] -> xpath: (.//input[@aria-label='Fulfillment Status'])]
Failed

Order_Type

Order_number
[[ChromeDriver: chrome on XP (a6853db928456dc0026506d61127a6ee)] -> xpath: (.//input[@aria-label='Status'])[1]]
Open
Open

[[ChromeDriver: chrome on XP (a6853db928456dc0026506d61127a6ee)] -> xpath: (.//input[@aria-label='Fulfillment Status'])]
Failed

Order_Type
1-2186168793
Order_number
[[ChromeDriver: chrome on XP (1ce226176397ac4fd74db4270920897a)] -> xpath: (.//input[@aria-label='Status'])[1]]
Open
Open

[[ChromeDriver: chrome on XP (1ce226176397ac4fd74db4270920897a)] -> xpath: (.//input[@aria-label='Fulfillment Status'])]
Failed

Order_Type
1-2190546440
Order_number
[[ChromeDriver: chrome on XP (943df434f4d4414fe40215e575421db9)] -> xpath: (.//input[@aria-label='Status'])[1]]
Complete
Complete

[[ChromeDriver: chrome on XP (943df434f4d4414fe40215e575421db9)] -> xpath: (.//input[@aria-label='Fulfillment Status'])]
Complete

Order_Type
1-2193688527
Order_number
[[ChromeDriver: chrome on XP (6d32d4f8aab7679c8092c73061a28d4f)] -> xpath: (.//input[@aria-label='Status'])[1]]
Open
Open

[[ChromeDriver: chrome on XP (6d32d4f8aab7679c8092c73061a28d4f)] -> xpath: (.//input[@aria-label='Fulfillment Status'])]
Failed

Order_Type
1-2193629621
Order_number
[[ChromeDriver: chrome on XP (13b5e52d4487e897ac9f155d9d339ec5)] -> xpath: (.//input[@aria-label='Status'])[1]]
Open
Open

[[ChromeDriver: chrome on XP (13b5e52d4487e897ac9f155d9d339ec5)] -> xpath: (.//input[@aria-label='Fulfillment Status'])]


Order_Type
1-2194657782
Order_number
[[ChromeDriver: chrome on XP (00566726593bbcd50140667cbbdd1839)] -> xpath: (.//input[@aria-label='Status'])[1]]
Open
Open

[[ChromeDriver: chrome on XP (00566726593bbcd50140667cbbdd1839)] -> xpath: (.//input[@aria-label='Fulfillment Status'])]
Failed

Order_Type
1-2194911562
Order_number
[[ChromeDriver: chrome on XP (b7d4e3cbde3bc24fecc56db7602caefa)] -> xpath: (.//input[@aria-label='Status'])[1]]
Open
Open
197001180236
[[ChromeDriver: chrome on XP (b7d4e3cbde3bc24fecc56db7602caefa)] -> xpath: (.//input[@aria-label='Fulfillment Status'])]
In Progress

Order_Type
1-2194930042
Order_number
[[ChromeDriver: chrome on XP (4be11b724c0aa7f326977477ca8d3374)] -> xpath: (.//input[@aria-label='Status'])[1]]
Complete
Complete
196912180145
[[ChromeDriver: chrome on XP (4be11b724c0aa7f326977477ca8d3374)] -> xpath: (.//input[@aria-label='Fulfillment Status'])]
Complete

Order_Type

Order_number
[[ChromeDriver: chrome on XP (87c720109ca5764e36df4ca3dac1677a)] -> xpath: (.//input[@aria-label='Status'])[1]]
Open
Open
194011110378
[[ChromeDriver: chrome on XP (87c720109ca5764e36df4ca3dac1677a)] -> xpath: (.//input[@aria-label='Fulfillment Status'])]
In Progress

</system-out>
    <system-err>Starting ChromeDriver 70.0.3538.97 (d035916fe243477005bc95fe2a5778b8f20b6ae1) on port 62920
Only local connections are allowed.
Apr 01, 2019 1:30:50 AM org.openqa.selenium.remote.ProtocolHandshake createSession
INFO: Detected dialect: OSS
Starting ChromeDriver 70.0.3538.97 (d035916fe243477005bc95fe2a5778b8f20b6ae1) on port 29879
Only local connections are allowed.
Apr 01, 2019 1:31:13 AM org.openqa.selenium.remote.ProtocolHandshake createSession
INFO: Detected dialect: OSS
Starting ChromeDriver 70.0.3538.97 (d035916fe243477005bc95fe2a5778b8f20b6ae1) on port 52112
Only local connections are allowed.
Apr 01, 2019 1:31:33 AM org.openqa.selenium.remote.ProtocolHandshake createSession
INFO: Detected dialect: OSS
Starting ChromeDriver 70.0.3538.97 (d035916fe243477005bc95fe2a5778b8f20b6ae1) on port 5067
Only local connections are allowed.
Apr 01, 2019 1:31:52 AM org.openqa.selenium.remote.ProtocolHandshake createSession
INFO: Detected dialect: OSS
Starting ChromeDriver 70.0.3538.97 (d035916fe243477005bc95fe2a5778b8f20b6ae1) on port 12379
Only local connections are allowed.
Apr 01, 2019 1:32:12 AM org.openqa.selenium.remote.ProtocolHandshake createSession
INFO: Detected dialect: OSS
Starting ChromeDriver 70.0.3538.97 (d035916fe243477005bc95fe2a5778b8f20b6ae1) on port 28043
Only local connections are allowed.
Apr 01, 2019 1:32:30 AM org.openqa.selenium.remote.ProtocolHandshake createSession
INFO: Detected dialect: OSS
Starting ChromeDriver 70.0.3538.97 (d035916fe243477005bc95fe2a5778b8f20b6ae1) on port 23225
Only local connections are allowed.
Apr 01, 2019 1:32:49 AM org.openqa.selenium.remote.ProtocolHandshake createSession
INFO: Detected dialect: OSS
Starting ChromeDriver 70.0.3538.97 (d035916fe243477005bc95fe2a5778b8f20b6ae1) on port 51981
Only local connections are allowed.
Apr 01, 2019 1:33:39 AM org.openqa.selenium.remote.ProtocolHandshake createSession
INFO: Detected dialect: OSS
Starting ChromeDriver 70.0.3538.97 (d035916fe243477005bc95fe2a5778b8f20b6ae1) on port 7771
Only local connections are allowed.
Apr 01, 2019 1:34:14 AM org.openqa.selenium.remote.ProtocolHandshake createSession
INFO: Detected dialect: OSS
Starting ChromeDriver 70.0.3538.97 (d035916fe243477005bc95fe2a5778b8f20b6ae1) on port 59636
Only local connections are allowed.
Apr 01, 2019 1:34:34 AM org.openqa.selenium.remote.ProtocolHandshake createSession
INFO: Detected dialect: OSS
Starting ChromeDriver 70.0.3538.97 (d035916fe243477005bc95fe2a5778b8f20b6ae1) on port 53444
Only local connections are allowed.
Apr 01, 2019 1:34:53 AM org.openqa.selenium.remote.ProtocolHandshake createSession
INFO: Detected dialect: OSS
Starting ChromeDriver 70.0.3538.97 (d035916fe243477005bc95fe2a5778b8f20b6ae1) on port 39084
Only local connections are allowed.
Apr 01, 2019 1:35:12 AM org.openqa.selenium.remote.ProtocolHandshake createSession
INFO: Detected dialect: OSS
Starting ChromeDriver 70.0.3538.97 (d035916fe243477005bc95fe2a5778b8f20b6ae1) on port 23044
Only local connections are allowed.
Apr 01, 2019 1:35:31 AM org.openqa.selenium.remote.ProtocolHandshake createSession
INFO: Detected dialect: OSS
Starting ChromeDriver 70.0.3538.97 (d035916fe243477005bc95fe2a5778b8f20b6ae1) on port 43028
Only local connections are allowed.
Apr 01, 2019 1:35:50 AM org.openqa.selenium.remote.ProtocolHandshake createSession
INFO: Detected dialect: OSS
Starting ChromeDriver 70.0.3538.97 (d035916fe243477005bc95fe2a5778b8f20b6ae1) on port 50654
Only local connections are allowed.
Apr 01, 2019 1:36:11 AM org.openqa.selenium.remote.ProtocolHandshake createSession
INFO: Detected dialect: OSS
Starting ChromeDriver 70.0.3538.97 (d035916fe243477005bc95fe2a5778b8f20b6ae1) on port 32368
Only local connections are allowed.
Apr 01, 2019 1:36:30 AM org.openqa.selenium.remote.ProtocolHandshake createSession
INFO: Detected dialect: OSS
Starting ChromeDriver 70.0.3538.97 (d035916fe243477005bc95fe2a5778b8f20b6ae1) on port 51463
Only local connections are allowed.
Apr 01, 2019 1:36:49 AM org.openqa.selenium.remote.ProtocolHandshake createSession
INFO: Detected dialect: OSS
Starting ChromeDriver 70.0.3538.97 (d035916fe243477005bc95fe2a5778b8f20b6ae1) on port 36902
Only local connections are allowed.
Apr 01, 2019 1:37:08 AM org.openqa.selenium.remote.ProtocolHandshake createSession
INFO: Detected dialect: OSS
Starting ChromeDriver 70.0.3538.97 (d035916fe243477005bc95fe2a5778b8f20b6ae1) on port 51216
Only local connections are allowed.
Apr 01, 2019 1:37:27 AM org.openqa.selenium.remote.ProtocolHandshake createSession
INFO: Detected dialect: OSS
Starting ChromeDriver 70.0.3538.97 (d035916fe243477005bc95fe2a5778b8f20b6ae1) on port 17358
Only local connections are allowed.
Apr 01, 2019 1:37:47 AM org.openqa.selenium.remote.ProtocolHandshake createSession
INFO: Detected dialect: OSS
Starting ChromeDriver 70.0.3538.97 (d035916fe243477005bc95fe2a5778b8f20b6ae1) on port 22978
Only local connections are allowed.
Apr 01, 2019 1:38:06 AM org.openqa.selenium.remote.ProtocolHandshake createSession
INFO: Detected dialect: OSS
Starting ChromeDriver 70.0.3538.97 (d035916fe243477005bc95fe2a5778b8f20b6ae1) on port 53868
Only local connections are allowed.
Apr 01, 2019 1:38:25 AM org.openqa.selenium.remote.ProtocolHandshake createSession
INFO: Detected dialect: OSS
Starting ChromeDriver 70.0.3538.97 (d035916fe243477005bc95fe2a5778b8f20b6ae1) on port 11422
Only local connections are allowed.
Apr 01, 2019 1:38:45 AM org.openqa.selenium.remote.ProtocolHandshake createSession
INFO: Detected dialect: OSS
Starting ChromeDriver 70.0.3538.97 (d035916fe243477005bc95fe2a5778b8f20b6ae1) on port 14744
Only local connections are allowed.
Apr 01, 2019 1:39:05 AM org.openqa.selenium.remote.ProtocolHandshake createSession
INFO: Detected dialect: OSS
Starting ChromeDriver 70.0.3538.97 (d035916fe243477005bc95fe2a5778b8f20b6ae1) on port 43709
Only local connections are allowed.
Apr 01, 2019 1:39:24 AM org.openqa.selenium.remote.ProtocolHandshake createSession
INFO: Detected dialect: OSS
Starting ChromeDriver 70.0.3538.97 (d035916fe243477005bc95fe2a5778b8f20b6ae1) on port 62908
Only local connections are allowed.
Apr 01, 2019 1:39:43 AM org.openqa.selenium.remote.ProtocolHandshake createSession
INFO: Detected dialect: OSS
Starting ChromeDriver 70.0.3538.97 (d035916fe243477005bc95fe2a5778b8f20b6ae1) on port 60732
Only local connections are allowed.
Apr 01, 2019 1:40:19 AM org.openqa.selenium.remote.ProtocolHandshake createSession
INFO: Detected dialect: OSS
Starting ChromeDriver 70.0.3538.97 (d035916fe243477005bc95fe2a5778b8f20b6ae1) on port 28286
Only local connections are allowed.
Apr 01, 2019 1:40:38 AM org.openqa.selenium.remote.ProtocolHandshake createSession
INFO: Detected dialect: OSS
Starting ChromeDriver 70.0.3538.97 (d035916fe243477005bc95fe2a5778b8f20b6ae1) on port 14884
Only local connections are allowed.
Apr 01, 2019 1:40:59 AM org.openqa.selenium.remote.ProtocolHandshake createSession
INFO: Detected dialect: OSS
Starting ChromeDriver 70.0.3538.97 (d035916fe243477005bc95fe2a5778b8f20b6ae1) on port 20524
Only local connections are allowed.
Apr 01, 2019 1:41:18 AM org.openqa.selenium.remote.ProtocolHandshake createSession
INFO: Detected dialect: OSS
Starting ChromeDriver 70.0.3538.97 (d035916fe243477005bc95fe2a5778b8f20b6ae1) on port 22300
Only local connections are allowed.
Apr 01, 2019 1:41:37 AM org.openqa.selenium.remote.ProtocolHandshake createSession
INFO: Detected dialect: OSS
Starting ChromeDriver 70.0.3538.97 (d035916fe243477005bc95fe2a5778b8f20b6ae1) on port 11817
Only local connections are allowed.
Apr 01, 2019 1:42:12 AM org.openqa.selenium.remote.ProtocolHandshake createSession
INFO: Detected dialect: OSS
Starting ChromeDriver 70.0.3538.97 (d035916fe243477005bc95fe2a5778b8f20b6ae1) on port 5042
Only local connections are allowed.
Apr 01, 2019 1:42:31 AM org.openqa.selenium.remote.ProtocolHandshake createSession
INFO: Detected dialect: OSS
Starting ChromeDriver 70.0.3538.97 (d035916fe243477005bc95fe2a5778b8f20b6ae1) on port 63207
Only local connections are allowed.
Apr 01, 2019 1:42:50 AM org.openqa.selenium.remote.ProtocolHandshake createSession
INFO: Detected dialect: OSS
Starting ChromeDriver 70.0.3538.97 (d035916fe243477005bc95fe2a5778b8f20b6ae1) on port 65314
Only local connections are allowed.
Apr 01, 2019 1:43:09 AM org.openqa.selenium.remote.ProtocolHandshake createSession
INFO: Detected dialect: OSS
Starting ChromeDriver 70.0.3538.97 (d035916fe243477005bc95fe2a5778b8f20b6ae1) on port 49514
Only local connections are allowed.
Apr 01, 2019 1:43:27 AM org.openqa.selenium.remote.ProtocolHandshake createSession
INFO: Detected dialect: OSS
Starting ChromeDriver 70.0.3538.97 (d035916fe243477005bc95fe2a5778b8f20b6ae1) on port 53558
Only local connections are allowed.
Apr 01, 2019 1:44:01 AM org.openqa.selenium.remote.ProtocolHandshake createSession
INFO: Detected dialect: OSS
Starting ChromeDriver 70.0.3538.97 (d035916fe243477005bc95fe2a5778b8f20b6ae1) on port 12826
Only local connections are allowed.
Apr 01, 2019 1:44:20 AM org.openqa.selenium.remote.ProtocolHandshake createSession
INFO: Detected dialect: OSS
Starting ChromeDriver 70.0.3538.97 (d035916fe243477005bc95fe2a5778b8f20b6ae1) on port 50777
Only local connections are allowed.
Apr 01, 2019 1:44:38 AM org.openqa.selenium.remote.ProtocolHandshake createSession
INFO: Detected dialect: OSS
Starting ChromeDriver 70.0.3538.97 (d035916fe243477005bc95fe2a5778b8f20b6ae1) on port 57683
Only local connections are allowed.
Apr 01, 2019 1:45:12 AM org.openqa.selenium.remote.ProtocolHandshake createSession
INFO: Detected dialect: OSS
Starting ChromeDriver 70.0.3538.97 (d035916fe243477005bc95fe2a5778b8f20b6ae1) on port 64053
Only local connections are allowed.
Apr 01, 2019 1:45:46 AM org.openqa.selenium.remote.ProtocolHandshake createSession
INFO: Detected dialect: OSS
Starting ChromeDriver 70.0.3538.97 (d035916fe243477005bc95fe2a5778b8f20b6ae1) on port 32347
Only local connections are allowed.
Apr 01, 2019 1:46:06 AM org.openqa.selenium.remote.ProtocolHandshake createSession
INFO: Detected dialect: OSS
Starting ChromeDriver 70.0.3538.97 (d035916fe243477005bc95fe2a5778b8f20b6ae1) on port 38441
Only local connections are allowed.
Apr 01, 2019 1:46:26 AM org.openqa.selenium.remote.ProtocolHandshake createSession
INFO: Detected dialect: OSS
Starting ChromeDriver 70.0.3538.97 (d035916fe243477005bc95fe2a5778b8f20b6ae1) on port 29708
Only local connections are allowed.
Apr 01, 2019 1:46:47 AM org.openqa.selenium.remote.ProtocolHandshake createSession
INFO: Detected dialect: OSS
Starting ChromeDriver 70.0.3538.97 (d035916fe243477005bc95fe2a5778b8f20b6ae1) on port 13169
Only local connections are allowed.
Apr 01, 2019 1:47:06 AM org.openqa.selenium.remote.ProtocolHandshake createSession
INFO: Detected dialect: OSS
Starting ChromeDriver 70.0.3538.97 (d035916fe243477005bc95fe2a5778b8f20b6ae1) on port 48778
Only local connections are allowed.
Apr 01, 2019 1:47:28 AM org.openqa.selenium.remote.ProtocolHandshake createSession
INFO: Detected dialect: OSS
Starting ChromeDriver 70.0.3538.97 (d035916fe243477005bc95fe2a5778b8f20b6ae1) on port 45198
Only local connections are allowed.
Apr 01, 2019 1:47:47 AM org.openqa.selenium.remote.ProtocolHandshake createSession
INFO: Detected dialect: OSS
Starting ChromeDriver 70.0.3538.97 (d035916fe243477005bc95fe2a5778b8f20b6ae1) on port 12378
Only local connections are allowed.
Apr 01, 2019 1:48:07 AM org.openqa.selenium.remote.ProtocolHandshake createSession
INFO: Detected dialect: OSS
Starting ChromeDriver 70.0.3538.97 (d035916fe243477005bc95fe2a5778b8f20b6ae1) on port 18554
Only local connections are allowed.
Apr 01, 2019 1:48:26 AM org.openqa.selenium.remote.ProtocolHandshake createSession
INFO: Detected dialect: OSS
Starting ChromeDriver 70.0.3538.97 (d035916fe243477005bc95fe2a5778b8f20b6ae1) on port 57250
Only local connections are allowed.
Apr 01, 2019 1:48:45 AM org.openqa.selenium.remote.ProtocolHandshake createSession
INFO: Detected dialect: OSS
Starting ChromeDriver 70.0.3538.97 (d035916fe243477005bc95fe2a5778b8f20b6ae1) on port 47685
Only local connections are allowed.
Apr 01, 2019 1:49:05 AM org.openqa.selenium.remote.ProtocolHandshake createSession
INFO: Detected dialect: OSS
Starting ChromeDriver 70.0.3538.97 (d035916fe243477005bc95fe2a5778b8f20b6ae1) on port 37568
Only local connections are allowed.
Apr 01, 2019 1:49:54 AM org.openqa.selenium.remote.ProtocolHandshake createSession
INFO: Detected dialect: OSS
Starting ChromeDriver 70.0.3538.97 (d035916fe243477005bc95fe2a5778b8f20b6ae1) on port 8788
Only local connections are allowed.
Apr 01, 2019 1:50:14 AM org.openqa.selenium.remote.ProtocolHandshake createSession
INFO: Detected dialect: OSS
Starting ChromeDriver 70.0.3538.97 (d035916fe243477005bc95fe2a5778b8f20b6ae1) on port 43861
Only local connections are allowed.
Apr 01, 2019 1:50:34 AM org.openqa.selenium.remote.ProtocolHandshake createSession
INFO: Detected dialect: OSS
Starting ChromeDriver 70.0.3538.97 (d035916fe243477005bc95fe2a5778b8f20b6ae1) on port 55071
Only local connections are allowed.
Apr 01, 2019 1:50:53 AM org.openqa.selenium.remote.ProtocolHandshake createSession
INFO: Detected dialect: OSS
Starting ChromeDriver 70.0.3538.97 (d035916fe243477005bc95fe2a5778b8f20b6ae1) on port 62170
Only local connections are allowed.
Apr 01, 2019 1:51:28 AM org.openqa.selenium.remote.ProtocolHandshake createSession
INFO: Detected dialect: OSS
Starting ChromeDriver 70.0.3538.97 (d035916fe243477005bc95fe2a5778b8f20b6ae1) on port 38822
Only local connections are allowed.
Apr 01, 2019 1:51:48 AM org.openqa.selenium.remote.ProtocolHandshake createSession
INFO: Detected dialect: OSS
Starting ChromeDriver 70.0.3538.97 (d035916fe243477005bc95fe2a5778b8f20b6ae1) on port 47352
Only local connections are allowed.
Apr 01, 2019 1:52:08 AM org.openqa.selenium.remote.ProtocolHandshake createSession
INFO: Detected dialect: OSS
Starting ChromeDriver 70.0.3538.97 (d035916fe243477005bc95fe2a5778b8f20b6ae1) on port 36287
Only local connections are allowed.
Apr 01, 2019 1:52:42 AM org.openqa.selenium.remote.ProtocolHandshake createSession
INFO: Detected dialect: OSS
Starting ChromeDriver 70.0.3538.97 (d035916fe243477005bc95fe2a5778b8f20b6ae1) on port 42210
Only local connections are allowed.
Apr 01, 2019 1:53:01 AM org.openqa.selenium.remote.ProtocolHandshake createSession
INFO: Detected dialect: OSS
Starting ChromeDriver 70.0.3538.97 (d035916fe243477005bc95fe2a5778b8f20b6ae1) on port 52787
Only local connections are allowed.
Apr 01, 2019 1:53:35 AM org.openqa.selenium.remote.ProtocolHandshake createSession
INFO: Detected dialect: OSS
Starting ChromeDriver 70.0.3538.97 (d035916fe243477005bc95fe2a5778b8f20b6ae1) on port 53320
Only local connections are allowed.
Apr 01, 2019 1:53:54 AM org.openqa.selenium.remote.ProtocolHandshake createSession
INFO: Detected dialect: OSS
Starting ChromeDriver 70.0.3538.97 (d035916fe243477005bc95fe2a5778b8f20b6ae1) on port 45925
Only local connections are allowed.
Apr 01, 2019 1:54:15 AM org.openqa.selenium.remote.ProtocolHandshake createSession
INFO: Detected dialect: OSS
Starting ChromeDriver 70.0.3538.97 (d035916fe243477005bc95fe2a5778b8f20b6ae1) on port 49860
Only local connections are allowed.
Apr 01, 2019 1:54:35 AM org.openqa.selenium.remote.ProtocolHandshake createSession
INFO: Detected dialect: OSS
Starting ChromeDriver 70.0.3538.97 (d035916fe243477005bc95fe2a5778b8f20b6ae1) on port 46561
Only local connections are allowed.
Apr 01, 2019 1:54:54 AM org.openqa.selenium.remote.ProtocolHandshake createSession
INFO: Detected dialect: OSS
Starting ChromeDriver 70.0.3538.97 (d035916fe243477005bc95fe2a5778b8f20b6ae1) on port 35680
Only local connections are allowed.
Apr 01, 2019 1:55:14 AM org.openqa.selenium.remote.ProtocolHandshake createSession
INFO: Detected dialect: OSS
Starting ChromeDriver 70.0.3538.97 (d035916fe243477005bc95fe2a5778b8f20b6ae1) on port 61784
Only local connections are allowed.
Apr 01, 2019 1:55:33 AM org.openqa.selenium.remote.ProtocolHandshake createSession
INFO: Detected dialect: OSS
Starting ChromeDriver 70.0.3538.97 (d035916fe243477005bc95fe2a5778b8f20b6ae1) on port 31560
Only local connections are allowed.
Apr 01, 2019 1:55:52 AM org.openqa.selenium.remote.ProtocolHandshake createSession
INFO: Detected dialect: OSS
Starting ChromeDriver 70.0.3538.97 (d035916fe243477005bc95fe2a5778b8f20b6ae1) on port 51015
Only local connections are allowed.
Apr 01, 2019 1:56:12 AM org.openqa.selenium.remote.ProtocolHandshake createSession
INFO: Detected dialect: OSS
Starting ChromeDriver 70.0.3538.97 (d035916fe243477005bc95fe2a5778b8f20b6ae1) on port 24109
Only local connections are allowed.
Apr 01, 2019 1:56:46 AM org.openqa.selenium.remote.ProtocolHandshake createSession
INFO: Detected dialect: OSS
Starting ChromeDriver 70.0.3538.97 (d035916fe243477005bc95fe2a5778b8f20b6ae1) on port 42972
Only local connections are allowed.
Apr 01, 2019 1:57:05 AM org.openqa.selenium.remote.ProtocolHandshake createSession
INFO: Detected dialect: OSS
Starting ChromeDriver 70.0.3538.97 (d035916fe243477005bc95fe2a5778b8f20b6ae1) on port 21934
Only local connections are allowed.
Apr 01, 2019 1:57:25 AM org.openqa.selenium.remote.ProtocolHandshake createSession
INFO: Detected dialect: OSS
Starting ChromeDriver 70.0.3538.97 (d035916fe243477005bc95fe2a5778b8f20b6ae1) on port 50363
Only local connections are allowed.
Apr 01, 2019 1:57:44 AM org.openqa.selenium.remote.ProtocolHandshake createSession
INFO: Detected dialect: OSS
Starting ChromeDriver 70.0.3538.97 (d035916fe243477005bc95fe2a5778b8f20b6ae1) on port 41341
Only local connections are allowed.
Apr 01, 2019 1:58:03 AM org.openqa.selenium.remote.ProtocolHandshake createSession
INFO: Detected dialect: OSS
Starting ChromeDriver 70.0.3538.97 (d035916fe243477005bc95fe2a5778b8f20b6ae1) on port 52635
Only local connections are allowed.
Apr 01, 2019 1:58:23 AM org.openqa.selenium.remote.ProtocolHandshake createSession
INFO: Detected dialect: OSS
Starting ChromeDriver 70.0.3538.97 (d035916fe243477005bc95fe2a5778b8f20b6ae1) on port 32902
Only local connections are allowed.
Apr 01, 2019 1:58:56 AM org.openqa.selenium.remote.ProtocolHandshake createSession
INFO: Detected dialect: OSS
Starting ChromeDriver 70.0.3538.97 (d035916fe243477005bc95fe2a5778b8f20b6ae1) on port 6939
Only local connections are allowed.
Apr 01, 2019 1:59:16 AM org.openqa.selenium.remote.ProtocolHandshake createSession
INFO: Detected dialect: OSS
Starting ChromeDriver 70.0.3538.97 (d035916fe243477005bc95fe2a5778b8f20b6ae1) on port 50741
Only local connections are allowed.
Apr 01, 2019 1:59:35 AM org.openqa.selenium.remote.ProtocolHandshake createSession
INFO: Detected dialect: OSS
Starting ChromeDriver 70.0.3538.97 (d035916fe243477005bc95fe2a5778b8f20b6ae1) on port 38899
Only local connections are allowed.
Apr 01, 2019 1:59:54 AM org.openqa.selenium.remote.ProtocolHandshake createSession
INFO: Detected dialect: OSS
Starting ChromeDriver 70.0.3538.97 (d035916fe243477005bc95fe2a5778b8f20b6ae1) on port 43897
Only local connections are allowed.
Apr 01, 2019 2:00:31 AM org.openqa.selenium.remote.ProtocolHandshake createSession
INFO: Detected dialect: OSS
Starting ChromeDriver 70.0.3538.97 (d035916fe243477005bc95fe2a5778b8f20b6ae1) on port 33596
Only local connections are allowed.
Apr 01, 2019 2:01:06 AM org.openqa.selenium.remote.ProtocolHandshake createSession
INFO: Detected dialect: OSS
Starting ChromeDriver 70.0.3538.97 (d035916fe243477005bc95fe2a5778b8f20b6ae1) on port 23714
Only local connections are allowed.
Apr 01, 2019 2:01:34 AM org.openqa.selenium.remote.ProtocolHandshake createSession
INFO: Detected dialect: OSS
Starting ChromeDriver 70.0.3538.97 (d035916fe243477005bc95fe2a5778b8f20b6ae1) on port 48973
Only local connections are allowed.
Apr 01, 2019 2:02:09 AM org.openqa.selenium.remote.ProtocolHandshake createSession
INFO: Detected dialect: OSS
Starting ChromeDriver 70.0.3538.97 (d035916fe243477005bc95fe2a5778b8f20b6ae1) on port 44655
Only local connections are allowed.
Apr 01, 2019 2:02:29 AM org.openqa.selenium.remote.ProtocolHandshake createSession
INFO: Detected dialect: OSS
Starting ChromeDriver 70.0.3538.97 (d035916fe243477005bc95fe2a5778b8f20b6ae1) on port 6430
Only local connections are allowed.
Apr 01, 2019 2:02:49 AM org.openqa.selenium.remote.ProtocolHandshake createSession
INFO: Detected dialect: OSS
Starting ChromeDriver 70.0.3538.97 (d035916fe243477005bc95fe2a5778b8f20b6ae1) on port 37064
Only local connections are allowed.
Apr 01, 2019 2:03:11 AM org.openqa.selenium.remote.ProtocolHandshake createSession
INFO: Detected dialect: OSS
Starting ChromeDriver 70.0.3538.97 (d035916fe243477005bc95fe2a5778b8f20b6ae1) on port 38733
Only local connections are allowed.
Apr 01, 2019 2:03:32 AM org.openqa.selenium.remote.ProtocolHandshake createSession
INFO: Detected dialect: OSS
Starting ChromeDriver 70.0.3538.97 (d035916fe243477005bc95fe2a5778b8f20b6ae1) on port 7263
Only local connections are allowed.
Apr 01, 2019 2:03:52 AM org.openqa.selenium.remote.ProtocolHandshake createSession
INFO: Detected dialect: OSS
Starting ChromeDriver 70.0.3538.97 (d035916fe243477005bc95fe2a5778b8f20b6ae1) on port 47090
Only local connections are allowed.
Apr 01, 2019 2:04:14 AM org.openqa.selenium.remote.ProtocolHandshake createSession
INFO: Detected dialect: OSS
Starting ChromeDriver 70.0.3538.97 (d035916fe243477005bc95fe2a5778b8f20b6ae1) on port 15741
Only local connections are allowed.
Apr 01, 2019 2:04:33 AM org.openqa.selenium.remote.ProtocolHandshake createSession
INFO: Detected dialect: OSS
Starting ChromeDriver 70.0.3538.97 (d035916fe243477005bc95fe2a5778b8f20b6ae1) on port 55611
Only local connections are allowed.
Apr 01, 2019 2:04:53 AM org.openqa.selenium.remote.ProtocolHandshake createSession
INFO: Detected dialect: OSS
Starting ChromeDriver 70.0.3538.97 (d035916fe243477005bc95fe2a5778b8f20b6ae1) on port 34645
Only local connections are allowed.
Apr 01, 2019 2:05:13 AM org.openqa.selenium.remote.ProtocolHandshake createSession
INFO: Detected dialect: OSS
Starting ChromeDriver 70.0.3538.97 (d035916fe243477005bc95fe2a5778b8f20b6ae1) on port 49793
Only local connections are allowed.
Apr 01, 2019 2:05:33 AM org.openqa.selenium.remote.ProtocolHandshake createSession
INFO: Detected dialect: OSS
Starting ChromeDriver 70.0.3538.97 (d035916fe243477005bc95fe2a5778b8f20b6ae1) on port 46036
Only local connections are allowed.
Apr 01, 2019 2:05:54 AM org.openqa.selenium.remote.ProtocolHandshake createSession
INFO: Detected dialect: OSS
Starting ChromeDriver 70.0.3538.97 (d035916fe243477005bc95fe2a5778b8f20b6ae1) on port 65243
Only local connections are allowed.
Apr 01, 2019 2:06:14 AM org.openqa.selenium.remote.ProtocolHandshake createSession
INFO: Detected dialect: OSS
Starting ChromeDriver 70.0.3538.97 (d035916fe243477005bc95fe2a5778b8f20b6ae1) on port 38964
Only local connections are allowed.
Apr 01, 2019 2:06:34 AM org.openqa.selenium.remote.ProtocolHandshake createSession
INFO: Detected dialect: OSS
Starting ChromeDriver 70.0.3538.97 (d035916fe243477005bc95fe2a5778b8f20b6ae1) on port 26936
Only local connections are allowed.
Apr 01, 2019 2:06:54 AM org.openqa.selenium.remote.ProtocolHandshake createSession
INFO: Detected dialect: OSS
Starting ChromeDriver 70.0.3538.97 (d035916fe243477005bc95fe2a5778b8f20b6ae1) on port 54510
Only local connections are allowed.
Apr 01, 2019 2:07:14 AM org.openqa.selenium.remote.ProtocolHandshake createSession
INFO: Detected dialect: OSS
Starting ChromeDriver 70.0.3538.97 (d035916fe243477005bc95fe2a5778b8f20b6ae1) on port 16351
Only local connections are allowed.
Apr 01, 2019 2:07:34 AM org.openqa.selenium.remote.ProtocolHandshake createSession
INFO: Detected dialect: OSS
Starting ChromeDriver 70.0.3538.97 (d035916fe243477005bc95fe2a5778b8f20b6ae1) on port 7107
Only local connections are allowed.
Apr 01, 2019 2:08:25 AM org.openqa.selenium.remote.ProtocolHandshake createSession
INFO: Detected dialect: OSS
Starting ChromeDriver 70.0.3538.97 (d035916fe243477005bc95fe2a5778b8f20b6ae1) on port 63165
Only local connections are allowed.
Apr 01, 2019 2:08:44 AM org.openqa.selenium.remote.ProtocolHandshake createSession
INFO: Detected dialect: OSS
Starting ChromeDriver 70.0.3538.97 (d035916fe243477005bc95fe2a5778b8f20b6ae1) on port 35462
Only local connections are allowed.
Apr 01, 2019 2:09:04 AM org.openqa.selenium.remote.ProtocolHandshake createSession
INFO: Detected dialect: OSS
Starting ChromeDriver 70.0.3538.97 (d035916fe243477005bc95fe2a5778b8f20b6ae1) on port 50376
Only local connections are allowed.
Apr 01, 2019 2:09:24 AM org.openqa.selenium.remote.ProtocolHandshake createSession
INFO: Detected dialect: OSS
Starting ChromeDriver 70.0.3538.97 (d035916fe243477005bc95fe2a5778b8f20b6ae1) on port 6470
Only local connections are allowed.
Apr 01, 2019 2:09:43 AM org.openqa.selenium.remote.ProtocolHandshake createSession
INFO: Detected dialect: OSS
Starting ChromeDriver 70.0.3538.97 (d035916fe243477005bc95fe2a5778b8f20b6ae1) on port 14859
Only local connections are allowed.
Apr 01, 2019 2:10:03 AM org.openqa.selenium.remote.ProtocolHandshake createSession
INFO: Detected dialect: OSS
Starting ChromeDriver 70.0.3538.97 (d035916fe243477005bc95fe2a5778b8f20b6ae1) on port 20005
Only local connections are allowed.
Apr 01, 2019 2:10:54 AM org.openqa.selenium.remote.ProtocolHandshake createSession
INFO: Detected dialect: OSS
Starting ChromeDriver 70.0.3538.97 (d035916fe243477005bc95fe2a5778b8f20b6ae1) on port 56308
Only local connections are allowed.
Apr 01, 2019 2:11:28 AM org.openqa.selenium.remote.ProtocolHandshake createSession
INFO: Detected dialect: OSS
Starting ChromeDriver 70.0.3538.97 (d035916fe243477005bc95fe2a5778b8f20b6ae1) on port 24710
Only local connections are allowed.
Apr 01, 2019 2:11:48 AM org.openqa.selenium.remote.ProtocolHandshake createSession
INFO: Detected dialect: OSS
Starting ChromeDriver 70.0.3538.97 (d035916fe243477005bc95fe2a5778b8f20b6ae1) on port 47779
Only local connections are allowed.
Apr 01, 2019 2:12:23 AM org.openqa.selenium.remote.ProtocolHandshake createSession
INFO: Detected dialect: OSS
Starting ChromeDriver 70.0.3538.97 (d035916fe243477005bc95fe2a5778b8f20b6ae1) on port 53660
Only local connections are allowed.
Apr 01, 2019 2:12:42 AM org.openqa.selenium.remote.ProtocolHandshake createSession
INFO: Detected dialect: OSS
Starting ChromeDriver 70.0.3538.97 (d035916fe243477005bc95fe2a5778b8f20b6ae1) on port 7543
Only local connections are allowed.
Apr 01, 2019 2:13:17 AM org.openqa.selenium.remote.ProtocolHandshake createSession
INFO: Detected dialect: OSS
Starting ChromeDriver 70.0.3538.97 (d035916fe243477005bc95fe2a5778b8f20b6ae1) on port 29118
Only local connections are allowed.
Apr 01, 2019 2:14:07 AM org.openqa.selenium.remote.ProtocolHandshake createSession
INFO: Detected dialect: OSS
Starting ChromeDriver 70.0.3538.97 (d035916fe243477005bc95fe2a5778b8f20b6ae1) on port 61167
Only local connections are allowed.
Apr 01, 2019 2:14:25 AM org.openqa.selenium.remote.ProtocolHandshake createSession
INFO: Detected dialect: OSS
Starting ChromeDriver 70.0.3538.97 (d035916fe243477005bc95fe2a5778b8f20b6ae1) on port 62872
Only local connections are allowed.
Apr 01, 2019 2:14:44 AM org.openqa.selenium.remote.ProtocolHandshake createSession
INFO: Detected dialect: OSS
Starting ChromeDriver 70.0.3538.97 (d035916fe243477005bc95fe2a5778b8f20b6ae1) on port 44407
Only local connections are allowed.
Apr 01, 2019 2:15:03 AM org.openqa.selenium.remote.ProtocolHandshake createSession
INFO: Detected dialect: OSS
Starting ChromeDriver 70.0.3538.97 (d035916fe243477005bc95fe2a5778b8f20b6ae1) on port 18914
Only local connections are allowed.
Apr 01, 2019 2:15:37 AM org.openqa.selenium.remote.ProtocolHandshake createSession
INFO: Detected dialect: OSS
Starting ChromeDriver 70.0.3538.97 (d035916fe243477005bc95fe2a5778b8f20b6ae1) on port 15581
Only local connections are allowed.
Apr 01, 2019 2:16:10 AM org.openqa.selenium.remote.ProtocolHandshake createSession
INFO: Detected dialect: OSS
Starting ChromeDriver 70.0.3538.97 (d035916fe243477005bc95fe2a5778b8f20b6ae1) on port 50451
Only local connections are allowed.
Apr 01, 2019 2:16:29 AM org.openqa.selenium.remote.ProtocolHandshake createSession
INFO: Detected dialect: OSS
Starting ChromeDriver 70.0.3538.97 (d035916fe243477005bc95fe2a5778b8f20b6ae1) on port 18336
Only local connections are allowed.
Apr 01, 2019 2:16:47 AM org.openqa.selenium.remote.ProtocolHandshake createSession
INFO: Detected dialect: OSS
Starting ChromeDriver 70.0.3538.97 (d035916fe243477005bc95fe2a5778b8f20b6ae1) on port 52320
Only local connections are allowed.
Apr 01, 2019 2:17:06 AM org.openqa.selenium.remote.ProtocolHandshake createSession
INFO: Detected dialect: OSS
Starting ChromeDriver 70.0.3538.97 (d035916fe243477005bc95fe2a5778b8f20b6ae1) on port 38755
Only local connections are allowed.
Apr 01, 2019 2:17:25 AM org.openqa.selenium.remote.ProtocolHandshake createSession
INFO: Detected dialect: OSS
Starting ChromeDriver 70.0.3538.97 (d035916fe243477005bc95fe2a5778b8f20b6ae1) on port 23557
Only local connections are allowed.
Apr 01, 2019 2:17:44 AM org.openqa.selenium.remote.ProtocolHandshake createSession
INFO: Detected dialect: OSS
Starting ChromeDriver 70.0.3538.97 (d035916fe243477005bc95fe2a5778b8f20b6ae1) on port 32070
Only local connections are allowed.
Apr 01, 2019 2:18:03 AM org.openqa.selenium.remote.ProtocolHandshake createSession
INFO: Detected dialect: OSS
Starting ChromeDriver 70.0.3538.97 (d035916fe243477005bc95fe2a5778b8f20b6ae1) on port 56118
Only local connections are allowed.
Apr 01, 2019 2:18:22 AM org.openqa.selenium.remote.ProtocolHandshake createSession
INFO: Detected dialect: OSS
Starting ChromeDriver 70.0.3538.97 (d035916fe243477005bc95fe2a5778b8f20b6ae1) on port 55669
Only local connections are allowed.
Apr 01, 2019 2:18:41 AM org.openqa.selenium.remote.ProtocolHandshake createSession
INFO: Detected dialect: OSS
Starting ChromeDriver 70.0.3538.97 (d035916fe243477005bc95fe2a5778b8f20b6ae1) on port 32455
Only local connections are allowed.
Apr 01, 2019 2:18:59 AM org.openqa.selenium.remote.ProtocolHandshake createSession
INFO: Detected dialect: OSS
Starting ChromeDriver 70.0.3538.97 (d035916fe243477005bc95fe2a5778b8f20b6ae1) on port 5037
Only local connections are allowed.
Apr 01, 2019 2:19:19 AM org.openqa.selenium.remote.ProtocolHandshake createSession
INFO: Detected dialect: OSS
Starting ChromeDriver 70.0.3538.97 (d035916fe243477005bc95fe2a5778b8f20b6ae1) on port 19572
Only local connections are allowed.
Apr 01, 2019 2:19:38 AM org.openqa.selenium.remote.ProtocolHandshake createSession
INFO: Detected dialect: OSS
Starting ChromeDriver 70.0.3538.97 (d035916fe243477005bc95fe2a5778b8f20b6ae1) on port 60308
Only local connections are allowed.
Apr 01, 2019 2:19:58 AM org.openqa.selenium.remote.ProtocolHandshake createSession
INFO: Detected dialect: OSS
Starting ChromeDriver 70.0.3538.97 (d035916fe243477005bc95fe2a5778b8f20b6ae1) on port 40645
Only local connections are allowed.
Apr 01, 2019 2:20:31 AM org.openqa.selenium.remote.ProtocolHandshake createSession
INFO: Detected dialect: OSS
Starting ChromeDriver 70.0.3538.97 (d035916fe243477005bc95fe2a5778b8f20b6ae1) on port 57450
Only local connections are allowed.
Apr 01, 2019 2:20:50 AM org.openqa.selenium.remote.ProtocolHandshake createSession
INFO: Detected dialect: OSS
Starting ChromeDriver 70.0.3538.97 (d035916fe243477005bc95fe2a5778b8f20b6ae1) on port 61692
Only local connections are allowed.
Apr 01, 2019 2:21:09 AM org.openqa.selenium.remote.ProtocolHandshake createSession
INFO: Detected dialect: OSS
Starting ChromeDriver 70.0.3538.97 (d035916fe243477005bc95fe2a5778b8f20b6ae1) on port 33072
Only local connections are allowed.
Apr 01, 2019 2:21:28 AM org.openqa.selenium.remote.ProtocolHandshake createSession
INFO: Detected dialect: OSS
Starting ChromeDriver 70.0.3538.97 (d035916fe243477005bc95fe2a5778b8f20b6ae1) on port 13300
Only local connections are allowed.
Apr 01, 2019 2:22:02 AM org.openqa.selenium.remote.ProtocolHandshake createSession
INFO: Detected dialect: OSS
Starting ChromeDriver 70.0.3538.97 (d035916fe243477005bc95fe2a5778b8f20b6ae1) on port 29892
Only local connections are allowed.
Apr 01, 2019 2:22:21 AM org.openqa.selenium.remote.ProtocolHandshake createSession
INFO: Detected dialect: OSS
Starting ChromeDriver 70.0.3538.97 (d035916fe243477005bc95fe2a5778b8f20b6ae1) on port 19186
Only local connections are allowed.
Apr 01, 2019 2:22:41 AM org.openqa.selenium.remote.ProtocolHandshake createSession
INFO: Detected dialect: OSS
Starting ChromeDriver 70.0.3538.97 (d035916fe243477005bc95fe2a5778b8f20b6ae1) on port 41746
Only local connections are allowed.
Apr 01, 2019 2:23:01 AM org.openqa.selenium.remote.ProtocolHandshake createSession
INFO: Detected dialect: OSS
Starting ChromeDriver 70.0.3538.97 (d035916fe243477005bc95fe2a5778b8f20b6ae1) on port 35571
Only local connections are allowed.
Apr 01, 2019 2:23:19 AM org.openqa.selenium.remote.ProtocolHandshake createSession
INFO: Detected dialect: OSS
Starting ChromeDriver 70.0.3538.97 (d035916fe243477005bc95fe2a5778b8f20b6ae1) on port 19706
Only local connections are allowed.
Apr 01, 2019 2:23:37 AM org.openqa.selenium.remote.ProtocolHandshake createSession
INFO: Detected dialect: OSS
Starting ChromeDriver 70.0.3538.97 (d035916fe243477005bc95fe2a5778b8f20b6ae1) on port 8570
Only local connections are allowed.
Apr 01, 2019 2:23:56 AM org.openqa.selenium.remote.ProtocolHandshake createSession
INFO: Detected dialect: OSS
Starting ChromeDriver 70.0.3538.97 (d035916fe243477005bc95fe2a5778b8f20b6ae1) on port 25919
Only local connections are allowed.
Apr 01, 2019 2:24:15 AM org.openqa.selenium.remote.ProtocolHandshake createSession
INFO: Detected dialect: OSS
Starting ChromeDriver 70.0.3538.97 (d035916fe243477005bc95fe2a5778b8f20b6ae1) on port 15969
Only local connections are allowed.
Apr 01, 2019 2:24:34 AM org.openqa.selenium.remote.ProtocolHandshake createSession
INFO: Detected dialect: OSS
Starting ChromeDriver 70.0.3538.97 (d035916fe243477005bc95fe2a5778b8f20b6ae1) on port 50236
Only local connections are allowed.
Apr 01, 2019 2:24:53 AM org.openqa.selenium.remote.ProtocolHandshake createSession
INFO: Detected dialect: OSS
Starting ChromeDriver 70.0.3538.97 (d035916fe243477005bc95fe2a5778b8f20b6ae1) on port 30216
Only local connections are allowed.
Apr 01, 2019 2:25:12 AM org.openqa.selenium.remote.ProtocolHandshake createSession
INFO: Detected dialect: OSS
Starting ChromeDriver 70.0.3538.97 (d035916fe243477005bc95fe2a5778b8f20b6ae1) on port 27982
Only local connections are allowed.
Apr 01, 2019 2:25:45 AM org.openqa.selenium.remote.ProtocolHandshake createSession
INFO: Detected dialect: OSS
Starting ChromeDriver 70.0.3538.97 (d035916fe243477005bc95fe2a5778b8f20b6ae1) on port 55494
Only local connections are allowed.
Apr 01, 2019 2:26:04 AM org.openqa.selenium.remote.ProtocolHandshake createSession
INFO: Detected dialect: OSS
Starting ChromeDriver 70.0.3538.97 (d035916fe243477005bc95fe2a5778b8f20b6ae1) on port 13065
Only local connections are allowed.
Apr 01, 2019 2:26:23 AM org.openqa.selenium.remote.ProtocolHandshake createSession
INFO: Detected dialect: OSS
Starting ChromeDriver 70.0.3538.97 (d035916fe243477005bc95fe2a5778b8f20b6ae1) on port 39137
Only local connections are allowed.
Apr 01, 2019 2:26:41 AM org.openqa.selenium.remote.ProtocolHandshake createSession
INFO: Detected dialect: OSS
Starting ChromeDriver 70.0.3538.97 (d035916fe243477005bc95fe2a5778b8f20b6ae1) on port 18684
Only local connections are allowed.
Apr 01, 2019 2:27:01 AM org.openqa.selenium.remote.ProtocolHandshake createSession
INFO: Detected dialect: OSS
Starting ChromeDriver 70.0.3538.97 (d035916fe243477005bc95fe2a5778b8f20b6ae1) on port 21924
Only local connections are allowed.
Apr 01, 2019 2:27:20 AM org.openqa.selenium.remote.ProtocolHandshake createSession
INFO: Detected dialect: OSS
Starting ChromeDriver 70.0.3538.97 (d035916fe243477005bc95fe2a5778b8f20b6ae1) on port 37552
Only local connections are allowed.
Apr 01, 2019 2:27:39 AM org.openqa.selenium.remote.ProtocolHandshake createSession
INFO: Detected dialect: OSS
Starting ChromeDriver 70.0.3538.97 (d035916fe243477005bc95fe2a5778b8f20b6ae1) on port 47341
Only local connections are allowed.
Apr 01, 2019 2:27:58 AM org.openqa.selenium.remote.ProtocolHandshake createSession
INFO: Detected dialect: OSS
Starting ChromeDriver 70.0.3538.97 (d035916fe243477005bc95fe2a5778b8f20b6ae1) on port 63702
Only local connections are allowed.
Apr 01, 2019 2:28:17 AM org.openqa.selenium.remote.ProtocolHandshake createSession
INFO: Detected dialect: OSS
Starting ChromeDriver 70.0.3538.97 (d035916fe243477005bc95fe2a5778b8f20b6ae1) on port 8002
Only local connections are allowed.
Apr 01, 2019 2:28:35 AM org.openqa.selenium.remote.ProtocolHandshake createSession
INFO: Detected dialect: OSS
Starting ChromeDriver 70.0.3538.97 (d035916fe243477005bc95fe2a5778b8f20b6ae1) on port 56582
Only local connections are allowed.
Apr 01, 2019 2:29:09 AM org.openqa.selenium.remote.ProtocolHandshake createSession
INFO: Detected dialect: OSS
Starting ChromeDriver 70.0.3538.97 (d035916fe243477005bc95fe2a5778b8f20b6ae1) on port 34753
Only local connections are allowed.
Apr 01, 2019 2:29:28 AM org.openqa.selenium.remote.ProtocolHandshake createSession
INFO: Detected dialect: OSS
Starting ChromeDriver 70.0.3538.97 (d035916fe243477005bc95fe2a5778b8f20b6ae1) on port 16905
Only local connections are allowed.
Apr 01, 2019 2:30:01 AM org.openqa.selenium.remote.ProtocolHandshake createSession
INFO: Detected dialect: OSS
Starting ChromeDriver 70.0.3538.97 (d035916fe243477005bc95fe2a5778b8f20b6ae1) on port 19691
Only local connections are allowed.
Apr 01, 2019 2:30:20 AM org.openqa.selenium.remote.ProtocolHandshake createSession
INFO: Detected dialect: OSS
Starting ChromeDriver 70.0.3538.97 (d035916fe243477005bc95fe2a5778b8f20b6ae1) on port 40136
Only local connections are allowed.
Apr 01, 2019 2:30:55 AM org.openqa.selenium.remote.ProtocolHandshake createSession
INFO: Detected dialect: OSS
Starting ChromeDriver 70.0.3538.97 (d035916fe243477005bc95fe2a5778b8f20b6ae1) on port 18710
Only local connections are allowed.
Apr 01, 2019 2:31:14 AM org.openqa.selenium.remote.ProtocolHandshake createSession
INFO: Detected dialect: OSS
Starting ChromeDriver 70.0.3538.97 (d035916fe243477005bc95fe2a5778b8f20b6ae1) on port 19908
Only local connections are allowed.
Apr 01, 2019 2:31:32 AM org.openqa.selenium.remote.ProtocolHandshake createSession
INFO: Detected dialect: OSS
Starting ChromeDriver 70.0.3538.97 (d035916fe243477005bc95fe2a5778b8f20b6ae1) on port 49793
Only local connections are allowed.
Apr 01, 2019 2:31:49 AM org.openqa.selenium.remote.ProtocolHandshake createSession
INFO: Detected dialect: OSS
Starting ChromeDriver 70.0.3538.97 (d035916fe243477005bc95fe2a5778b8f20b6ae1) on port 5719
Only local connections are allowed.
Apr 01, 2019 2:32:09 AM org.openqa.selenium.remote.ProtocolHandshake createSession
INFO: Detected dialect: OSS
Starting ChromeDriver 70.0.3538.97 (d035916fe243477005bc95fe2a5778b8f20b6ae1) on port 52706
Only local connections are allowed.
Apr 01, 2019 2:32:28 AM org.openqa.selenium.remote.ProtocolHandshake createSession
INFO: Detected dialect: OSS
Starting ChromeDriver 70.0.3538.97 (d035916fe243477005bc95fe2a5778b8f20b6ae1) on port 30405
Only local connections are allowed.
Apr 01, 2019 2:32:46 AM org.openqa.selenium.remote.ProtocolHandshake createSession
INFO: Detected dialect: OSS
Starting ChromeDriver 70.0.3538.97 (d035916fe243477005bc95fe2a5778b8f20b6ae1) on port 34407
Only local connections are allowed.
Apr 01, 2019 2:33:06 AM org.openqa.selenium.remote.ProtocolHandshake createSession
INFO: Detected dialect: OSS
Starting ChromeDriver 70.0.3538.97 (d035916fe243477005bc95fe2a5778b8f20b6ae1) on port 45951
Only local connections are allowed.
Apr 01, 2019 2:33:24 AM org.openqa.selenium.remote.ProtocolHandshake createSession
INFO: Detected dialect: OSS
Starting ChromeDriver 70.0.3538.97 (d035916fe243477005bc95fe2a5778b8f20b6ae1) on port 11253
Only local connections are allowed.
Apr 01, 2019 2:33:42 AM org.openqa.selenium.remote.ProtocolHandshake createSession
INFO: Detected dialect: OSS
Starting ChromeDriver 70.0.3538.97 (d035916fe243477005bc95fe2a5778b8f20b6ae1) on port 47451
Only local connections are allowed.
Apr 01, 2019 2:34:01 AM org.openqa.selenium.remote.ProtocolHandshake createSession
INFO: Detected dialect: OSS
Starting ChromeDriver 70.0.3538.97 (d035916fe243477005bc95fe2a5778b8f20b6ae1) on port 8879
Only local connections are allowed.
Apr 01, 2019 2:34:19 AM org.openqa.selenium.remote.ProtocolHandshake createSession
INFO: Detected dialect: OSS
Starting ChromeDriver 70.0.3538.97 (d035916fe243477005bc95fe2a5778b8f20b6ae1) on port 11074
Only local connections are allowed.
Apr 01, 2019 2:34:38 AM org.openqa.selenium.remote.ProtocolHandshake createSession
INFO: Detected dialect: OSS
Starting ChromeDriver 70.0.3538.97 (d035916fe243477005bc95fe2a5778b8f20b6ae1) on port 16861
Only local connections are allowed.
Apr 01, 2019 2:34:56 AM org.openqa.selenium.remote.ProtocolHandshake createSession
INFO: Detected dialect: OSS
Starting ChromeDriver 70.0.3538.97 (d035916fe243477005bc95fe2a5778b8f20b6ae1) on port 64509
Only local connections are allowed.
Apr 01, 2019 2:35:14 AM org.openqa.selenium.remote.ProtocolHandshake createSession
INFO: Detected dialect: OSS
Starting ChromeDriver 70.0.3538.97 (d035916fe243477005bc95fe2a5778b8f20b6ae1) on port 40654
Only local connections are allowed.
Apr 01, 2019 2:35:32 AM org.openqa.selenium.remote.ProtocolHandshake createSession
INFO: Detected dialect: OSS
Starting ChromeDriver 70.0.3538.97 (d035916fe243477005bc95fe2a5778b8f20b6ae1) on port 41236
Only local connections are allowed.
Apr 01, 2019 2:35:50 AM org.openqa.selenium.remote.ProtocolHandshake createSession
INFO: Detected dialect: OSS
Starting ChromeDriver 70.0.3538.97 (d035916fe243477005bc95fe2a5778b8f20b6ae1) on port 62860
Only local connections are allowed.
Apr 01, 2019 2:36:23 AM org.openqa.selenium.remote.ProtocolHandshake createSession
INFO: Detected dialect: OSS
Starting ChromeDriver 70.0.3538.97 (d035916fe243477005bc95fe2a5778b8f20b6ae1) on port 53434
Only local connections are allowed.
Apr 01, 2019 2:36:41 AM org.openqa.selenium.remote.ProtocolHandshake createSession
INFO: Detected dialect: OSS
Starting ChromeDriver 70.0.3538.97 (d035916fe243477005bc95fe2a5778b8f20b6ae1) on port 65406
Only local connections are allowed.
Apr 01, 2019 2:37:00 AM org.openqa.selenium.remote.ProtocolHandshake createSession
INFO: Detected dialect: OSS
Starting ChromeDriver 70.0.3538.97 (d035916fe243477005bc95fe2a5778b8f20b6ae1) on port 51019
Only local connections are allowed.
Apr 01, 2019 2:37:18 AM org.openqa.selenium.remote.ProtocolHandshake createSession
INFO: Detected dialect: OSS
Starting ChromeDriver 70.0.3538.97 (d035916fe243477005bc95fe2a5778b8f20b6ae1) on port 6693
Only local connections are allowed.
Apr 01, 2019 2:37:36 AM org.openqa.selenium.remote.ProtocolHandshake createSession
INFO: Detected dialect: OSS
Starting ChromeDriver 70.0.3538.97 (d035916fe243477005bc95fe2a5778b8f20b6ae1) on port 25231
Only local connections are allowed.
Apr 01, 2019 2:37:56 AM org.openqa.selenium.remote.ProtocolHandshake createSession
INFO: Detected dialect: OSS
Starting ChromeDriver 70.0.3538.97 (d035916fe243477005bc95fe2a5778b8f20b6ae1) on port 22740
Only local connections are allowed.
Apr 01, 2019 2:38:15 AM org.openqa.selenium.remote.ProtocolHandshake createSession
INFO: Detected dialect: OSS
Starting ChromeDriver 70.0.3538.97 (d035916fe243477005bc95fe2a5778b8f20b6ae1) on port 37539
Only local connections are allowed.
Apr 01, 2019 2:38:34 AM org.openqa.selenium.remote.ProtocolHandshake createSession
INFO: Detected dialect: OSS
Starting ChromeDriver 70.0.3538.97 (d035916fe243477005bc95fe2a5778b8f20b6ae1) on port 16251
Only local connections are allowed.
Apr 01, 2019 2:38:52 AM org.openqa.selenium.remote.ProtocolHandshake createSession
INFO: Detected dialect: OSS
Starting ChromeDriver 70.0.3538.97 (d035916fe243477005bc95fe2a5778b8f20b6ae1) on port 34406
Only local connections are allowed.
Apr 01, 2019 2:39:11 AM org.openqa.selenium.remote.ProtocolHandshake createSession
INFO: Detected dialect: OSS
Starting ChromeDriver 70.0.3538.97 (d035916fe243477005bc95fe2a5778b8f20b6ae1) on port 61914
Only local connections are allowed.
Apr 01, 2019 2:39:44 AM org.openqa.selenium.remote.ProtocolHandshake createSession
INFO: Detected dialect: OSS
Starting ChromeDriver 70.0.3538.97 (d035916fe243477005bc95fe2a5778b8f20b6ae1) on port 20017
Only local connections are allowed.
Apr 01, 2019 2:40:18 AM org.openqa.selenium.remote.ProtocolHandshake createSession
INFO: Detected dialect: OSS
Starting ChromeDriver 70.0.3538.97 (d035916fe243477005bc95fe2a5778b8f20b6ae1) on port 64232
Only local connections are allowed.
Apr 01, 2019 2:40:37 AM org.openqa.selenium.remote.ProtocolHandshake createSession
INFO: Detected dialect: OSS
Starting ChromeDriver 70.0.3538.97 (d035916fe243477005bc95fe2a5778b8f20b6ae1) on port 13463
Only local connections are allowed.
Apr 01, 2019 2:40:55 AM org.openqa.selenium.remote.ProtocolHandshake createSession
INFO: Detected dialect: OSS
Starting ChromeDriver 70.0.3538.97 (d035916fe243477005bc95fe2a5778b8f20b6ae1) on port 57204
Only local connections are allowed.
Apr 01, 2019 2:41:14 AM org.openqa.selenium.remote.ProtocolHandshake createSession
INFO: Detected dialect: OSS
Starting ChromeDriver 70.0.3538.97 (d035916fe243477005bc95fe2a5778b8f20b6ae1) on port 59542
Only local connections are allowed.
Apr 01, 2019 2:41:33 AM org.openqa.selenium.remote.ProtocolHandshake createSession
INFO: Detected dialect: OSS
Starting ChromeDriver 70.0.3538.97 (d035916fe243477005bc95fe2a5778b8f20b6ae1) on port 61022
Only local connections are allowed.
Apr 01, 2019 2:42:23 AM org.openqa.selenium.remote.ProtocolHandshake createSession
INFO: Detected dialect: OSS
Starting ChromeDriver 70.0.3538.97 (d035916fe243477005bc95fe2a5778b8f20b6ae1) on port 25354
Only local connections are allowed.
Apr 01, 2019 2:42:42 AM org.openqa.selenium.remote.ProtocolHandshake createSession
INFO: Detected dialect: OSS
Starting ChromeDriver 70.0.3538.97 (d035916fe243477005bc95fe2a5778b8f20b6ae1) on port 17724
Only local connections are allowed.
Apr 01, 2019 2:43:01 AM org.openqa.selenium.remote.ProtocolHandshake createSession
INFO: Detected dialect: OSS
Starting ChromeDriver 70.0.3538.97 (d035916fe243477005bc95fe2a5778b8f20b6ae1) on port 57495
Only local connections are allowed.
Apr 01, 2019 2:43:20 AM org.openqa.selenium.remote.ProtocolHandshake createSession
INFO: Detected dialect: OSS
Starting ChromeDriver 70.0.3538.97 (d035916fe243477005bc95fe2a5778b8f20b6ae1) on port 38799
Only local connections are allowed.
Apr 01, 2019 2:43:39 AM org.openqa.selenium.remote.ProtocolHandshake createSession
INFO: Detected dialect: OSS
Starting ChromeDriver 70.0.3538.97 (d035916fe243477005bc95fe2a5778b8f20b6ae1) on port 28372
Only local connections are allowed.
Apr 01, 2019 2:43:58 AM org.openqa.selenium.remote.ProtocolHandshake createSession
INFO: Detected dialect: OSS
Starting ChromeDriver 70.0.3538.97 (d035916fe243477005bc95fe2a5778b8f20b6ae1) on port 63745
Only local connections are allowed.
Apr 01, 2019 2:44:17 AM org.openqa.selenium.remote.ProtocolHandshake createSession
INFO: Detected dialect: OSS
Starting ChromeDriver 70.0.3538.97 (d035916fe243477005bc95fe2a5778b8f20b6ae1) on port 49781
Only local connections are allowed.
Apr 01, 2019 2:44:35 AM org.openqa.selenium.remote.ProtocolHandshake createSession
INFO: Detected dialect: OSS
Starting ChromeDriver 70.0.3538.97 (d035916fe243477005bc95fe2a5778b8f20b6ae1) on port 33396
Only local connections are allowed.
Apr 01, 2019 2:44:54 AM org.openqa.selenium.remote.ProtocolHandshake createSession
INFO: Detected dialect: OSS
Starting ChromeDriver 70.0.3538.97 (d035916fe243477005bc95fe2a5778b8f20b6ae1) on port 46485
Only local connections are allowed.
Apr 01, 2019 2:45:13 AM org.openqa.selenium.remote.ProtocolHandshake createSession
INFO: Detected dialect: OSS
Starting ChromeDriver 70.0.3538.97 (d035916fe243477005bc95fe2a5778b8f20b6ae1) on port 45776
Only local connections are allowed.
Apr 01, 2019 2:45:31 AM org.openqa.selenium.remote.ProtocolHandshake createSession
INFO: Detected dialect: OSS
Starting ChromeDriver 70.0.3538.97 (d035916fe243477005bc95fe2a5778b8f20b6ae1) on port 38237
Only local connections are allowed.
Apr 01, 2019 2:45:50 AM org.openqa.selenium.remote.ProtocolHandshake createSession
INFO: Detected dialect: OSS
Starting ChromeDriver 70.0.3538.97 (d035916fe243477005bc95fe2a5778b8f20b6ae1) on port 9450
Only local connections are allowed.
Apr 01, 2019 2:46:09 AM org.openqa.selenium.remote.ProtocolHandshake createSession
INFO: Detected dialect: OSS
Starting ChromeDriver 70.0.3538.97 (d035916fe243477005bc95fe2a5778b8f20b6ae1) on port 58287
Only local connections are allowed.
Apr 01, 2019 2:46:27 AM org.openqa.selenium.remote.ProtocolHandshake createSession
INFO: Detected dialect: OSS
Starting ChromeDriver 70.0.3538.97 (d035916fe243477005bc95fe2a5778b8f20b6ae1) on port 48098
Only local connections are allowed.
Apr 01, 2019 2:46:46 AM org.openqa.selenium.remote.ProtocolHandshake createSession
INFO: Detected dialect: OSS
Starting ChromeDriver 70.0.3538.97 (d035916fe243477005bc95fe2a5778b8f20b6ae1) on port 53917
Only local connections are allowed.
Apr 01, 2019 2:47:04 AM org.openqa.selenium.remote.ProtocolHandshake createSession
INFO: Detected dialect: OSS
Starting ChromeDriver 70.0.3538.97 (d035916fe243477005bc95fe2a5778b8f20b6ae1) on port 25070
Only local connections are allowed.
Apr 01, 2019 2:47:38 AM org.openqa.selenium.remote.ProtocolHandshake createSession
INFO: Detected dialect: OSS
Starting ChromeDriver 70.0.3538.97 (d035916fe243477005bc95fe2a5778b8f20b6ae1) on port 26162
Only local connections are allowed.
Apr 01, 2019 2:47:58 AM org.openqa.selenium.remote.ProtocolHandshake createSession
INFO: Detected dialect: OSS
Starting ChromeDriver 70.0.3538.97 (d035916fe243477005bc95fe2a5778b8f20b6ae1) on port 40117
Only local connections are allowed.
Apr 01, 2019 2:48:17 AM org.openqa.selenium.remote.ProtocolHandshake createSession
INFO: Detected dialect: OSS
Starting ChromeDriver 70.0.3538.97 (d035916fe243477005bc95fe2a5778b8f20b6ae1) on port 31138
Only local connections are allowed.
Apr 01, 2019 2:48:36 AM org.openqa.selenium.remote.ProtocolHandshake createSession
INFO: Detected dialect: OSS
Starting ChromeDriver 70.0.3538.97 (d035916fe243477005bc95fe2a5778b8f20b6ae1) on port 42033
Only local connections are allowed.
Apr 01, 2019 2:48:55 AM org.openqa.selenium.remote.ProtocolHandshake createSession
INFO: Detected dialect: OSS
Starting ChromeDriver 70.0.3538.97 (d035916fe243477005bc95fe2a5778b8f20b6ae1) on port 25183
Only local connections are allowed.
Apr 01, 2019 2:49:14 AM org.openqa.selenium.remote.ProtocolHandshake createSession
INFO: Detected dialect: OSS
Starting ChromeDriver 70.0.3538.97 (d035916fe243477005bc95fe2a5778b8f20b6ae1) on port 27714
Only local connections are allowed.
Apr 01, 2019 2:49:47 AM org.openqa.selenium.remote.ProtocolHandshake createSession
INFO: Detected dialect: OSS
Starting ChromeDriver 70.0.3538.97 (d035916fe243477005bc95fe2a5778b8f20b6ae1) on port 53496
Only local connections are allowed.
Apr 01, 2019 2:50:06 AM org.openqa.selenium.remote.ProtocolHandshake createSession
INFO: Detected dialect: OSS
Starting ChromeDriver 70.0.3538.97 (d035916fe243477005bc95fe2a5778b8f20b6ae1) on port 33096
Only local connections are allowed.
Apr 01, 2019 2:50:24 AM org.openqa.selenium.remote.ProtocolHandshake createSession
INFO: Detected dialect: OSS
Starting ChromeDriver 70.0.3538.97 (d035916fe243477005bc95fe2a5778b8f20b6ae1) on port 57531
Only local connections are allowed.
Apr 01, 2019 2:50:43 AM org.openqa.selenium.remote.ProtocolHandshake createSession
INFO: Detected dialect: OSS
Starting ChromeDriver 70.0.3538.97 (d035916fe243477005bc95fe2a5778b8f20b6ae1) on port 24192
Only local connections are allowed.
Apr 01, 2019 2:51:16 AM org.openqa.selenium.remote.ProtocolHandshake createSession
INFO: Detected dialect: OSS
Starting ChromeDriver 70.0.3538.97 (d035916fe243477005bc95fe2a5778b8f20b6ae1) on port 43313
Only local connections are allowed.
Apr 01, 2019 2:51:36 AM org.openqa.selenium.remote.ProtocolHandshake createSession
INFO: Detected dialect: OSS
Starting ChromeDriver 70.0.3538.97 (d035916fe243477005bc95fe2a5778b8f20b6ae1) on port 11407
Only local connections are allowed.
Apr 01, 2019 2:51:55 AM org.openqa.selenium.remote.ProtocolHandshake createSession
INFO: Detected dialect: OSS
Starting ChromeDriver 70.0.3538.97 (d035916fe243477005bc95fe2a5778b8f20b6ae1) on port 53597
Only local connections are allowed.
Apr 01, 2019 2:52:15 AM org.openqa.selenium.remote.ProtocolHandshake createSession
INFO: Detected dialect: OSS
Starting ChromeDriver 70.0.3538.97 (d035916fe243477005bc95fe2a5778b8f20b6ae1) on port 48287
Only local connections are allowed.
Apr 01, 2019 2:52:33 AM org.openqa.selenium.remote.ProtocolHandshake createSession
INFO: Detected dialect: OSS
Starting ChromeDriver 70.0.3538.97 (d035916fe243477005bc95fe2a5778b8f20b6ae1) on port 34929
Only local connections are allowed.
Apr 01, 2019 2:52:51 AM org.openqa.selenium.remote.ProtocolHandshake createSession
INFO: Detected dialect: OSS
Starting ChromeDriver 70.0.3538.97 (d035916fe243477005bc95fe2a5778b8f20b6ae1) on port 60940
Only local connections are allowed.
Apr 01, 2019 2:53:11 AM org.openqa.selenium.remote.ProtocolHandshake createSession
INFO: Detected dialect: OSS
Starting ChromeDriver 70.0.3538.97 (d035916fe243477005bc95fe2a5778b8f20b6ae1) on port 58500
Only local connections are allowed.
Apr 01, 2019 2:53:44 AM org.openqa.selenium.remote.ProtocolHandshake createSession
INFO: Detected dialect: OSS
Starting ChromeDriver 70.0.3538.97 (d035916fe243477005bc95fe2a5778b8f20b6ae1) on port 26572
Only local connections are allowed.
Apr 01, 2019 2:54:03 AM org.openqa.selenium.remote.ProtocolHandshake createSession
INFO: Detected dialect: OSS
Starting ChromeDriver 70.0.3538.97 (d035916fe243477005bc95fe2a5778b8f20b6ae1) on port 34977
Only local connections are allowed.
Apr 01, 2019 2:54:37 AM org.openqa.selenium.remote.ProtocolHandshake createSession
INFO: Detected dialect: OSS
Starting ChromeDriver 70.0.3538.97 (d035916fe243477005bc95fe2a5778b8f20b6ae1) on port 29386
Only local connections are allowed.
Apr 01, 2019 2:54:57 AM org.openqa.selenium.remote.ProtocolHandshake createSession
INFO: Detected dialect: OSS
Starting ChromeDriver 70.0.3538.97 (d035916fe243477005bc95fe2a5778b8f20b6ae1) on port 40445
Only local connections are allowed.
Apr 01, 2019 2:55:16 AM org.openqa.selenium.remote.ProtocolHandshake createSession
INFO: Detected dialect: OSS
Starting ChromeDriver 70.0.3538.97 (d035916fe243477005bc95fe2a5778b8f20b6ae1) on port 16618
Only local connections are allowed.
Apr 01, 2019 2:55:35 AM org.openqa.selenium.remote.ProtocolHandshake createSession
INFO: Detected dialect: OSS
Starting ChromeDriver 70.0.3538.97 (d035916fe243477005bc95fe2a5778b8f20b6ae1) on port 49633
Only local connections are allowed.
Apr 01, 2019 2:55:53 AM org.openqa.selenium.remote.ProtocolHandshake createSession
INFO: Detected dialect: OSS
Starting ChromeDriver 70.0.3538.97 (d035916fe243477005bc95fe2a5778b8f20b6ae1) on port 13841
Only local connections are allowed.
Apr 01, 2019 2:56:13 AM org.openqa.selenium.remote.ProtocolHandshake createSession
INFO: Detected dialect: OSS
Starting ChromeDriver 70.0.3538.97 (d035916fe243477005bc95fe2a5778b8f20b6ae1) on port 9113
Only local connections are allowed.
Apr 01, 2019 2:56:31 AM org.openqa.selenium.remote.ProtocolHandshake createSession
INFO: Detected dialect: OSS
Starting ChromeDriver 70.0.3538.97 (d035916fe243477005bc95fe2a5778b8f20b6ae1) on port 5976
Only local connections are allowed.
Apr 01, 2019 2:56:50 AM org.openqa.selenium.remote.ProtocolHandshake createSession
INFO: Detected dialect: OSS
Starting ChromeDriver 70.0.3538.97 (d035916fe243477005bc95fe2a5778b8f20b6ae1) on port 30703
Only local connections are allowed.
Apr 01, 2019 2:57:09 AM org.openqa.selenium.remote.ProtocolHandshake createSession
INFO: Detected dialect: OSS
Starting ChromeDriver 70.0.3538.97 (d035916fe243477005bc95fe2a5778b8f20b6ae1) on port 9629
Only local connections are allowed.
Apr 01, 2019 2:57:28 AM org.openqa.selenium.remote.ProtocolHandshake createSession
INFO: Detected dialect: OSS
Starting ChromeDriver 70.0.3538.97 (d035916fe243477005bc95fe2a5778b8f20b6ae1) on port 10288
Only local connections are allowed.
Apr 01, 2019 2:58:01 AM org.openqa.selenium.remote.ProtocolHandshake createSession
INFO: Detected dialect: OSS
Starting ChromeDriver 70.0.3538.97 (d035916fe243477005bc95fe2a5778b8f20b6ae1) on port 10188
Only local connections are allowed.
Apr 01, 2019 2:58:35 AM org.openqa.selenium.remote.ProtocolHandshake createSession
INFO: Detected dialect: OSS
Starting ChromeDriver 70.0.3538.97 (d035916fe243477005bc95fe2a5778b8f20b6ae1) on port 8420
Only local connections are allowed.
Apr 01, 2019 2:58:55 AM org.openqa.selenium.remote.ProtocolHandshake createSession
INFO: Detected dialect: OSS
Starting ChromeDriver 70.0.3538.97 (d035916fe243477005bc95fe2a5778b8f20b6ae1) on port 28424
Only local connections are allowed.
Apr 01, 2019 2:59:13 AM org.openqa.selenium.remote.ProtocolHandshake createSession
INFO: Detected dialect: OSS
Starting ChromeDriver 70.0.3538.97 (d035916fe243477005bc95fe2a5778b8f20b6ae1) on port 62560
Only local connections are allowed.
Apr 01, 2019 2:59:32 AM org.openqa.selenium.remote.ProtocolHandshake createSession
INFO: Detected dialect: OSS
Starting ChromeDriver 70.0.3538.97 (d035916fe243477005bc95fe2a5778b8f20b6ae1) on port 36562
Only local connections are allowed.
Apr 01, 2019 2:59:51 AM org.openqa.selenium.remote.ProtocolHandshake createSession
INFO: Detected dialect: OSS
Starting ChromeDriver 70.0.3538.97 (d035916fe243477005bc95fe2a5778b8f20b6ae1) on port 35198
Only local connections are allowed.
Apr 01, 2019 3:00:16 AM org.openqa.selenium.remote.ProtocolHandshake createSession
INFO: Detected dialect: OSS
Starting ChromeDriver 70.0.3538.97 (d035916fe243477005bc95fe2a5778b8f20b6ae1) on port 64701
Only local connections are allowed.
Apr 01, 2019 3:00:34 AM org.openqa.selenium.remote.ProtocolHandshake createSession
INFO: Detected dialect: OSS
Starting ChromeDriver 70.0.3538.97 (d035916fe243477005bc95fe2a5778b8f20b6ae1) on port 14564
Only local connections are allowed.
Apr 01, 2019 3:00:54 AM org.openqa.selenium.remote.ProtocolHandshake createSession
INFO: Detected dialect: OSS
Starting ChromeDriver 70.0.3538.97 (d035916fe243477005bc95fe2a5778b8f20b6ae1) on port 42004
Only local connections are allowed.
Apr 01, 2019 3:01:13 AM org.openqa.selenium.remote.ProtocolHandshake createSession
INFO: Detected dialect: OSS
Starting ChromeDriver 70.0.3538.97 (d035916fe243477005bc95fe2a5778b8f20b6ae1) on port 27025
Only local connections are allowed.
Apr 01, 2019 3:01:32 AM org.openqa.selenium.remote.ProtocolHandshake createSession
INFO: Detected dialect: OSS
Starting ChromeDriver 70.0.3538.97 (d035916fe243477005bc95fe2a5778b8f20b6ae1) on port 13686
Only local connections are allowed.
Apr 01, 2019 3:01:50 AM org.openqa.selenium.remote.ProtocolHandshake createSession
INFO: Detected dialect: OSS
Starting ChromeDriver 70.0.3538.97 (d035916fe243477005bc95fe2a5778b8f20b6ae1) on port 61324
Only local connections are allowed.
Apr 01, 2019 3:02:10 AM org.openqa.selenium.remote.ProtocolHandshake createSession
INFO: Detected dialect: OSS
Starting ChromeDriver 70.0.3538.97 (d035916fe243477005bc95fe2a5778b8f20b6ae1) on port 65506
Only local connections are allowed.
Apr 01, 2019 3:02:29 AM org.openqa.selenium.remote.ProtocolHandshake createSession
INFO: Detected dialect: OSS
Starting ChromeDriver 70.0.3538.97 (d035916fe243477005bc95fe2a5778b8f20b6ae1) on port 50223
Only local connections are allowed.
Apr 01, 2019 3:02:48 AM org.openqa.selenium.remote.ProtocolHandshake createSession
INFO: Detected dialect: OSS
Starting ChromeDriver 70.0.3538.97 (d035916fe243477005bc95fe2a5778b8f20b6ae1) on port 24076
Only local connections are allowed.
Apr 01, 2019 3:03:07 AM org.openqa.selenium.remote.ProtocolHandshake createSession
INFO: Detected dialect: OSS
Starting ChromeDriver 70.0.3538.97 (d035916fe243477005bc95fe2a5778b8f20b6ae1) on port 17296
Only local connections are allowed.
Apr 01, 2019 3:03:25 AM org.openqa.selenium.remote.ProtocolHandshake createSession
INFO: Detected dialect: OSS
Starting ChromeDriver 70.0.3538.97 (d035916fe243477005bc95fe2a5778b8f20b6ae1) on port 9601
Only local connections are allowed.
Apr 01, 2019 3:03:43 AM org.openqa.selenium.remote.ProtocolHandshake createSession
INFO: Detected dialect: OSS
Starting ChromeDriver 70.0.3538.97 (d035916fe243477005bc95fe2a5778b8f20b6ae1) on port 12251
Only local connections are allowed.
Apr 01, 2019 3:04:17 AM org.openqa.selenium.remote.ProtocolHandshake createSession
INFO: Detected dialect: OSS
Starting ChromeDriver 70.0.3538.97 (d035916fe243477005bc95fe2a5778b8f20b6ae1) on port 47138
Only local connections are allowed.
Apr 01, 2019 3:04:36 AM org.openqa.selenium.remote.ProtocolHandshake createSession
INFO: Detected dialect: OSS
Starting ChromeDriver 70.0.3538.97 (d035916fe243477005bc95fe2a5778b8f20b6ae1) on port 57867
Only local connections are allowed.
Apr 01, 2019 3:04:55 AM org.openqa.selenium.remote.ProtocolHandshake createSession
INFO: Detected dialect: OSS
Starting ChromeDriver 70.0.3538.97 (d035916fe243477005bc95fe2a5778b8f20b6ae1) on port 25335
Only local connections are allowed.
Apr 01, 2019 3:05:14 AM org.openqa.selenium.remote.ProtocolHandshake createSession
INFO: Detected dialect: OSS
Starting ChromeDriver 70.0.3538.97 (d035916fe243477005bc95fe2a5778b8f20b6ae1) on port 47263
Only local connections are allowed.
Apr 01, 2019 3:05:33 AM org.openqa.selenium.remote.ProtocolHandshake createSession
INFO: Detected dialect: OSS
Starting ChromeDriver 70.0.3538.97 (d035916fe243477005bc95fe2a5778b8f20b6ae1) on port 21019
Only local connections are allowed.
Apr 01, 2019 3:05:52 AM org.openqa.selenium.remote.ProtocolHandshake createSession
INFO: Detected dialect: OSS
Starting ChromeDriver 70.0.3538.97 (d035916fe243477005bc95fe2a5778b8f20b6ae1) on port 43853
Only local connections are allowed.
Apr 01, 2019 3:06:11 AM org.openqa.selenium.remote.ProtocolHandshake createSession
INFO: Detected dialect: OSS
Starting ChromeDriver 70.0.3538.97 (d035916fe243477005bc95fe2a5778b8f20b6ae1) on port 35486
Only local connections are allowed.
Apr 01, 2019 3:06:29 AM org.openqa.selenium.remote.ProtocolHandshake createSession
INFO: Detected dialect: OSS
Starting ChromeDriver 70.0.3538.97 (d035916fe243477005bc95fe2a5778b8f20b6ae1) on port 43681
Only local connections are allowed.
Apr 01, 2019 3:06:48 AM org.openqa.selenium.remote.ProtocolHandshake createSession
INFO: Detected dialect: OSS
Starting ChromeDriver 70.0.3538.97 (d035916fe243477005bc95fe2a5778b8f20b6ae1) on port 13060
Only local connections are allowed.
Apr 01, 2019 3:07:08 AM org.openqa.selenium.remote.ProtocolHandshake createSession
INFO: Detected dialect: OSS
Starting ChromeDriver 70.0.3538.97 (d035916fe243477005bc95fe2a5778b8f20b6ae1) on port 9540
Only local connections are allowed.
Apr 01, 2019 3:07:26 AM org.openqa.selenium.remote.ProtocolHandshake createSession
INFO: Detected dialect: OSS
Starting ChromeDriver 70.0.3538.97 (d035916fe243477005bc95fe2a5778b8f20b6ae1) on port 52702
Only local connections are allowed.
Apr 01, 2019 3:07:46 AM org.openqa.selenium.remote.ProtocolHandshake createSession
INFO: Detected dialect: OSS
Starting ChromeDriver 70.0.3538.97 (d035916fe243477005bc95fe2a5778b8f20b6ae1) on port 26286
Only local connections are allowed.
Apr 01, 2019 3:08:05 AM org.openqa.selenium.remote.ProtocolHandshake createSession
INFO: Detected dialect: OSS
Starting ChromeDriver 70.0.3538.97 (d035916fe243477005bc95fe2a5778b8f20b6ae1) on port 37833
Only local connections are allowed.
Apr 01, 2019 3:08:23 AM org.openqa.selenium.remote.ProtocolHandshake createSession
INFO: Detected dialect: OSS
Starting ChromeDriver 70.0.3538.97 (d035916fe243477005bc95fe2a5778b8f20b6ae1) on port 30099
Only local connections are allowed.
Apr 01, 2019 3:08:41 AM org.openqa.selenium.remote.ProtocolHandshake createSession
INFO: Detected dialect: OSS
Starting ChromeDriver 70.0.3538.97 (d035916fe243477005bc95fe2a5778b8f20b6ae1) on port 41260
Only local connections are allowed.
Apr 01, 2019 3:09:00 AM org.openqa.selenium.remote.ProtocolHandshake createSession
INFO: Detected dialect: OSS
Starting ChromeDriver 70.0.3538.97 (d035916fe243477005bc95fe2a5778b8f20b6ae1) on port 47056
Only local connections are allowed.
Apr 01, 2019 3:09:19 AM org.openqa.selenium.remote.ProtocolHandshake createSession
INFO: Detected dialect: OSS
Starting ChromeDriver 70.0.3538.97 (d035916fe243477005bc95fe2a5778b8f20b6ae1) on port 54378
Only local connections are allowed.
Apr 01, 2019 3:09:38 AM org.openqa.selenium.remote.ProtocolHandshake createSession
INFO: Detected dialect: OSS
Starting ChromeDriver 70.0.3538.97 (d035916fe243477005bc95fe2a5778b8f20b6ae1) on port 38681
Only local connections are allowed.
Apr 01, 2019 3:10:12 AM org.openqa.selenium.remote.ProtocolHandshake createSession
INFO: Detected dialect: OSS
Starting ChromeDriver 70.0.3538.97 (d035916fe243477005bc95fe2a5778b8f20b6ae1) on port 9512
Only local connections are allowed.
Apr 01, 2019 3:10:31 AM org.openqa.selenium.remote.ProtocolHandshake createSession
INFO: Detected dialect: OSS
Starting ChromeDriver 70.0.3538.97 (d035916fe243477005bc95fe2a5778b8f20b6ae1) on port 64739
Only local connections are allowed.
Apr 01, 2019 3:10:49 AM org.openqa.selenium.remote.ProtocolHandshake createSession
INFO: Detected dialect: OSS
Starting ChromeDriver 70.0.3538.97 (d035916fe243477005bc95fe2a5778b8f20b6ae1) on port 59005
Only local connections are allowed.
Apr 01, 2019 3:11:09 AM org.openqa.selenium.remote.ProtocolHandshake createSession
INFO: Detected dialect: OSS
Starting ChromeDriver 70.0.3538.97 (d035916fe243477005bc95fe2a5778b8f20b6ae1) on port 27162
Only local connections are allowed.
Apr 01, 2019 3:11:27 AM org.openqa.selenium.remote.ProtocolHandshake createSession
INFO: Detected dialect: OSS
Starting ChromeDriver 70.0.3538.97 (d035916fe243477005bc95fe2a5778b8f20b6ae1) on port 56624
Only local connections are allowed.
Apr 01, 2019 3:11:46 AM org.openqa.selenium.remote.ProtocolHandshake createSession
INFO: Detected dialect: OSS
Starting ChromeDriver 70.0.3538.97 (d035916fe243477005bc95fe2a5778b8f20b6ae1) on port 34201
Only local connections are allowed.
Apr 01, 2019 3:12:05 AM org.openqa.selenium.remote.ProtocolHandshake createSession
INFO: Detected dialect: OSS
Starting ChromeDriver 70.0.3538.97 (d035916fe243477005bc95fe2a5778b8f20b6ae1) on port 17015
Only local connections are allowed.
Apr 01, 2019 3:12:39 AM org.openqa.selenium.remote.ProtocolHandshake createSession
INFO: Detected dialect: OSS
Starting ChromeDriver 70.0.3538.97 (d035916fe243477005bc95fe2a5778b8f20b6ae1) on port 11135
Only local connections are allowed.
Apr 01, 2019 3:12:58 AM org.openqa.selenium.remote.ProtocolHandshake createSession
INFO: Detected dialect: OSS
Starting ChromeDriver 70.0.3538.97 (d035916fe243477005bc95fe2a5778b8f20b6ae1) on port 60067
Only local connections are allowed.
Apr 01, 2019 3:13:17 AM org.openqa.selenium.remote.ProtocolHandshake createSession
INFO: Detected dialect: OSS
Starting ChromeDriver 70.0.3538.97 (d035916fe243477005bc95fe2a5778b8f20b6ae1) on port 59049
Only local connections are allowed.
Apr 01, 2019 3:13:35 AM org.openqa.selenium.remote.ProtocolHandshake createSession
INFO: Detected dialect: OSS
Starting ChromeDriver 70.0.3538.97 (d035916fe243477005bc95fe2a5778b8f20b6ae1) on port 48944
Only local connections are allowed.
Apr 01, 2019 3:13:55 AM org.openqa.selenium.remote.ProtocolHandshake createSession
INFO: Detected dialect: OSS
Starting ChromeDriver 70.0.3538.97 (d035916fe243477005bc95fe2a5778b8f20b6ae1) on port 55476
Only local connections are allowed.
Apr 01, 2019 3:14:15 AM org.openqa.selenium.remote.ProtocolHandshake createSession
INFO: Detected dialect: OSS
Starting ChromeDriver 70.0.3538.97 (d035916fe243477005bc95fe2a5778b8f20b6ae1) on port 56249
Only local connections are allowed.
Apr 01, 2019 3:14:34 AM org.openqa.selenium.remote.ProtocolHandshake createSession
INFO: Detected dialect: OSS
Starting ChromeDriver 70.0.3538.97 (d035916fe243477005bc95fe2a5778b8f20b6ae1) on port 16661
Only local connections are allowed.
Apr 01, 2019 3:14:53 AM org.openqa.selenium.remote.ProtocolHandshake createSession
INFO: Detected dialect: OSS
Starting ChromeDriver 70.0.3538.97 (d035916fe243477005bc95fe2a5778b8f20b6ae1) on port 11406
Only local connections are allowed.
Apr 01, 2019 3:15:13 AM org.openqa.selenium.remote.ProtocolHandshake createSession
INFO: Detected dialect: OSS
Starting ChromeDriver 70.0.3538.97 (d035916fe243477005bc95fe2a5778b8f20b6ae1) on port 12499
Only local connections are allowed.
Apr 01, 2019 3:15:31 AM org.openqa.selenium.remote.ProtocolHandshake createSession
INFO: Detected dialect: OSS
Starting ChromeDriver 70.0.3538.97 (d035916fe243477005bc95fe2a5778b8f20b6ae1) on port 12199
Only local connections are allowed.
Apr 01, 2019 3:15:49 AM org.openqa.selenium.remote.ProtocolHandshake createSession
INFO: Detected dialect: OSS
Starting ChromeDriver 70.0.3538.97 (d035916fe243477005bc95fe2a5778b8f20b6ae1) on port 29559
Only local connections are allowed.
Apr 01, 2019 3:16:10 AM org.openqa.selenium.remote.ProtocolHandshake createSession
INFO: Detected dialect: OSS
Starting ChromeDriver 70.0.3538.97 (d035916fe243477005bc95fe2a5778b8f20b6ae1) on port 64424
Only local connections are allowed.
Apr 01, 2019 3:16:29 AM org.openqa.selenium.remote.ProtocolHandshake createSession
INFO: Detected dialect: OSS
Starting ChromeDriver 70.0.3538.97 (d035916fe243477005bc95fe2a5778b8f20b6ae1) on port 44872
Only local connections are allowed.
Apr 01, 2019 3:16:48 AM org.openqa.selenium.remote.ProtocolHandshake createSession
INFO: Detected dialect: OSS
Starting ChromeDriver 70.0.3538.97 (d035916fe243477005bc95fe2a5778b8f20b6ae1) on port 39282
Only local connections are allowed.
Apr 01, 2019 3:17:07 AM org.openqa.selenium.remote.ProtocolHandshake createSession
INFO: Detected dialect: OSS
Starting ChromeDriver 70.0.3538.97 (d035916fe243477005bc95fe2a5778b8f20b6ae1) on port 42988
Only local connections are allowed.
Apr 01, 2019 3:17:26 AM org.openqa.selenium.remote.ProtocolHandshake createSession
INFO: Detected dialect: OSS
Starting ChromeDriver 70.0.3538.97 (d035916fe243477005bc95fe2a5778b8f20b6ae1) on port 12092
Only local connections are allowed.
Apr 01, 2019 3:17:46 AM org.openqa.selenium.remote.ProtocolHandshake createSession
INFO: Detected dialect: OSS
Starting ChromeDriver 70.0.3538.97 (d035916fe243477005bc95fe2a5778b8f20b6ae1) on port 42980
Only local connections are allowed.
Apr 01, 2019 3:18:21 AM org.openqa.selenium.remote.ProtocolHandshake createSession
INFO: Detected dialect: OSS
Starting ChromeDriver 70.0.3538.97 (d035916fe243477005bc95fe2a5778b8f20b6ae1) on port 9343
Only local connections are allowed.
Apr 01, 2019 3:18:56 AM org.openqa.selenium.remote.ProtocolHandshake createSession
INFO: Detected dialect: OSS
Starting ChromeDriver 70.0.3538.97 (d035916fe243477005bc95fe2a5778b8f20b6ae1) on port 27225
Only local connections are allowed.
Apr 01, 2019 3:19:15 AM org.openqa.selenium.remote.ProtocolHandshake createSession
INFO: Detected dialect: OSS
Starting ChromeDriver 70.0.3538.97 (d035916fe243477005bc95fe2a5778b8f20b6ae1) on port 18108
Only local connections are allowed.
Apr 01, 2019 3:19:34 AM org.openqa.selenium.remote.ProtocolHandshake createSession
INFO: Detected dialect: OSS
Starting ChromeDriver 70.0.3538.97 (d035916fe243477005bc95fe2a5778b8f20b6ae1) on port 6638
Only local connections are allowed.
Apr 01, 2019 3:19:53 AM org.openqa.selenium.remote.ProtocolHandshake createSession
INFO: Detected dialect: OSS
Starting ChromeDriver 70.0.3538.97 (d035916fe243477005bc95fe2a5778b8f20b6ae1) on port 58713
Only local connections are allowed.
Apr 01, 2019 3:20:14 AM org.openqa.selenium.remote.ProtocolHandshake createSession
INFO: Detected dialect: OSS
Starting ChromeDriver 70.0.3538.97 (d035916fe243477005bc95fe2a5778b8f20b6ae1) on port 14654
Only local connections are allowed.
Apr 01, 2019 3:20:35 AM org.openqa.selenium.remote.ProtocolHandshake createSession
INFO: Detected dialect: OSS
Starting ChromeDriver 70.0.3538.97 (d035916fe243477005bc95fe2a5778b8f20b6ae1) on port 19284
Only local connections are allowed.
Apr 01, 2019 3:20:57 AM org.openqa.selenium.remote.ProtocolHandshake createSession
INFO: Detected dialect: OSS
Starting ChromeDriver 70.0.3538.97 (d035916fe243477005bc95fe2a5778b8f20b6ae1) on port 55142
Only local connections are allowed.
Apr 01, 2019 3:21:32 AM org.openqa.selenium.remote.ProtocolHandshake createSession
INFO: Detected dialect: OSS
Starting ChromeDriver 70.0.3538.97 (d035916fe243477005bc95fe2a5778b8f20b6ae1) on port 8655
Only local connections are allowed.
Apr 01, 2019 3:22:06 AM org.openqa.selenium.remote.ProtocolHandshake createSession
INFO: Detected dialect: OSS
Starting ChromeDriver 70.0.3538.97 (d035916fe243477005bc95fe2a5778b8f20b6ae1) on port 37305
Only local connections are allowed.
Apr 01, 2019 3:22:26 AM org.openqa.selenium.remote.ProtocolHandshake createSession
INFO: Detected dialect: OSS
Starting ChromeDriver 70.0.3538.97 (d035916fe243477005bc95fe2a5778b8f20b6ae1) on port 49720
Only local connections are allowed.
Apr 01, 2019 3:22:45 AM org.openqa.selenium.remote.ProtocolHandshake createSession
INFO: Detected dialect: OSS
Starting ChromeDriver 70.0.3538.97 (d035916fe243477005bc95fe2a5778b8f20b6ae1) on port 64291
Only local connections are allowed.
Apr 01, 2019 3:23:05 AM org.openqa.selenium.remote.ProtocolHandshake createSession
INFO: Detected dialect: OSS
Starting ChromeDriver 70.0.3538.97 (d035916fe243477005bc95fe2a5778b8f20b6ae1) on port 21897
Only local connections are allowed.
Apr 01, 2019 3:23:25 AM org.openqa.selenium.remote.ProtocolHandshake createSession
INFO: Detected dialect: OSS
Starting ChromeDriver 70.0.3538.97 (d035916fe243477005bc95fe2a5778b8f20b6ae1) on port 37142
Only local connections are allowed.
Apr 01, 2019 3:23:45 AM org.openqa.selenium.remote.ProtocolHandshake createSession
INFO: Detected dialect: OSS
Starting ChromeDriver 70.0.3538.97 (d035916fe243477005bc95fe2a5778b8f20b6ae1) on port 5216
Only local connections are allowed.
Apr 01, 2019 3:24:03 AM org.openqa.selenium.remote.ProtocolHandshake createSession
INFO: Detected dialect: OSS
Starting ChromeDriver 70.0.3538.97 (d035916fe243477005bc95fe2a5778b8f20b6ae1) on port 40773
Only local connections are allowed.
Apr 01, 2019 3:24:22 AM org.openqa.selenium.remote.ProtocolHandshake createSession
INFO: Detected dialect: OSS
Starting ChromeDriver 70.0.3538.97 (d035916fe243477005bc95fe2a5778b8f20b6ae1) on port 23230
Only local connections are allowed.
Apr 01, 2019 3:24:41 AM org.openqa.selenium.remote.ProtocolHandshake createSession
INFO: Detected dialect: OSS
Starting ChromeDriver 70.0.3538.97 (d035916fe243477005bc95fe2a5778b8f20b6ae1) on port 41702
Only local connections are allowed.
Apr 01, 2019 3:25:00 AM org.openqa.selenium.remote.ProtocolHandshake createSession
INFO: Detected dialect: OSS
Starting ChromeDriver 70.0.3538.97 (d035916fe243477005bc95fe2a5778b8f20b6ae1) on port 38054
Only local connections are allowed.
Apr 01, 2019 3:25:35 AM org.openqa.selenium.remote.ProtocolHandshake createSession
INFO: Detected dialect: OSS
Starting ChromeDriver 70.0.3538.97 (d035916fe243477005bc95fe2a5778b8f20b6ae1) on port 61616
Only local connections are allowed.
Apr 01, 2019 3:25:55 AM org.openqa.selenium.remote.ProtocolHandshake createSession
INFO: Detected dialect: OSS
Starting ChromeDriver 70.0.3538.97 (d035916fe243477005bc95fe2a5778b8f20b6ae1) on port 45215
Only local connections are allowed.
Apr 01, 2019 3:26:15 AM org.openqa.selenium.remote.ProtocolHandshake createSession
INFO: Detected dialect: OSS
Starting ChromeDriver 70.0.3538.97 (d035916fe243477005bc95fe2a5778b8f20b6ae1) on port 65038
Only local connections are allowed.
Apr 01, 2019 3:26:34 AM org.openqa.selenium.remote.ProtocolHandshake createSession
INFO: Detected dialect: OSS
Starting ChromeDriver 70.0.3538.97 (d035916fe243477005bc95fe2a5778b8f20b6ae1) on port 56930
Only local connections are allowed.
Apr 01, 2019 3:26:54 AM org.openqa.selenium.remote.ProtocolHandshake createSession
INFO: Detected dialect: OSS
Starting ChromeDriver 70.0.3538.97 (d035916fe243477005bc95fe2a5778b8f20b6ae1) on port 45051
Only local connections are allowed.
Apr 01, 2019 3:27:13 AM org.openqa.selenium.remote.ProtocolHandshake createSession
INFO: Detected dialect: OSS
Starting ChromeDriver 70.0.3538.97 (d035916fe243477005bc95fe2a5778b8f20b6ae1) on port 43245
Only local connections are allowed.
Apr 01, 2019 3:27:48 AM org.openqa.selenium.remote.ProtocolHandshake createSession
INFO: Detected dialect: OSS
Starting ChromeDriver 70.0.3538.97 (d035916fe243477005bc95fe2a5778b8f20b6ae1) on port 11134
Only local connections are allowed.
Apr 01, 2019 3:28:08 AM org.openqa.selenium.remote.ProtocolHandshake createSession
INFO: Detected dialect: OSS
Starting ChromeDriver 70.0.3538.97 (d035916fe243477005bc95fe2a5778b8f20b6ae1) on port 43370
Only local connections are allowed.
Apr 01, 2019 3:28:27 AM org.openqa.selenium.remote.ProtocolHandshake createSession
INFO: Detected dialect: OSS
Starting ChromeDriver 70.0.3538.97 (d035916fe243477005bc95fe2a5778b8f20b6ae1) on port 35854
Only local connections are allowed.
Apr 01, 2019 3:28:47 AM org.openqa.selenium.remote.ProtocolHandshake createSession
INFO: Detected dialect: OSS
Starting ChromeDriver 70.0.3538.97 (d035916fe243477005bc95fe2a5778b8f20b6ae1) on port 39048
Only local connections are allowed.
Apr 01, 2019 3:29:21 AM org.openqa.selenium.remote.ProtocolHandshake createSession
INFO: Detected dialect: OSS
Starting ChromeDriver 70.0.3538.97 (d035916fe243477005bc95fe2a5778b8f20b6ae1) on port 30280
Only local connections are allowed.
Apr 01, 2019 3:29:40 AM org.openqa.selenium.remote.ProtocolHandshake createSession
INFO: Detected dialect: OSS
Starting ChromeDriver 70.0.3538.97 (d035916fe243477005bc95fe2a5778b8f20b6ae1) on port 57399
Only local connections are allowed.
Apr 01, 2019 3:29:59 AM org.openqa.selenium.remote.ProtocolHandshake createSession
INFO: Detected dialect: OSS
Starting ChromeDriver 70.0.3538.97 (d035916fe243477005bc95fe2a5778b8f20b6ae1) on port 19926
Only local connections are allowed.
Apr 01, 2019 3:30:35 AM org.openqa.selenium.remote.ProtocolHandshake createSession
INFO: Detected dialect: OSS
Starting ChromeDriver 70.0.3538.97 (d035916fe243477005bc95fe2a5778b8f20b6ae1) on port 21414
Only local connections are allowed.
Apr 01, 2019 3:30:56 AM org.openqa.selenium.remote.ProtocolHandshake createSession
INFO: Detected dialect: OSS
Starting ChromeDriver 70.0.3538.97 (d035916fe243477005bc95fe2a5778b8f20b6ae1) on port 31773
Only local connections are allowed.
Apr 01, 2019 3:31:16 AM org.openqa.selenium.remote.ProtocolHandshake createSession
INFO: Detected dialect: OSS
Starting ChromeDriver 70.0.3538.97 (d035916fe243477005bc95fe2a5778b8f20b6ae1) on port 12332
Only local connections are allowed.
Apr 01, 2019 3:31:37 AM org.openqa.selenium.remote.ProtocolHandshake createSession
INFO: Detected dialect: OSS
Starting ChromeDriver 70.0.3538.97 (d035916fe243477005bc95fe2a5778b8f20b6ae1) on port 14342
Only local connections are allowed.
Apr 01, 2019 3:31:57 AM org.openqa.selenium.remote.ProtocolHandshake createSession
INFO: Detected dialect: OSS
Starting ChromeDriver 70.0.3538.97 (d035916fe243477005bc95fe2a5778b8f20b6ae1) on port 6277
Only local connections are allowed.
Apr 01, 2019 3:32:32 AM org.openqa.selenium.remote.ProtocolHandshake createSession
INFO: Detected dialect: OSS
Starting ChromeDriver 70.0.3538.97 (d035916fe243477005bc95fe2a5778b8f20b6ae1) on port 60641
Only local connections are allowed.
Apr 01, 2019 3:32:52 AM org.openqa.selenium.remote.ProtocolHandshake createSession
INFO: Detected dialect: OSS
Starting ChromeDriver 70.0.3538.97 (d035916fe243477005bc95fe2a5778b8f20b6ae1) on port 20612
Only local connections are allowed.
Apr 01, 2019 3:33:12 AM org.openqa.selenium.remote.ProtocolHandshake createSession
INFO: Detected dialect: OSS
Starting ChromeDriver 70.0.3538.97 (d035916fe243477005bc95fe2a5778b8f20b6ae1) on port 41557
Only local connections are allowed.
Apr 01, 2019 3:33:31 AM org.openqa.selenium.remote.ProtocolHandshake createSession
INFO: Detected dialect: OSS
Starting ChromeDriver 70.0.3538.97 (d035916fe243477005bc95fe2a5778b8f20b6ae1) on port 28210
Only local connections are allowed.
Apr 01, 2019 3:34:05 AM org.openqa.selenium.remote.ProtocolHandshake createSession
INFO: Detected dialect: OSS
Starting ChromeDriver 70.0.3538.97 (d035916fe243477005bc95fe2a5778b8f20b6ae1) on port 53173
Only local connections are allowed.
Apr 01, 2019 3:34:24 AM org.openqa.selenium.remote.ProtocolHandshake createSession
INFO: Detected dialect: OSS
Starting ChromeDriver 70.0.3538.97 (d035916fe243477005bc95fe2a5778b8f20b6ae1) on port 11584
Only local connections are allowed.
Apr 01, 2019 3:34:43 AM org.openqa.selenium.remote.ProtocolHandshake createSession
INFO: Detected dialect: OSS
Starting ChromeDriver 70.0.3538.97 (d035916fe243477005bc95fe2a5778b8f20b6ae1) on port 51867
Only local connections are allowed.
Apr 01, 2019 3:35:02 AM org.openqa.selenium.remote.ProtocolHandshake createSession
INFO: Detected dialect: OSS
Starting ChromeDriver 70.0.3538.97 (d035916fe243477005bc95fe2a5778b8f20b6ae1) on port 52828
Only local connections are allowed.
Apr 01, 2019 3:35:21 AM org.openqa.selenium.remote.ProtocolHandshake createSession
INFO: Detected dialect: OSS
Starting ChromeDriver 70.0.3538.97 (d035916fe243477005bc95fe2a5778b8f20b6ae1) on port 28089
Only local connections are allowed.
Apr 01, 2019 3:35:40 AM org.openqa.selenium.remote.ProtocolHandshake createSession
INFO: Detected dialect: OSS
Starting ChromeDriver 70.0.3538.97 (d035916fe243477005bc95fe2a5778b8f20b6ae1) on port 15971
Only local connections are allowed.
Apr 01, 2019 3:35:59 AM org.openqa.selenium.remote.ProtocolHandshake createSession
INFO: Detected dialect: OSS
Starting ChromeDriver 70.0.3538.97 (d035916fe243477005bc95fe2a5778b8f20b6ae1) on port 46784
Only local connections are allowed.
Apr 01, 2019 3:36:19 AM org.openqa.selenium.remote.ProtocolHandshake createSession
INFO: Detected dialect: OSS
Starting ChromeDriver 70.0.3538.97 (d035916fe243477005bc95fe2a5778b8f20b6ae1) on port 31850
Only local connections are allowed.
Apr 01, 2019 3:36:38 AM org.openqa.selenium.remote.ProtocolHandshake createSession
INFO: Detected dialect: OSS
Starting ChromeDriver 70.0.3538.97 (d035916fe243477005bc95fe2a5778b8f20b6ae1) on port 21504
Only local connections are allowed.
Apr 01, 2019 3:36:57 AM org.openqa.selenium.remote.ProtocolHandshake createSession
INFO: Detected dialect: OSS
Starting ChromeDriver 70.0.3538.97 (d035916fe243477005bc95fe2a5778b8f20b6ae1) on port 37778
Only local connections are allowed.
Apr 01, 2019 3:37:17 AM org.openqa.selenium.remote.ProtocolHandshake createSession
INFO: Detected dialect: OSS
Starting ChromeDriver 70.0.3538.97 (d035916fe243477005bc95fe2a5778b8f20b6ae1) on port 50660
Only local connections are allowed.
Apr 01, 2019 3:37:35 AM org.openqa.selenium.remote.ProtocolHandshake createSession
INFO: Detected dialect: OSS
Starting ChromeDriver 70.0.3538.97 (d035916fe243477005bc95fe2a5778b8f20b6ae1) on port 34687
Only local connections are allowed.
Apr 01, 2019 3:38:09 AM org.openqa.selenium.remote.ProtocolHandshake createSession
INFO: Detected dialect: OSS
Starting ChromeDriver 70.0.3538.97 (d035916fe243477005bc95fe2a5778b8f20b6ae1) on port 42257
Only local connections are allowed.
Apr 01, 2019 3:38:42 AM org.openqa.selenium.remote.ProtocolHandshake createSession
INFO: Detected dialect: OSS
Starting ChromeDriver 70.0.3538.97 (d035916fe243477005bc95fe2a5778b8f20b6ae1) on port 30566
Only local connections are allowed.
Apr 01, 2019 3:39:15 AM org.openqa.selenium.remote.ProtocolHandshake createSession
INFO: Detected dialect: OSS
Starting ChromeDriver 70.0.3538.97 (d035916fe243477005bc95fe2a5778b8f20b6ae1) on port 24879
Only local connections are allowed.
Apr 01, 2019 3:39:34 AM org.openqa.selenium.remote.ProtocolHandshake createSession
INFO: Detected dialect: OSS
Starting ChromeDriver 70.0.3538.97 (d035916fe243477005bc95fe2a5778b8f20b6ae1) on port 9605
Only local connections are allowed.
Apr 01, 2019 3:39:52 AM org.openqa.selenium.remote.ProtocolHandshake createSession
INFO: Detected dialect: OSS
Starting ChromeDriver 70.0.3538.97 (d035916fe243477005bc95fe2a5778b8f20b6ae1) on port 15171
Only local connections are allowed.
Apr 01, 2019 3:40:11 AM org.openqa.selenium.remote.ProtocolHandshake createSession
INFO: Detected dialect: OSS
Starting ChromeDriver 70.0.3538.97 (d035916fe243477005bc95fe2a5778b8f20b6ae1) on port 58308
Only local connections are allowed.
Apr 01, 2019 3:40:28 AM org.openqa.selenium.remote.ProtocolHandshake createSession
INFO: Detected dialect: OSS
Starting ChromeDriver 70.0.3538.97 (d035916fe243477005bc95fe2a5778b8f20b6ae1) on port 54459
Only local connections are allowed.
Apr 01, 2019 3:40:46 AM org.openqa.selenium.remote.ProtocolHandshake createSession
INFO: Detected dialect: OSS
Starting ChromeDriver 70.0.3538.97 (d035916fe243477005bc95fe2a5778b8f20b6ae1) on port 17530
Only local connections are allowed.
Apr 01, 2019 3:41:05 AM org.openqa.selenium.remote.ProtocolHandshake createSession
INFO: Detected dialect: OSS
Starting ChromeDriver 70.0.3538.97 (d035916fe243477005bc95fe2a5778b8f20b6ae1) on port 64612
Only local connections are allowed.
Apr 01, 2019 3:41:38 AM org.openqa.selenium.remote.ProtocolHandshake createSession
INFO: Detected dialect: OSS
Starting ChromeDriver 70.0.3538.97 (d035916fe243477005bc95fe2a5778b8f20b6ae1) on port 10955
Only local connections are allowed.
Apr 01, 2019 3:41:58 AM org.openqa.selenium.remote.ProtocolHandshake createSession
INFO: Detected dialect: OSS
Starting ChromeDriver 70.0.3538.97 (d035916fe243477005bc95fe2a5778b8f20b6ae1) on port 32772
Only local connections are allowed.
Apr 01, 2019 3:42:17 AM org.openqa.selenium.remote.ProtocolHandshake createSession
INFO: Detected dialect: OSS
Starting ChromeDriver 70.0.3538.97 (d035916fe243477005bc95fe2a5778b8f20b6ae1) on port 8519
Only local connections are allowed.
Apr 01, 2019 3:42:36 AM org.openqa.selenium.remote.ProtocolHandshake createSession
INFO: Detected dialect: OSS
Starting ChromeDriver 70.0.3538.97 (d035916fe243477005bc95fe2a5778b8f20b6ae1) on port 65499
Only local connections are allowed.
Apr 01, 2019 3:42:56 AM org.openqa.selenium.remote.ProtocolHandshake createSession
INFO: Detected dialect: OSS
Starting ChromeDriver 70.0.3538.97 (d035916fe243477005bc95fe2a5778b8f20b6ae1) on port 40095
Only local connections are allowed.
Apr 01, 2019 3:43:14 AM org.openqa.selenium.remote.ProtocolHandshake createSession
INFO: Detected dialect: OSS
Starting ChromeDriver 70.0.3538.97 (d035916fe243477005bc95fe2a5778b8f20b6ae1) on port 31413
Only local connections are allowed.
Apr 01, 2019 3:43:32 AM org.openqa.selenium.remote.ProtocolHandshake createSession
INFO: Detected dialect: OSS
Starting ChromeDriver 70.0.3538.97 (d035916fe243477005bc95fe2a5778b8f20b6ae1) on port 47859
Only local connections are allowed.
Apr 01, 2019 3:44:07 AM org.openqa.selenium.remote.ProtocolHandshake createSession
INFO: Detected dialect: OSS
Starting ChromeDriver 70.0.3538.97 (d035916fe243477005bc95fe2a5778b8f20b6ae1) on port 21067
Only local connections are allowed.
Apr 01, 2019 3:44:26 AM org.openqa.selenium.remote.ProtocolHandshake createSession
INFO: Detected dialect: OSS
Starting ChromeDriver 70.0.3538.97 (d035916fe243477005bc95fe2a5778b8f20b6ae1) on port 16500
Only local connections are allowed.
Apr 01, 2019 3:44:45 AM org.openqa.selenium.remote.ProtocolHandshake createSession
INFO: Detected dialect: OSS
Starting ChromeDriver 70.0.3538.97 (d035916fe243477005bc95fe2a5778b8f20b6ae1) on port 7753
Only local connections are allowed.
Apr 01, 2019 3:45:04 AM org.openqa.selenium.remote.ProtocolHandshake createSession
INFO: Detected dialect: OSS
Starting ChromeDriver 70.0.3538.97 (d035916fe243477005bc95fe2a5778b8f20b6ae1) on port 30142
Only local connections are allowed.
Apr 01, 2019 3:45:22 AM org.openqa.selenium.remote.ProtocolHandshake createSession
INFO: Detected dialect: OSS
Starting ChromeDriver 70.0.3538.97 (d035916fe243477005bc95fe2a5778b8f20b6ae1) on port 12534
Only local connections are allowed.
Apr 01, 2019 3:45:40 AM org.openqa.selenium.remote.ProtocolHandshake createSession
INFO: Detected dialect: OSS
Starting ChromeDriver 70.0.3538.97 (d035916fe243477005bc95fe2a5778b8f20b6ae1) on port 36934
Only local connections are allowed.
Apr 01, 2019 3:45:59 AM org.openqa.selenium.remote.ProtocolHandshake createSession
INFO: Detected dialect: OSS
Starting ChromeDriver 70.0.3538.97 (d035916fe243477005bc95fe2a5778b8f20b6ae1) on port 17602
Only local connections are allowed.
Apr 01, 2019 3:46:17 AM org.openqa.selenium.remote.ProtocolHandshake createSession
INFO: Detected dialect: OSS
Starting ChromeDriver 70.0.3538.97 (d035916fe243477005bc95fe2a5778b8f20b6ae1) on port 7138
Only local connections are allowed.
Apr 01, 2019 3:46:36 AM org.openqa.selenium.remote.ProtocolHandshake createSession
INFO: Detected dialect: OSS
Starting ChromeDriver 70.0.3538.97 (d035916fe243477005bc95fe2a5778b8f20b6ae1) on port 45348
Only local connections are allowed.
Apr 01, 2019 3:46:55 AM org.openqa.selenium.remote.ProtocolHandshake createSession
INFO: Detected dialect: OSS
Starting ChromeDriver 70.0.3538.97 (d035916fe243477005bc95fe2a5778b8f20b6ae1) on port 52985
Only local connections are allowed.
Apr 01, 2019 3:47:13 AM org.openqa.selenium.remote.ProtocolHandshake createSession
INFO: Detected dialect: OSS
Starting ChromeDriver 70.0.3538.97 (d035916fe243477005bc95fe2a5778b8f20b6ae1) on port 48795
Only local connections are allowed.
Apr 01, 2019 3:47:31 AM org.openqa.selenium.remote.ProtocolHandshake createSession
INFO: Detected dialect: OSS
Starting ChromeDriver 70.0.3538.97 (d035916fe243477005bc95fe2a5778b8f20b6ae1) on port 43690
Only local connections are allowed.
Apr 01, 2019 3:47:49 AM org.openqa.selenium.remote.ProtocolHandshake createSession
INFO: Detected dialect: OSS
Starting ChromeDriver 70.0.3538.97 (d035916fe243477005bc95fe2a5778b8f20b6ae1) on port 48876
Only local connections are allowed.
Apr 01, 2019 3:48:22 AM org.openqa.selenium.remote.ProtocolHandshake createSession
INFO: Detected dialect: OSS
Starting ChromeDriver 70.0.3538.97 (d035916fe243477005bc95fe2a5778b8f20b6ae1) on port 60408
Only local connections are allowed.
Apr 01, 2019 3:48:40 AM org.openqa.selenium.remote.ProtocolHandshake createSession
INFO: Detected dialect: OSS
Starting ChromeDriver 70.0.3538.97 (d035916fe243477005bc95fe2a5778b8f20b6ae1) on port 40897
Only local connections are allowed.
Apr 01, 2019 3:49:13 AM org.openqa.selenium.remote.ProtocolHandshake createSession
INFO: Detected dialect: OSS
Starting ChromeDriver 70.0.3538.97 (d035916fe243477005bc95fe2a5778b8f20b6ae1) on port 27452
Only local connections are allowed.
Apr 01, 2019 3:49:31 AM org.openqa.selenium.remote.ProtocolHandshake createSession
INFO: Detected dialect: OSS
Starting ChromeDriver 70.0.3538.97 (d035916fe243477005bc95fe2a5778b8f20b6ae1) on port 56755
Only local connections are allowed.
Apr 01, 2019 3:50:04 AM org.openqa.selenium.remote.ProtocolHandshake createSession
INFO: Detected dialect: OSS
Starting ChromeDriver 70.0.3538.97 (d035916fe243477005bc95fe2a5778b8f20b6ae1) on port 46836
Only local connections are allowed.
Apr 01, 2019 3:50:22 AM org.openqa.selenium.remote.ProtocolHandshake createSession
INFO: Detected dialect: OSS
Starting ChromeDriver 70.0.3538.97 (d035916fe243477005bc95fe2a5778b8f20b6ae1) on port 61915
Only local connections are allowed.
Apr 01, 2019 3:50:40 AM org.openqa.selenium.remote.ProtocolHandshake createSession
INFO: Detected dialect: OSS
Starting ChromeDriver 70.0.3538.97 (d035916fe243477005bc95fe2a5778b8f20b6ae1) on port 13976
Only local connections are allowed.
Apr 01, 2019 3:50:59 AM org.openqa.selenium.remote.ProtocolHandshake createSession
INFO: Detected dialect: OSS
Starting ChromeDriver 70.0.3538.97 (d035916fe243477005bc95fe2a5778b8f20b6ae1) on port 15387
Only local connections are allowed.
Apr 01, 2019 3:51:18 AM org.openqa.selenium.remote.ProtocolHandshake createSession
INFO: Detected dialect: OSS
Starting ChromeDriver 70.0.3538.97 (d035916fe243477005bc95fe2a5778b8f20b6ae1) on port 45686
Only local connections are allowed.
Apr 01, 2019 3:51:37 AM org.openqa.selenium.remote.ProtocolHandshake createSession
INFO: Detected dialect: OSS
Starting ChromeDriver 70.0.3538.97 (d035916fe243477005bc95fe2a5778b8f20b6ae1) on port 22679
Only local connections are allowed.
Apr 01, 2019 3:51:55 AM org.openqa.selenium.remote.ProtocolHandshake createSession
INFO: Detected dialect: OSS
Starting ChromeDriver 70.0.3538.97 (d035916fe243477005bc95fe2a5778b8f20b6ae1) on port 61701
Only local connections are allowed.
Apr 01, 2019 3:52:14 AM org.openqa.selenium.remote.ProtocolHandshake createSession
INFO: Detected dialect: OSS
Starting ChromeDriver 70.0.3538.97 (d035916fe243477005bc95fe2a5778b8f20b6ae1) on port 49225
Only local connections are allowed.
Apr 01, 2019 3:52:32 AM org.openqa.selenium.remote.ProtocolHandshake createSession
INFO: Detected dialect: OSS
Starting ChromeDriver 70.0.3538.97 (d035916fe243477005bc95fe2a5778b8f20b6ae1) on port 39107
Only local connections are allowed.
Apr 01, 2019 3:52:50 AM org.openqa.selenium.remote.ProtocolHandshake createSession
INFO: Detected dialect: OSS
Starting ChromeDriver 70.0.3538.97 (d035916fe243477005bc95fe2a5778b8f20b6ae1) on port 40557
Only local connections are allowed.
Apr 01, 2019 3:53:08 AM org.openqa.selenium.remote.ProtocolHandshake createSession
INFO: Detected dialect: OSS
Starting ChromeDriver 70.0.3538.97 (d035916fe243477005bc95fe2a5778b8f20b6ae1) on port 9798
Only local connections are allowed.
Apr 01, 2019 3:53:26 AM org.openqa.selenium.remote.ProtocolHandshake createSession
INFO: Detected dialect: OSS
Starting ChromeDriver 70.0.3538.97 (d035916fe243477005bc95fe2a5778b8f20b6ae1) on port 7794
Only local connections are allowed.
Apr 01, 2019 3:53:44 AM org.openqa.selenium.remote.ProtocolHandshake createSession
INFO: Detected dialect: OSS
Starting ChromeDriver 70.0.3538.97 (d035916fe243477005bc95fe2a5778b8f20b6ae1) on port 60013
Only local connections are allowed.
Apr 01, 2019 3:54:02 AM org.openqa.selenium.remote.ProtocolHandshake createSession
INFO: Detected dialect: OSS
Starting ChromeDriver 70.0.3538.97 (d035916fe243477005bc95fe2a5778b8f20b6ae1) on port 63288
Only local connections are allowed.
Apr 01, 2019 3:54:20 AM org.openqa.selenium.remote.ProtocolHandshake createSession
INFO: Detected dialect: OSS
Starting ChromeDriver 70.0.3538.97 (d035916fe243477005bc95fe2a5778b8f20b6ae1) on port 10104
Only local connections are allowed.
Apr 01, 2019 3:54:38 AM org.openqa.selenium.remote.ProtocolHandshake createSession
INFO: Detected dialect: OSS
Starting ChromeDriver 70.0.3538.97 (d035916fe243477005bc95fe2a5778b8f20b6ae1) on port 6503
Only local connections are allowed.
Apr 01, 2019 3:54:57 AM org.openqa.selenium.remote.ProtocolHandshake createSession
INFO: Detected dialect: OSS
Starting ChromeDriver 70.0.3538.97 (d035916fe243477005bc95fe2a5778b8f20b6ae1) on port 49075
Only local connections are allowed.
Apr 01, 2019 3:55:29 AM org.openqa.selenium.remote.ProtocolHandshake createSession
INFO: Detected dialect: OSS
Starting ChromeDriver 70.0.3538.97 (d035916fe243477005bc95fe2a5778b8f20b6ae1) on port 18940
Only local connections are allowed.
Apr 01, 2019 3:55:48 AM org.openqa.selenium.remote.ProtocolHandshake createSession
INFO: Detected dialect: OSS
Starting ChromeDriver 70.0.3538.97 (d035916fe243477005bc95fe2a5778b8f20b6ae1) on port 16947
Only local connections are allowed.
Apr 01, 2019 3:56:35 AM org.openqa.selenium.remote.ProtocolHandshake createSession
INFO: Detected dialect: OSS
Starting ChromeDriver 70.0.3538.97 (d035916fe243477005bc95fe2a5778b8f20b6ae1) on port 25317
Only local connections are allowed.
Apr 01, 2019 3:56:54 AM org.openqa.selenium.remote.ProtocolHandshake createSession
INFO: Detected dialect: OSS
Starting ChromeDriver 70.0.3538.97 (d035916fe243477005bc95fe2a5778b8f20b6ae1) on port 58961
Only local connections are allowed.
Apr 01, 2019 3:57:13 AM org.openqa.selenium.remote.ProtocolHandshake createSession
INFO: Detected dialect: OSS
Starting ChromeDriver 70.0.3538.97 (d035916fe243477005bc95fe2a5778b8f20b6ae1) on port 25880
Only local connections are allowed.
Apr 01, 2019 3:57:31 AM org.openqa.selenium.remote.ProtocolHandshake createSession
INFO: Detected dialect: OSS
Starting ChromeDriver 70.0.3538.97 (d035916fe243477005bc95fe2a5778b8f20b6ae1) on port 54124
Only local connections are allowed.
Apr 01, 2019 3:57:50 AM org.openqa.selenium.remote.ProtocolHandshake createSession
INFO: Detected dialect: OSS
Starting ChromeDriver 70.0.3538.97 (d035916fe243477005bc95fe2a5778b8f20b6ae1) on port 37388
Only local connections are allowed.
Apr 01, 2019 3:58:09 AM org.openqa.selenium.remote.ProtocolHandshake createSession
INFO: Detected dialect: OSS
Starting ChromeDriver 70.0.3538.97 (d035916fe243477005bc95fe2a5778b8f20b6ae1) on port 62876
Only local connections are allowed.
Apr 01, 2019 3:58:27 AM org.openqa.selenium.remote.ProtocolHandshake createSession
INFO: Detected dialect: OSS
Starting ChromeDriver 70.0.3538.97 (d035916fe243477005bc95fe2a5778b8f20b6ae1) on port 39188
Only local connections are allowed.
Apr 01, 2019 3:58:45 AM org.openqa.selenium.remote.ProtocolHandshake createSession
INFO: Detected dialect: OSS
Starting ChromeDriver 70.0.3538.97 (d035916fe243477005bc95fe2a5778b8f20b6ae1) on port 12235
Only local connections are allowed.
Apr 01, 2019 3:59:19 AM org.openqa.selenium.remote.ProtocolHandshake createSession
INFO: Detected dialect: OSS
Starting ChromeDriver 70.0.3538.97 (d035916fe243477005bc95fe2a5778b8f20b6ae1) on port 18165
Only local connections are allowed.
Apr 01, 2019 3:59:38 AM org.openqa.selenium.remote.ProtocolHandshake createSession
INFO: Detected dialect: OSS
Starting ChromeDriver 70.0.3538.97 (d035916fe243477005bc95fe2a5778b8f20b6ae1) on port 60515
Only local connections are allowed.
Apr 01, 2019 4:00:15 AM org.openqa.selenium.remote.ProtocolHandshake createSession
INFO: Detected dialect: OSS
Starting ChromeDriver 70.0.3538.97 (d035916fe243477005bc95fe2a5778b8f20b6ae1) on port 62179
Only local connections are allowed.
Apr 01, 2019 4:00:34 AM org.openqa.selenium.remote.ProtocolHandshake createSession
INFO: Detected dialect: OSS
Starting ChromeDriver 70.0.3538.97 (d035916fe243477005bc95fe2a5778b8f20b6ae1) on port 55008
Only local connections are allowed.
Apr 01, 2019 4:00:53 AM org.openqa.selenium.remote.ProtocolHandshake createSession
INFO: Detected dialect: OSS
Starting ChromeDriver 70.0.3538.97 (d035916fe243477005bc95fe2a5778b8f20b6ae1) on port 31402
Only local connections are allowed.
Apr 01, 2019 4:01:12 AM org.openqa.selenium.remote.ProtocolHandshake createSession
INFO: Detected dialect: OSS
Starting ChromeDriver 70.0.3538.97 (d035916fe243477005bc95fe2a5778b8f20b6ae1) on port 30706
Only local connections are allowed.
Apr 01, 2019 4:01:31 AM org.openqa.selenium.remote.ProtocolHandshake createSession
INFO: Detected dialect: OSS
Starting ChromeDriver 70.0.3538.97 (d035916fe243477005bc95fe2a5778b8f20b6ae1) on port 42703
Only local connections are allowed.
Apr 01, 2019 4:01:50 AM org.openqa.selenium.remote.ProtocolHandshake createSession
INFO: Detected dialect: OSS
Starting ChromeDriver 70.0.3538.97 (d035916fe243477005bc95fe2a5778b8f20b6ae1) on port 62216
Only local connections are allowed.
Apr 01, 2019 4:02:09 AM org.openqa.selenium.remote.ProtocolHandshake createSession
INFO: Detected dialect: OSS
Starting ChromeDriver 70.0.3538.97 (d035916fe243477005bc95fe2a5778b8f20b6ae1) on port 6999
Only local connections are allowed.
Apr 01, 2019 4:02:29 AM org.openqa.selenium.remote.ProtocolHandshake createSession
INFO: Detected dialect: OSS
Starting ChromeDriver 70.0.3538.97 (d035916fe243477005bc95fe2a5778b8f20b6ae1) on port 32023
Only local connections are allowed.
Apr 01, 2019 4:02:48 AM org.openqa.selenium.remote.ProtocolHandshake createSession
INFO: Detected dialect: OSS
Starting ChromeDriver 70.0.3538.97 (d035916fe243477005bc95fe2a5778b8f20b6ae1) on port 17083
Only local connections are allowed.
Apr 01, 2019 4:03:08 AM org.openqa.selenium.remote.ProtocolHandshake createSession
INFO: Detected dialect: OSS
Starting ChromeDriver 70.0.3538.97 (d035916fe243477005bc95fe2a5778b8f20b6ae1) on port 5488
Only local connections are allowed.
Apr 01, 2019 4:03:27 AM org.openqa.selenium.remote.ProtocolHandshake createSession
INFO: Detected dialect: OSS
Starting ChromeDriver 70.0.3538.97 (d035916fe243477005bc95fe2a5778b8f20b6ae1) on port 41290
Only local connections are allowed.
Apr 01, 2019 4:04:01 AM org.openqa.selenium.remote.ProtocolHandshake createSession
INFO: Detected dialect: OSS
Starting ChromeDriver 70.0.3538.97 (d035916fe243477005bc95fe2a5778b8f20b6ae1) on port 16408
Only local connections are allowed.
Apr 01, 2019 4:04:20 AM org.openqa.selenium.remote.ProtocolHandshake createSession
INFO: Detected dialect: OSS
Starting ChromeDriver 70.0.3538.97 (d035916fe243477005bc95fe2a5778b8f20b6ae1) on port 41607
Only local connections are allowed.
Apr 01, 2019 4:04:39 AM org.openqa.selenium.remote.ProtocolHandshake createSession
INFO: Detected dialect: OSS
Starting ChromeDriver 70.0.3538.97 (d035916fe243477005bc95fe2a5778b8f20b6ae1) on port 10255
Only local connections are allowed.
Apr 01, 2019 4:04:59 AM org.openqa.selenium.remote.ProtocolHandshake createSession
INFO: Detected dialect: OSS
Starting ChromeDriver 70.0.3538.97 (d035916fe243477005bc95fe2a5778b8f20b6ae1) on port 5527
Only local connections are allowed.
Apr 01, 2019 4:05:19 AM org.openqa.selenium.remote.ProtocolHandshake createSession
INFO: Detected dialect: OSS
Starting ChromeDriver 70.0.3538.97 (d035916fe243477005bc95fe2a5778b8f20b6ae1) on port 34986
Only local connections are allowed.
Apr 01, 2019 4:05:38 AM org.openqa.selenium.remote.ProtocolHandshake createSession
INFO: Detected dialect: OSS
Starting ChromeDriver 70.0.3538.97 (d035916fe243477005bc95fe2a5778b8f20b6ae1) on port 65248
Only local connections are allowed.
Apr 01, 2019 4:05:58 AM org.openqa.selenium.remote.ProtocolHandshake createSession
INFO: Detected dialect: OSS
Starting ChromeDriver 70.0.3538.97 (d035916fe243477005bc95fe2a5778b8f20b6ae1) on port 11695
Only local connections are allowed.
Apr 01, 2019 4:06:18 AM org.openqa.selenium.remote.ProtocolHandshake createSession
INFO: Detected dialect: OSS
Starting ChromeDriver 70.0.3538.97 (d035916fe243477005bc95fe2a5778b8f20b6ae1) on port 36418
Only local connections are allowed.
Apr 01, 2019 4:06:37 AM org.openqa.selenium.remote.ProtocolHandshake createSession
INFO: Detected dialect: OSS
Starting ChromeDriver 70.0.3538.97 (d035916fe243477005bc95fe2a5778b8f20b6ae1) on port 13666
Only local connections are allowed.
Apr 01, 2019 4:06:56 AM org.openqa.selenium.remote.ProtocolHandshake createSession
INFO: Detected dialect: OSS
Starting ChromeDriver 70.0.3538.97 (d035916fe243477005bc95fe2a5778b8f20b6ae1) on port 60916
Only local connections are allowed.
Apr 01, 2019 4:07:15 AM org.openqa.selenium.remote.ProtocolHandshake createSession
INFO: Detected dialect: OSS
Starting ChromeDriver 70.0.3538.97 (d035916fe243477005bc95fe2a5778b8f20b6ae1) on port 30195
Only local connections are allowed.
Apr 01, 2019 4:07:50 AM org.openqa.selenium.remote.ProtocolHandshake createSession
INFO: Detected dialect: OSS
Starting ChromeDriver 70.0.3538.97 (d035916fe243477005bc95fe2a5778b8f20b6ae1) on port 47444
Only local connections are allowed.
Apr 01, 2019 4:08:23 AM org.openqa.selenium.remote.ProtocolHandshake createSession
INFO: Detected dialect: OSS
Starting ChromeDriver 70.0.3538.97 (d035916fe243477005bc95fe2a5778b8f20b6ae1) on port 38051
Only local connections are allowed.
Apr 01, 2019 4:08:42 AM org.openqa.selenium.remote.ProtocolHandshake createSession
INFO: Detected dialect: OSS
Starting ChromeDriver 70.0.3538.97 (d035916fe243477005bc95fe2a5778b8f20b6ae1) on port 47320
Only local connections are allowed.
Apr 01, 2019 4:09:01 AM org.openqa.selenium.remote.ProtocolHandshake createSession
INFO: Detected dialect: OSS
Starting ChromeDriver 70.0.3538.97 (d035916fe243477005bc95fe2a5778b8f20b6ae1) on port 34897
Only local connections are allowed.
Apr 01, 2019 4:09:20 AM org.openqa.selenium.remote.ProtocolHandshake createSession
INFO: Detected dialect: OSS
Starting ChromeDriver 70.0.3538.97 (d035916fe243477005bc95fe2a5778b8f20b6ae1) on port 52215
Only local connections are allowed.
Apr 01, 2019 4:09:55 AM org.openqa.selenium.remote.ProtocolHandshake createSession
INFO: Detected dialect: OSS
Starting ChromeDriver 70.0.3538.97 (d035916fe243477005bc95fe2a5778b8f20b6ae1) on port 39091
Only local connections are allowed.
Apr 01, 2019 4:10:15 AM org.openqa.selenium.remote.ProtocolHandshake createSession
INFO: Detected dialect: OSS
Starting ChromeDriver 70.0.3538.97 (d035916fe243477005bc95fe2a5778b8f20b6ae1) on port 63211
Only local connections are allowed.
Apr 01, 2019 4:10:34 AM org.openqa.selenium.remote.ProtocolHandshake createSession
INFO: Detected dialect: OSS
Starting ChromeDriver 70.0.3538.97 (d035916fe243477005bc95fe2a5778b8f20b6ae1) on port 6578
Only local connections are allowed.
Apr 01, 2019 4:10:54 AM org.openqa.selenium.remote.ProtocolHandshake createSession
INFO: Detected dialect: OSS
Starting ChromeDriver 70.0.3538.97 (d035916fe243477005bc95fe2a5778b8f20b6ae1) on port 46396
Only local connections are allowed.
Apr 01, 2019 4:11:14 AM org.openqa.selenium.remote.ProtocolHandshake createSession
INFO: Detected dialect: OSS
Starting ChromeDriver 70.0.3538.97 (d035916fe243477005bc95fe2a5778b8f20b6ae1) on port 41416
Only local connections are allowed.
Apr 01, 2019 4:11:33 AM org.openqa.selenium.remote.ProtocolHandshake createSession
INFO: Detected dialect: OSS
Starting ChromeDriver 70.0.3538.97 (d035916fe243477005bc95fe2a5778b8f20b6ae1) on port 29558
Only local connections are allowed.
Apr 01, 2019 4:11:52 AM org.openqa.selenium.remote.ProtocolHandshake createSession
INFO: Detected dialect: OSS
Starting ChromeDriver 70.0.3538.97 (d035916fe243477005bc95fe2a5778b8f20b6ae1) on port 6270
Only local connections are allowed.
Apr 01, 2019 4:12:12 AM org.openqa.selenium.remote.ProtocolHandshake createSession
INFO: Detected dialect: OSS
Starting ChromeDriver 70.0.3538.97 (d035916fe243477005bc95fe2a5778b8f20b6ae1) on port 59631
Only local connections are allowed.
Apr 01, 2019 4:12:31 AM org.openqa.selenium.remote.ProtocolHandshake createSession
INFO: Detected dialect: OSS
Starting ChromeDriver 70.0.3538.97 (d035916fe243477005bc95fe2a5778b8f20b6ae1) on port 51925
Only local connections are allowed.
Apr 01, 2019 4:12:51 AM org.openqa.selenium.remote.ProtocolHandshake createSession
INFO: Detected dialect: OSS
Starting ChromeDriver 70.0.3538.97 (d035916fe243477005bc95fe2a5778b8f20b6ae1) on port 49997
Only local connections are allowed.
Apr 01, 2019 4:13:11 AM org.openqa.selenium.remote.ProtocolHandshake createSession
INFO: Detected dialect: OSS
Starting ChromeDriver 70.0.3538.97 (d035916fe243477005bc95fe2a5778b8f20b6ae1) on port 9389
Only local connections are allowed.
Apr 01, 2019 4:13:28 AM org.openqa.selenium.remote.ProtocolHandshake createSession
INFO: Detected dialect: OSS
Starting ChromeDriver 70.0.3538.97 (d035916fe243477005bc95fe2a5778b8f20b6ae1) on port 64334
Only local connections are allowed.
Apr 01, 2019 4:13:47 AM org.openqa.selenium.remote.ProtocolHandshake createSession
INFO: Detected dialect: OSS
Starting ChromeDriver 70.0.3538.97 (d035916fe243477005bc95fe2a5778b8f20b6ae1) on port 47936
Only local connections are allowed.
Apr 01, 2019 4:14:21 AM org.openqa.selenium.remote.ProtocolHandshake createSession
INFO: Detected dialect: OSS
Starting ChromeDriver 70.0.3538.97 (d035916fe243477005bc95fe2a5778b8f20b6ae1) on port 60209
Only local connections are allowed.
Apr 01, 2019 4:14:39 AM org.openqa.selenium.remote.ProtocolHandshake createSession
INFO: Detected dialect: OSS
Starting ChromeDriver 70.0.3538.97 (d035916fe243477005bc95fe2a5778b8f20b6ae1) on port 53659
Only local connections are allowed.
Apr 01, 2019 4:14:58 AM org.openqa.selenium.remote.ProtocolHandshake createSession
INFO: Detected dialect: OSS
Starting ChromeDriver 70.0.3538.97 (d035916fe243477005bc95fe2a5778b8f20b6ae1) on port 41524
Only local connections are allowed.
Apr 01, 2019 4:15:18 AM org.openqa.selenium.remote.ProtocolHandshake createSession
INFO: Detected dialect: OSS
Starting ChromeDriver 70.0.3538.97 (d035916fe243477005bc95fe2a5778b8f20b6ae1) on port 63510
Only local connections are allowed.
Apr 01, 2019 4:15:36 AM org.openqa.selenium.remote.ProtocolHandshake createSession
INFO: Detected dialect: OSS
Starting ChromeDriver 70.0.3538.97 (d035916fe243477005bc95fe2a5778b8f20b6ae1) on port 27416
Only local connections are allowed.
Apr 01, 2019 4:15:55 AM org.openqa.selenium.remote.ProtocolHandshake createSession
INFO: Detected dialect: OSS
Starting ChromeDriver 70.0.3538.97 (d035916fe243477005bc95fe2a5778b8f20b6ae1) on port 40871
Only local connections are allowed.
Apr 01, 2019 4:16:14 AM org.openqa.selenium.remote.ProtocolHandshake createSession
INFO: Detected dialect: OSS
Starting ChromeDriver 70.0.3538.97 (d035916fe243477005bc95fe2a5778b8f20b6ae1) on port 22666
Only local connections are allowed.
Apr 01, 2019 4:16:33 AM org.openqa.selenium.remote.ProtocolHandshake createSession
INFO: Detected dialect: OSS
Starting ChromeDriver 70.0.3538.97 (d035916fe243477005bc95fe2a5778b8f20b6ae1) on port 51227
Only local connections are allowed.
Apr 01, 2019 4:16:52 AM org.openqa.selenium.remote.ProtocolHandshake createSession
INFO: Detected dialect: OSS
Starting ChromeDriver 70.0.3538.97 (d035916fe243477005bc95fe2a5778b8f20b6ae1) on port 18124
Only local connections are allowed.
Apr 01, 2019 4:17:11 AM org.openqa.selenium.remote.ProtocolHandshake createSession
INFO: Detected dialect: OSS
Starting ChromeDriver 70.0.3538.97 (d035916fe243477005bc95fe2a5778b8f20b6ae1) on port 47720
Only local connections are allowed.
Apr 01, 2019 4:17:44 AM org.openqa.selenium.remote.ProtocolHandshake createSession
INFO: Detected dialect: OSS
Starting ChromeDriver 70.0.3538.97 (d035916fe243477005bc95fe2a5778b8f20b6ae1) on port 48907
Only local connections are allowed.
Apr 01, 2019 4:18:03 AM org.openqa.selenium.remote.ProtocolHandshake createSession
INFO: Detected dialect: OSS
Starting ChromeDriver 70.0.3538.97 (d035916fe243477005bc95fe2a5778b8f20b6ae1) on port 50584
Only local connections are allowed.
Apr 01, 2019 4:18:21 AM org.openqa.selenium.remote.ProtocolHandshake createSession
INFO: Detected dialect: OSS
Starting ChromeDriver 70.0.3538.97 (d035916fe243477005bc95fe2a5778b8f20b6ae1) on port 51505
Only local connections are allowed.
Apr 01, 2019 4:18:39 AM org.openqa.selenium.remote.ProtocolHandshake createSession
INFO: Detected dialect: OSS
Starting ChromeDriver 70.0.3538.97 (d035916fe243477005bc95fe2a5778b8f20b6ae1) on port 36981
Only local connections are allowed.
Apr 01, 2019 4:18:59 AM org.openqa.selenium.remote.ProtocolHandshake createSession
INFO: Detected dialect: OSS
Starting ChromeDriver 70.0.3538.97 (d035916fe243477005bc95fe2a5778b8f20b6ae1) on port 58120
Only local connections are allowed.
Apr 01, 2019 4:19:18 AM org.openqa.selenium.remote.ProtocolHandshake createSession
INFO: Detected dialect: OSS
Starting ChromeDriver 70.0.3538.97 (d035916fe243477005bc95fe2a5778b8f20b6ae1) on port 64489
Only local connections are allowed.
Apr 01, 2019 4:19:36 AM org.openqa.selenium.remote.ProtocolHandshake createSession
INFO: Detected dialect: OSS
Starting ChromeDriver 70.0.3538.97 (d035916fe243477005bc95fe2a5778b8f20b6ae1) on port 14102
Only local connections are allowed.
Apr 01, 2019 4:20:00 AM org.openqa.selenium.remote.ProtocolHandshake createSession
INFO: Detected dialect: OSS
Starting ChromeDriver 70.0.3538.97 (d035916fe243477005bc95fe2a5778b8f20b6ae1) on port 40673
Only local connections are allowed.
Apr 01, 2019 4:20:19 AM org.openqa.selenium.remote.ProtocolHandshake createSession
INFO: Detected dialect: OSS
Starting ChromeDriver 70.0.3538.97 (d035916fe243477005bc95fe2a5778b8f20b6ae1) on port 26854
Only local connections are allowed.
Apr 01, 2019 4:20:38 AM org.openqa.selenium.remote.ProtocolHandshake createSession
INFO: Detected dialect: OSS
Starting ChromeDriver 70.0.3538.97 (d035916fe243477005bc95fe2a5778b8f20b6ae1) on port 6491
Only local connections are allowed.
Apr 01, 2019 4:20:57 AM org.openqa.selenium.remote.ProtocolHandshake createSession
INFO: Detected dialect: OSS
Starting ChromeDriver 70.0.3538.97 (d035916fe243477005bc95fe2a5778b8f20b6ae1) on port 5763
Only local connections are allowed.
Apr 01, 2019 4:21:17 AM org.openqa.selenium.remote.ProtocolHandshake createSession
INFO: Detected dialect: OSS
Starting ChromeDriver 70.0.3538.97 (d035916fe243477005bc95fe2a5778b8f20b6ae1) on port 21432
Only local connections are allowed.
Apr 01, 2019 4:21:51 AM org.openqa.selenium.remote.ProtocolHandshake createSession
INFO: Detected dialect: OSS
Starting ChromeDriver 70.0.3538.97 (d035916fe243477005bc95fe2a5778b8f20b6ae1) on port 40768
Only local connections are allowed.
Apr 01, 2019 4:22:10 AM org.openqa.selenium.remote.ProtocolHandshake createSession
INFO: Detected dialect: OSS
Starting ChromeDriver 70.0.3538.97 (d035916fe243477005bc95fe2a5778b8f20b6ae1) on port 28711
Only local connections are allowed.
Apr 01, 2019 4:22:34 AM org.openqa.selenium.remote.ProtocolHandshake createSession
INFO: Detected dialect: OSS
Starting ChromeDriver 70.0.3538.97 (d035916fe243477005bc95fe2a5778b8f20b6ae1) on port 27058
Only local connections are allowed.
Apr 01, 2019 4:23:09 AM org.openqa.selenium.remote.ProtocolHandshake createSession
INFO: Detected dialect: OSS
Starting ChromeDriver 70.0.3538.97 (d035916fe243477005bc95fe2a5778b8f20b6ae1) on port 37652
Only local connections are allowed.
Apr 01, 2019 4:23:29 AM org.openqa.selenium.remote.ProtocolHandshake createSession
INFO: Detected dialect: OSS
Starting ChromeDriver 70.0.3538.97 (d035916fe243477005bc95fe2a5778b8f20b6ae1) on port 25754
Only local connections are allowed.
Apr 01, 2019 4:23:48 AM org.openqa.selenium.remote.ProtocolHandshake createSession
INFO: Detected dialect: OSS
Starting ChromeDriver 70.0.3538.97 (d035916fe243477005bc95fe2a5778b8f20b6ae1) on port 9236
Only local connections are allowed.
Apr 01, 2019 4:24:06 AM org.openqa.selenium.remote.ProtocolHandshake createSession
INFO: Detected dialect: OSS
</system-err>
  </testcase>
</testsuite>