<?xml version="1.0" encoding="UTF-8"?>
<!-- Generated by org.testng.reporters.JUnitReportReporter -->
<testsuite skipped="0" hostname="DESKTOP-TLB2RI3" name="GET.GettingHeader" tests="1" failures="0" timestamp="30 Dec 2020 11:54:55 GMT" time="4.980" errors="0">
  <testcase name="getAllHeadersValue" time="4.980" classname="GET.GettingHeader"/>
</testsuite> <!-- GET.GettingHeader -->
