<?xml version="1.0" encoding="UTF-8"?>
<!-- Generated by org.testng.reporters.JUnitReportReporter -->
<testsuite skipped="0" hostname="DESKTOP-TLB2RI3" name="POST.ReqResPostAPI" tests="1" failures="0" timestamp="03 Jan 2021 16:18:00 GMT" time="4.388" errors="0">
  <testcase name="reqResPost" time="4.388" classname="POST.ReqResPostAPI"/>
</testsuite> <!-- POST.ReqResPostAPI -->
