<?xml version="1.0" encoding="UTF-8"?>
<!-- Generated by org.testng.reporters.JUnitReportReporter -->
<testsuite skipped="0" hostname="DESKTOP-TLB2RI3" name="GET.QueryParam" tests="1" failures="0" timestamp="28 Dec 2020 07:21:29 GMT" time="4.344" errors="0">
  <testcase name="queryParam" time="4.344" classname="GET.QueryParam"/>
</testsuite> <!-- GET.QueryParam -->
