<?xml version="1.0" encoding="UTF-8"?>
<!-- Generated by org.testng.reporters.JUnitReportReporter -->
<testsuite skipped="0" hostname="DESKTOP-TLB2RI3" name="APITesting.WeatherGetRequest" tests="1" failures="0" timestamp="27 Dec 2020 10:47:00 GMT" time="6.068" errors="0">
  <testcase name="getWeatherRequest" time="6.068" classname="APITesting.WeatherGetRequest"/>
</testsuite> <!-- APITesting.WeatherGetRequest -->
