<?xml version="1.0" encoding="UTF-8"?>
<!-- Generated by org.testng.reporters.JUnitReportReporter -->
<testsuite skipped="0" hostname="DESKTOP-TLB2RI3" name="GET.QueryParam" tests="1" failures="0" timestamp="03 Jan 2021 18:19:07 GMT" time="6.254" errors="0">
  <testcase name="queryParam" time="6.254" classname="GET.QueryParam"/>
</testsuite> <!-- GET.QueryParam -->
