<?xml version="1.0" encoding="UTF-8"?>
<!-- Generated by org.testng.reporters.JUnitReportReporter -->
<testsuite skipped="0" hostname="DESKTOP-TLB2RI3" name="GET.ReadJSONResponseBody" tests="1" failures="0" timestamp="30 Dec 2020 14:47:33 GMT" time="8.432" errors="0">
  <testcase name="readJSONResponseBody" time="8.432" classname="GET.ReadJSONResponseBody"/>
</testsuite> <!-- GET.ReadJSONResponseBody -->
