<?xml version="1.0" encoding="UTF-8"?>
<!-- Generated by org.testng.reporters.JUnitReportReporter -->
<testsuite skipped="0" hostname="DESKTOP-TLB2RI3" name="POST.FaceBlurPost" tests="1" failures="0" timestamp="03 Jan 2021 16:00:18 GMT" time="4.433" errors="0">
  <testcase name="faceBlur" time="4.433" classname="POST.FaceBlurPost"/>
</testsuite> <!-- POST.FaceBlurPost -->
