<?xml version="1.0" encoding="UTF-8"?>
<!-- Generated by org.testng.reporters.JUnitReportReporter -->
<testsuite skipped="0" hostname="DESKTOP-TLB2RI3" name="GET.GetSportsAPI" tests="1" failures="0" timestamp="03 Jan 2021 18:15:34 GMT" time="4.718" errors="0">
  <testcase name="getSportsAPI" time="4.718" classname="GET.GetSportsAPI"/>
</testsuite> <!-- GET.GetSportsAPI -->
