<?xml version="1.0" encoding="UTF-8"?>
<!-- Generated by org.testng.reporters.JUnitReportReporter -->
<testsuite skipped="0" hostname="DESKTOP-TLB2RI3" name="POST.VehicleCategoryRegistration" tests="1" failures="0" timestamp="03 Jan 2021 15:52:25 GMT" time="4.597" errors="0">
  <testcase name="postAPI" time="4.597" classname="POST.VehicleCategoryRegistration"/>
</testsuite> <!-- POST.VehicleCategoryRegistration -->
