<?xml version="1.0" encoding="UTF-8"?>
<!-- Generated by org.testng.reporters.JUnitReportReporter -->
<testsuite skipped="0" hostname="DESKTOP-TLB2RI3" name="POST.RegisterAPI" tests="1" failures="0" timestamp="03 Jan 2021 16:34:22 GMT" time="4.792" errors="0">
  <testcase name="registerAPI" time="4.792" classname="POST.RegisterAPI"/>
</testsuite> <!-- POST.RegisterAPI -->
