<?xml version="1.0" encoding="UTF-8"?>
<!-- Generated by org.testng.reporters.JUnitReportReporter -->
<testsuite skipped="0" hostname="DESKTOP-TLB2RI3" name="POST.LoginPostApi" tests="1" failures="0" timestamp="03 Jan 2021 17:51:59 GMT" time="4.757" errors="0">
  <testcase name="loginPostAPI" time="4.757" classname="POST.LoginPostApi"/>
</testsuite> <!-- POST.LoginPostApi -->
