<?xml version="1.0" encoding="UTF-8"?>
<!-- Generated by org.testng.reporters.JUnitReportReporter -->
<testsuite skipped="0" hostname="DESKTOP-TLB2RI3" name="GET.GetCovidAPI" tests="1" failures="0" timestamp="30 Dec 2020 11:30:32 GMT" time="4.987" errors="0">
  <testcase name="getCovidAPI" time="4.987" classname="GET.GetCovidAPI"/>
</testsuite> <!-- GET.GetCovidAPI -->
