<?xml version="1.0" encoding="UTF-8"?>
<!-- Generated by org.testng.reporters.JUnitReportReporter -->
<testsuite skipped="0" hostname="DESKTOP-TLB2RI3" name="APITesting.PutRequest" tests="1" failures="0" timestamp="27 Dec 2020 09:54:20 GMT" time="6.167" errors="0">
  <testcase name="putRequest" time="6.167" classname="APITesting.PutRequest"/>
</testsuite> <!-- APITesting.PutRequest -->
