<?xml version="1.0" encoding="UTF-8"?>
<!-- Generated by org.testng.reporters.JUnitReportReporter -->
<testsuite skipped="0" hostname="DESKTOP-TLB2RI3" name="APITesting.GetRequest" tests="1" failures="0" timestamp="27 Dec 2020 09:32:40 GMT" time="9.740" errors="0">
  <testcase name="getWeatherDetails" time="9.740" classname="APITesting.GetRequest"/>
</testsuite> <!-- APITesting.GetRequest -->
