<?xml version="1.0" encoding="UTF-8"?>
<!-- Generated by org.testng.reporters.JUnitReportReporter -->
<testsuite skipped="0" hostname="DESKTOP-TLB2RI3" name="GET.ValidateResponseBodyContainingSomeString" tests="1" failures="0" timestamp="28 Dec 2020 08:10:05 GMT" time="4.793" errors="0">
  <testcase name="validateResponseBodyContainSomeString" time="4.793" classname="GET.ValidateResponseBodyContainingSomeString"/>
</testsuite> <!-- GET.ValidateResponseBodyContainingSomeString -->
