<?xml version="1.0" encoding="UTF-8"?>
<!-- Generated by org.testng.reporters.JUnitReportReporter -->
<testsuite skipped="0" hostname="DESKTOP-TLB2RI3" name="POST.MissingPassword" tests="1" failures="0" timestamp="03 Jan 2021 17:33:21 GMT" time="4.146" errors="0">
  <testcase name="missingPassword" time="4.146" classname="POST.MissingPassword"/>
</testsuite> <!-- POST.MissingPassword -->
