<?xml version="1.0" encoding="UTF-8"?>
<!-- Generated by org.testng.reporters.JUnitReportReporter -->
<testsuite skipped="0" hostname="DESKTOP-TLB2RI3" name="GET.GetSportsAPI" tests="1" failures="0" timestamp="30 Dec 2020 19:20:03 GMT" time="5.303" errors="0">
  <testcase name="getSportsAPI" time="5.303" classname="GET.GetSportsAPI"/>
</testsuite> <!-- GET.GetSportsAPI -->
