<?xml version="1.0" encoding="UTF-8"?>
<!-- Generated by org.testng.reporters.JUnitReportReporter -->
<testsuite hostname="tr100testts01" name="telia.testautomation.New.Sprint3_Temporary_contact_XDSLPart2" tests="1" failures="0" timestamp="11 Mar 2019 15:51:21 GMT" time="65.859" errors="0">
  <testcase name="TC_002_XDSL527_Temporary_contact_in_XDSL_orders_Part2" time="65.859" classname="telia.testautomation.New.Sprint3_Temporary_contact_XDSLPart2"/>
</testsuite> <!-- telia.testautomation.New.Sprint3_Temporary_contact_XDSLPart2 -->
