<?xml version="1.0" encoding="UTF-8"?>
<!-- Generated by org.testng.reporters.JUnitReportReporter -->
<testsuite hostname="tr100testts01" name="telia.testautomation.New.NewSprint3" tests="3" failures="0" timestamp="10 Mar 2019 06:47:08 GMT" time="288.093" errors="0">
  <testcase name="TC_001_xDSL_New_Broadband_ADSL" time="107.036" classname="telia.testautomation.New.NewSprint3"/>
  <testcase name="TC_002_xDSL_New_Broadband_VDSL" time="4.335" classname="telia.testautomation.New.NewSprint3"/>
  <testcase name="TC_003_xDSL_New_BroadbandandVOIP_ADSL" time="176.722" classname="telia.testautomation.New.NewSprint3"/>
</testsuite> <!-- telia.testautomation.New.NewSprint3 -->
