<?xml version="1.0" encoding="UTF-8"?>
<!-- Generated by org.testng.reporters.JUnitReportReporter -->
<testsuite hostname="LIN83000567" name="telia.testautomation.New.NewBroadbandforExistingIPTVCustomer" tests="2" failures="0" timestamp="28 Feb 2019 06:18:31 GMT" time="152.551" errors="0">
  <testcase name="SDU_Add_a_new_VAS_to_existing_Broadband" time="68.101" classname="telia.testautomation.New.NewBroadbandforExistingIPTVCustomer"/>
  <testcase name="SDU_New_IPTV_for_existing_Broadband_customer" time="84.450" classname="telia.testautomation.New.NewBroadbandforExistingIPTVCustomer"/>
</testsuite> <!-- telia.testautomation.New.NewBroadbandforExistingIPTVCustomer -->
