<?xml version="1.0" encoding="UTF-8"?>
<!-- Generated by org.testng.reporters.JUnitReportReporter -->
<testsuite hostname="DIN80001418" name="telia.testautomation.regression.Disconnect_Service" tests="1" failures="0" timestamp="13 Feb 2019 10:33:22 GMT" time="101.598" errors="0">
  <testcase name="TC_001_Disconnect_Broadband_Service" time="101.598" classname="telia.testautomation.regression.Disconnect_Service"/>
</testsuite> <!-- telia.testautomation.regression.Disconnect_Service -->
