<?xml version="1.0" encoding="UTF-8"?>
<!-- Generated by org.testng.reporters.JUnitReportReporter -->
<testsuite hostname="tr100testts01" name="telia.testautomation.move.XDSL_MoveWithinPlatform" tests="1" failures="0" timestamp="10 Mar 2019 08:26:18 GMT" time="106.984" errors="0">
  <testcase name="XDSL_Move_BB_VoIP_IPTV_on_VDSL_Platform" time="106.984" classname="telia.testautomation.move.XDSL_MoveWithinPlatform"/>
</testsuite> <!-- telia.testautomation.move.XDSL_MoveWithinPlatform -->
