<?xml version="1.0" encoding="UTF-8"?>
<!-- Generated by org.testng.reporters.JUnitReportReporter -->
<testsuite hostname="tr100testts01" name="telia.testautomation.New.NewSprint4" tests="1" failures="0" timestamp="25 Mar 2019 11:21:53 GMT" time="259.366" errors="0">
  <testcase name="TC_006_MDU_New_IpTV_Upgraded" time="259.366" classname="telia.testautomation.New.NewSprint4"/>
</testsuite> <!-- telia.testautomation.New.NewSprint4 -->
