<?xml version="1.0" encoding="UTF-8"?>
<!-- Generated by org.testng.reporters.JUnitReportReporter -->
<testsuite hostname="tr100testts01" name="telia.testautomation.move.Sprint3_XDSL_MoveWithinPlatform" tests="1" failures="0" timestamp="18 Mar 2019 19:05:40 GMT" time="206.917" errors="0">
  <testcase name="XDSL_Move_BB_VoIP_IPTV_on_VDSL_Platform" time="206.917" classname="telia.testautomation.move.Sprint3_XDSL_MoveWithinPlatform"/>
</testsuite> <!-- telia.testautomation.move.Sprint3_XDSL_MoveWithinPlatform -->
