<?xml version="1.0" encoding="UTF-8"?>
<!-- Generated by org.testng.reporters.JUnitReportReporter -->
<testsuite hostname="tr100testts01" name="telia.testautomation.Revise.SDU_Revise" tests="3" failures="0" timestamp="10 Mar 2019 10:35:19 GMT" time="153.256" errors="0">
  <testcase name="SDU_NewIPTV_Revise" time="96.840" classname="telia.testautomation.Revise.SDU_Revise"/>
  <testcase name="SDU_New_Broadband_Revise" time="30.034" classname="telia.testautomation.Revise.SDU_Revise"/>
  <testcase name="SDU_VAS_Revise" time="26.382" classname="telia.testautomation.Revise.SDU_Revise"/>
</testsuite> <!-- telia.testautomation.Revise.SDU_Revise -->
