<?xml version="1.0" encoding="UTF-8"?>
<!-- Generated by org.testng.reporters.JUnitReportReporter -->
<testsuite hostname="tr100testts01" name="telia.testautomation.move.Sprint5_MDU_MoveMDUtoSDU" tests="1" failures="0" timestamp="28 Mar 2019 18:44:51 GMT" time="202.106" errors="0">
  <testcase name="MDU_Move_Upgrade_Promotion_to_SDU_Same_Aria" time="202.106" classname="telia.testautomation.move.Sprint5_MDU_MoveMDUtoSDU"/>
</testsuite> <!-- telia.testautomation.move.Sprint5_MDU_MoveMDUtoSDU -->
