<?xml version="1.0" encoding="UTF-8"?>
<!-- Generated by org.testng.reporters.JUnitReportReporter -->
<testsuite hostname="DIN80001418" name="telia.testautomation.regression.Demo_Test1" tests="1" failures="0" timestamp="12 Feb 2019 14:15:47 GMT" time="7.644" errors="0">
  <testcase name="Demo_Test1" time="7.644" classname="telia.testautomation.regression.Demo_Test1"/>
</testsuite> <!-- telia.testautomation.regression.Demo_Test1 -->
