<?xml version="1.0" encoding="UTF-8"?>
<!-- Generated by org.testng.reporters.JUnitReportReporter -->
<testsuite hostname="LIN80016124" name="telia.testautomation.disconnectServices.Disconnect_Service" tests="1" failures="0" timestamp="25 Feb 2019 09:36:13 GMT" time="173.025" errors="0">
  <testcase name="TC_007_XDSL_68_Handle_Disconnectreasons_for_xDSL_Disconnect_orders" time="173.025" classname="telia.testautomation.disconnectServices.Disconnect_Service"/>
</testsuite> <!-- telia.testautomation.disconnectServices.Disconnect_Service -->
