<?xml version="1.0" encoding="UTF-8"?>
<!-- Generated by org.testng.reporters.JUnitReportReporter -->
<testsuite hostname="tr100testts01" name="telia.testautomation.Transfer.Sprint4_Transfer" tests="1" failures="0" timestamp="28 Mar 2019 09:54:08 GMT" time="183.976" errors="0">
  <testcase name="SDU_Transfer_SDU" time="183.976" classname="telia.testautomation.Transfer.Sprint4_Transfer"/>
</testsuite> <!-- telia.testautomation.Transfer.Sprint4_Transfer -->
