<?xml version="1.0" encoding="UTF-8"?>
<!-- Generated by org.testng.reporters.JUnitReportReporter -->
<testsuite hostname="tr100testts01" name="telia.testautomation.New.Sprint4_New" tests="2" failures="0" timestamp="21 Mar 2019 15:48:41 GMT" time="381.515" errors="0">
  <testcase name="TC_01_MDU_New_Broadband_Bulk" time="187.618" classname="telia.testautomation.New.Sprint4_New"/>
  <testcase name="TC_02_MDU_New_Broadband_Bulk_Upgraded" time="193.897" classname="telia.testautomation.New.Sprint4_New"/>
</testsuite> <!-- telia.testautomation.New.Sprint4_New -->
