<?xml version="1.0" encoding="UTF-8"?>
<!-- Generated by org.testng.reporters.JUnitReportReporter -->
<testsuite hostname="tr100testts01" name="telia.testautomation.New.Temporary_contact_XDSL" tests="1" failures="0" timestamp="10 Mar 2019 07:50:00 GMT" time="131.140" errors="0">
  <testcase name="TC_001_XDSL527_Temporary_contact_in_XDSL_orders_Part1" time="131.140" classname="telia.testautomation.New.Temporary_contact_XDSL"/>
</testsuite> <!-- telia.testautomation.New.Temporary_contact_XDSL -->
