<?xml version="1.0" encoding="UTF-8"?>
<!-- Generated by org.testng.reporters.JUnitReportReporter -->
<testsuite hostname="LIN83000567" name="telia.testautomation.Modify.ModifyPage" tests="1" failures="0" timestamp="28 Feb 2019 09:27:45 GMT" time="61.194" errors="0">
  <testcase name="TC_003_modify" time="61.194" classname="telia.testautomation.Modify.ModifyPage"/>
</testsuite> <!-- telia.testautomation.Modify.ModifyPage -->
