<?xml version="1.0" encoding="UTF-8"?>
<!-- Generated by org.testng.reporters.JUnitReportReporter -->
<testsuite hostname="LIN83000567" name="telia.testautomation.suspendresume.Suspend_Service" tests="1" failures="0" timestamp="27 Feb 2019 11:01:04 GMT" time="86.241" errors="0">
  <testcase name="TC_001_xDSL_Suspend_Abuse_ADSL" time="86.241" classname="telia.testautomation.suspendresume.Suspend_Service"/>
</testsuite> <!-- telia.testautomation.suspendresume.Suspend_Service -->
