<?xml version="1.0" encoding="UTF-8"?>
<!-- Generated by org.testng.reporters.JUnitReportReporter -->
<testsuite hostname="tr100testts01" name="telia.testautomation.move.Move" tests="1" failures="0" timestamp="21 Mar 2019 22:32:54 GMT" time="21.259" errors="0">
  <testcase name="XDSL_1172_Move_BB_IPTV_with_new_TV_package" time="21.259" classname="telia.testautomation.move.Move"/>
</testsuite> <!-- telia.testautomation.move.Move -->
