<?xml version="1.0" encoding="UTF-8"?>
<!-- Generated by org.testng.reporters.JUnitReportReporter -->
<testsuite hostname="tr100testts01" name="telia.testautomation.Revise.Xdsl_Revise" tests="1" failures="0" timestamp="10 Mar 2019 10:38:27 GMT" time="72.009" errors="0">
  <testcase name="xDSL_Revise_Disconnect" time="72.009" classname="telia.testautomation.Revise.Xdsl_Revise"/>
</testsuite> <!-- telia.testautomation.Revise.Xdsl_Revise -->
