<?xml version="1.0" encoding="UTF-8"?>
<!-- Generated by org.testng.reporters.JUnitReportReporter -->
<testsuite hostname="tr100testts01" name="telia.testautomation.Modify.ModifySprint5" tests="6" failures="0" timestamp="29 Mar 2019 14:42:46 GMT" time="420.233" errors="0">
  <testcase name="TC_004_SDU_ModifyBB_Downgrade" time="69.440" classname="telia.testautomation.Modify.ModifySprint5"/>
  <testcase name="TC_005_SDU_ModifyIpTV_Upgrade" time="67.114" classname="telia.testautomation.Modify.ModifySprint5"/>
  <testcase name="TC_003_SDU_ModifyBB_Upgrade" time="72.566" classname="telia.testautomation.Modify.ModifySprint5"/>
  <testcase name="TC_001_xDSL_Modify_BB_Upgrade_ADSL" time="75.540" classname="telia.testautomation.Modify.ModifySprint5"/>
  <testcase name="TC_006_SDU_ModifyIpTV_Downgrade" time="65.913" classname="telia.testautomation.Modify.ModifySprint5"/>
  <testcase name="TC_002_xDSL_Modify_BB_Downgrade_VDSL" time="69.660" classname="telia.testautomation.Modify.ModifySprint5"/>
</testsuite> <!-- telia.testautomation.Modify.ModifySprint5 -->
