<?xml version="1.0" encoding="UTF-8"?>
<!-- Generated by org.testng.reporters.JUnitReportReporter -->
<testsuite hostname="tr100testts01" name="telia.testautomation.New.Sprint2_NewBroadbandforExistingIPTVCustomer" tests="3" failures="0" timestamp="14 Mar 2019 15:19:56 GMT" time="369.568" errors="0">
  <testcase name="SDU_New_IPTV_for_existing_Broadband_customer" time="121.965" classname="telia.testautomation.New.Sprint2_NewBroadbandforExistingIPTVCustomer"/>
  <testcase name="SDU_Add_a_new_VAS_to_existing_Broadband" time="117.545" classname="telia.testautomation.New.Sprint2_NewBroadbandforExistingIPTVCustomer"/>
  <testcase name="SDU_New_Broadband_for_existing_IPTV_customer" time="130.058" classname="telia.testautomation.New.Sprint2_NewBroadbandforExistingIPTVCustomer"/>
</testsuite> <!-- telia.testautomation.New.Sprint2_NewBroadbandforExistingIPTVCustomer -->
