<?xml version="1.0" encoding="UTF-8"?>
<!-- Generated by org.testng.reporters.JUnitReportReporter -->
<testsuite hostname="tr100testts01" name="telia.testautomation.New.Sprint4_MDU_New_IPTV" tests="2" failures="0" timestamp="21 Mar 2019 14:01:54 GMT" time="311.560" errors="0">
  <testcase name="MDU_NewIPTVBulk" time="164.251" classname="telia.testautomation.New.Sprint4_MDU_New_IPTV"/>
  <testcase name="MDU_NewIPTVBulk_Upgraded" time="147.309" classname="telia.testautomation.New.Sprint4_MDU_New_IPTV"/>
</testsuite> <!-- telia.testautomation.New.Sprint4_MDU_New_IPTV -->
