<?xml version="1.0" encoding="UTF-8"?>
<!-- Generated by org.testng.reporters.JUnitReportReporter -->
<testsuite hostname="tr100testts01" name="telia.testautomation.Modify.Sprint4_Mohan" tests="1" failures="0" timestamp="18 Mar 2019 17:22:48 GMT" time="109.703" errors="0">
  <testcase name="TC_008_MDU_Modify_Broadband_Upgrade_Bulk" time="109.703" classname="telia.testautomation.Modify.Sprint4_Mohan"/>
</testsuite> <!-- telia.testautomation.Modify.Sprint4_Mohan -->
