<?xml version="1.0" encoding="UTF-8"?>
<!-- Generated by org.testng.reporters.JUnitReportReporter -->
<testsuite hostname="tr100testts01" name="telia.testautomation.addons.fbgenerator" tests="1" failures="0" timestamp="1 Apr 2019 10:31:13 GMT" time="465.864" errors="0">
  <testcase name="fbgenerate" time="465.864" classname="telia.testautomation.addons.fbgenerator"/>
</testsuite> <!-- telia.testautomation.addons.fbgenerator -->
