<?xml version="1.0" encoding="UTF-8"?>
<!-- Generated by org.testng.reporters.JUnitReportReporter -->
<testsuite hostname="tr100testts01" name="telia.testautomation.move.XDSL_MoveADSLtoVDSL" tests="1" failures="0" timestamp="10 Mar 2019 08:22:08 GMT" time="135.735" errors="0">
  <testcase name="XDSL_Move_BB_VoIP_IPTV_with_ADSL_VDSL" time="135.735" classname="telia.testautomation.move.XDSL_MoveADSLtoVDSL"/>
</testsuite> <!-- telia.testautomation.move.XDSL_MoveADSLtoVDSL -->
