<?xml version="1.0" encoding="UTF-8"?>
<!-- Generated by org.testng.reporters.JUnitReportReporter -->
<testsuite hostname="tr100testts01" name="telia.testautomation.Modify.Sprint4_Modify" tests="1" failures="0" timestamp="22 Mar 2019 07:34:44 GMT" time="147.717" errors="0">
  <testcase name="Modify_MDU_ChangeSpeed" time="147.717" classname="telia.testautomation.Modify.Sprint4_Modify"/>
</testsuite> <!-- telia.testautomation.Modify.Sprint4_Modify -->
