<?xml version="1.0" encoding="UTF-8"?>
<!-- Generated by org.testng.reporters.JUnitReportReporter -->
<testsuite hostname="tr100testts01" name="telia.testautomation.disconnectServices.Sprint2_Disconnect_Service" tests="1" failures="0" timestamp="20 Mar 2019 01:26:03 GMT" time="111.478" errors="0">
  <testcase name="TC_007_XDSL_68_Handle_Disconnectreasons_for_xDSL_Disconnect_orders" time="111.478" classname="telia.testautomation.disconnectServices.Sprint2_Disconnect_Service"/>
</testsuite> <!-- telia.testautomation.disconnectServices.Sprint2_Disconnect_Service -->
