<?xml version="1.0" encoding="UTF-8"?>
<!-- Generated by org.testng.reporters.JUnitReportReporter -->
<testsuite hostname="tr100testts01" name="telia.testautomation.Revise.Sprint4_MDURevise" tests="1" failures="0" timestamp="25 Mar 2019 12:46:08 GMT" time="56.992" errors="0">
  <testcase name="Voip_New_Revise" time="56.992" classname="telia.testautomation.Revise.Sprint4_MDURevise"/>
</testsuite> <!-- telia.testautomation.Revise.Sprint4_MDURevise -->
