<?xml version="1.0" encoding="UTF-8"?>
<!-- Generated by org.testng.reporters.JUnitReportReporter -->
<testsuite hostname="tr100testts01" name="telia.testautomation.New.Sprint4_MDUNewBroadbandIPTVBulk" tests="1" failures="0" timestamp="25 Mar 2019 13:27:48 GMT" time="243.830" errors="0">
  <testcase name="MDU_New_Broadband_Upgraded" time="243.830" classname="telia.testautomation.New.Sprint4_MDUNewBroadbandIPTVBulk"/>
</testsuite> <!-- telia.testautomation.New.Sprint4_MDUNewBroadbandIPTVBulk -->
