<?xml version="1.0" encoding="UTF-8"?>
<!-- Generated by org.testng.reporters.JUnitReportReporter -->
<testsuite hostname="tr100testts01" name="telia.testautomation.move.Sprint3_Move" tests="1" failures="0" timestamp="28 Mar 2019 10:41:12 GMT" time="142.756" errors="0">
  <testcase name="XDSL_1172_Move_BB_IPTV_with_new_TV_package" time="142.756" classname="telia.testautomation.move.Sprint3_Move"/>
</testsuite> <!-- telia.testautomation.move.Sprint3_Move -->
