<?xml version="1.0" encoding="UTF-8"?>
<!-- Generated by org.testng.reporters.JUnitReportReporter -->
<testsuite skipped="0" hostname="DESKTOP-TLB2RI3" name="JXL.ReadDataFromExcel" tests="3" failures="0" timestamp="16 Dec 2020 07:47:33 GMT" time="13.660" errors="0">
  <testcase name="verifyMenu" time="5.298" classname="JXL.ReadDataFromExcel"/>
  <testcase name="doSignIn" time="0.899" classname="JXL.ReadDataFromExcel"/>
  <testcase name="clickLogIn" time="7.463" classname="JXL.ReadDataFromExcel"/>
</testsuite> <!-- JXL.ReadDataFromExcel -->
