<?xml version="1.0" encoding="UTF-8"?>
<!-- Generated by org.testng.reporters.JUnitReportReporter -->
<testsuite skipped="0" hostname="DESKTOP-TLB2RI3" name="Action.DragAndDrop" tests="1" failures="0" timestamp="11 Dec 2020 09:22:48 GMT" time="0.365" errors="0">
  <testcase name="f" time="0.365" classname="Action.DragAndDrop"/>
</testsuite> <!-- Action.DragAndDrop -->
