<?xml version="1.0" encoding="UTF-8"?>
<!-- Generated by org.testng.reporters.JUnitReportReporter -->
<testsuite skipped="0" hostname="DESKTOP-TLB2RI3" name="TestNG.TestNGAnnotation" tests="1" failures="0" timestamp="14 Dec 2020 07:26:36 GMT" time="0.011" errors="0">
  <testcase name="f" time="0.011" classname="TestNG.TestNGAnnotation"/>
</testsuite> <!-- TestNG.TestNGAnnotation -->
