<?xml version="1.0" encoding="UTF-8"?>
<!-- Generated by org.testng.reporters.JUnitReportReporter -->
<testsuite skipped="0" hostname="DESKTOP-TLB2RI3" name="ClickRadioButtonAndCheckBox.ClickRadioButton" tests="1" failures="0" timestamp="11 Dec 2020 08:36:17 GMT" time="0.623" errors="0">
  <testcase name="f" time="0.623" classname="ClickRadioButtonAndCheckBox.ClickRadioButton"/>
</testsuite> <!-- ClickRadioButtonAndCheckBox.ClickRadioButton -->
