<?xml version="1.0" encoding="UTF-8"?>
<!-- Generated by org.testng.reporters.JUnitReportReporter -->
<testsuite skipped="0" hostname="DESKTOP-TLB2RI3" name="ABC.VerifyInteger" tests="1" failures="0" timestamp="20 Dec 2020 07:36:32 GMT" time="0.015" errors="0">
  <testcase name="f" time="0.015" classname="ABC.VerifyInteger"/>
</testsuite> <!-- ABC.VerifyInteger -->
