<?xml version="1.0" encoding="UTF-8"?>
<!-- Generated by org.testng.reporters.JUnitReportReporter -->
<testsuite skipped="1" hostname="DESKTOP-TLB2RI3" name="TestNG.SkipTestCases" tests="3" failures="0" timestamp="14 Dec 2020 13:53:45 GMT" time="0.015" errors="0">
  <testcase name="m1" time="0.015" classname="TestNG.SkipTestCases"/>
  <testcase name="m3" time="0.000" classname="TestNG.SkipTestCases"/>
  <testcase name="m2" classname="TestNG.SkipTestCases">
    <skipped/>
  </testcase> <!-- m2 -->
</testsuite> <!-- TestNG.SkipTestCases -->
