<?xml version="1.0" encoding="UTF-8"?>
<!-- Generated by org.testng.reporters.JUnitReportReporter -->
<testsuite skipped="0" hostname="DESKTOP-TLB2RI3" name="TestNG.Priority" tests="3" failures="0" timestamp="14 Dec 2020 06:03:44 GMT" time="0.027" errors="0">
  <testcase name="m1" time="0.019" classname="TestNG.Priority"/>
  <testcase name="m3" time="0.008" classname="TestNG.Priority"/>
  <testcase name="m2" time="0.000" classname="TestNG.Priority"/>
</testsuite> <!-- TestNG.Priority -->
