<?xml version="1.0" encoding="UTF-8"?>
<!-- Generated by org.testng.reporters.JUnitReportReporter -->
<testsuite skipped="0" hostname="DESKTOP-TLB2RI3" name="ABC.VerifyName" tests="1" failures="0" timestamp="20 Dec 2020 07:33:35 GMT" time="0.020" errors="0">
  <testcase name="f" time="0.020" classname="ABC.VerifyName"/>
</testsuite> <!-- ABC.VerifyName -->
