<?xml version="1.0" encoding="UTF-8"?>
<!-- Generated by org.testng.reporters.JUnitReportReporter -->
<testsuite skipped="0" hostname="DESKTOP-TLB2RI3" name="SelectValueFromDropdown.SelectValueFromDropdown" tests="1" failures="0" timestamp="11 Dec 2020 08:53:25 GMT" time="7.339" errors="0">
  <testcase name="f" time="7.339" classname="SelectValueFromDropdown.SelectValueFromDropdown"/>
</testsuite> <!-- SelectValueFromDropdown.SelectValueFromDropdown -->
