<?xml version="1.0" encoding="UTF-8"?>
<!-- Generated by org.testng.reporters.JUnitReportReporter -->
<testsuite skipped="0" hostname="DESKTOP-TLB2RI3" name="BrokenLinks.FindBrokenLinksInAnotherWay" tests="1" failures="0" timestamp="14 Dec 2020 05:55:56 GMT" time="47.447" errors="0">
  <testcase name="f" time="47.447" classname="BrokenLinks.FindBrokenLinksInAnotherWay"/>
</testsuite> <!-- BrokenLinks.FindBrokenLinksInAnotherWay -->
