<?xml version="1.0" encoding="UTF-8"?>
<!-- Generated by org.testng.reporters.JUnitReportReporter -->
<testsuite skipped="0" hostname="DESKTOP-TLB2RI3" name="BrokenLinks.BrokenLinks" tests="1" failures="0" timestamp="11 Dec 2020 17:48:16 GMT" time="323.729" errors="0">
  <testcase name="f" time="323.729" classname="BrokenLinks.BrokenLinks"/>
</testsuite> <!-- BrokenLinks.BrokenLinks -->
