<?xml version="1.0" encoding="UTF-8"?>
<!-- Generated by org.testng.reporters.JUnitReportReporter -->
<testsuite skipped="0" hostname="DESKTOP-TLB2RI3" name="WebTable.HandleWebTable" tests="1" failures="0" timestamp="14 Dec 2020 14:09:37 GMT" time="0.080" errors="0">
  <testcase name="handleWebTable" time="0.080" classname="WebTable.HandleWebTable"/>
</testsuite> <!-- WebTable.HandleWebTable -->
