<?xml version="1.0" encoding="UTF-8"?>
<!-- Generated by org.testng.reporters.JUnitReportReporter -->
<testsuite skipped="0" hostname="DESKTOP-TLB2RI3" name="TestNG.TestNGDependency" tests="3" failures="0" timestamp="14 Dec 2020 13:50:50 GMT" time="11.196" errors="0">
  <testcase name="doSignIn" time="0.995" classname="TestNG.TestNGDependency"/>
  <testcase name="clickLogIn" time="6.606" classname="TestNG.TestNGDependency"/>
  <testcase name="doLogout" time="3.595" classname="TestNG.TestNGDependency"/>
</testsuite> <!-- TestNG.TestNGDependency -->
