<?xml version="1.0" encoding="UTF-8"?>
<!-- Generated by org.testng.reporters.JUnitReportReporter -->
<testsuite skipped="0" hostname="DESKTOP-TLB2RI3" name="Action.RightClick" tests="1" failures="0" timestamp="11 Dec 2020 09:54:13 GMT" time="0.419" errors="0">
  <testcase name="f" time="0.419" classname="Action.RightClick"/>
</testsuite> <!-- Action.RightClick -->
