<?xml version="1.0" encoding="UTF-8"?>
<!-- Generated by org.testng.reporters.JUnitReportReporter -->
<testsuite skipped="0" hostname="DESKTOP-TLB2RI3" name="AllLinks.PrintallLinks" tests="1" failures="0" timestamp="11 Dec 2020 15:56:07 GMT" time="12.829" errors="0">
  <testcase name="f" time="12.829" classname="AllLinks.PrintallLinks"/>
</testsuite> <!-- AllLinks.PrintallLinks -->
