<?xml version="1.0" encoding="UTF-8"?>
<!-- Generated by org.testng.reporters.JUnitReportReporter -->
<testsuite skipped="0" hostname="DESKTOP-TLB2RI3" name="TestNG.SupplyingData" tests="3" failures="0" timestamp="14 Dec 2020 07:43:50 GMT" time="1.425" errors="0">
  <testcase name="f" time="0.384" classname="TestNG.SupplyingData"/>
  <testcase name="f" time="0.636" classname="TestNG.SupplyingData"/>
  <testcase name="f" time="0.405" classname="TestNG.SupplyingData"/>
</testsuite> <!-- TestNG.SupplyingData -->
